08:45:50:496  WARN 19372 --- [main] c.a.nacos.client.logging.NacosLogging    : Load Logback Configuration of Nacos fail, message: Could not initialize Logback Nacos logging from classpath:nacos-logback.xml
08:45:50:560  WARN 19372 --- [main] c.a.nacos.client.logging.NacosLogging    : Load Logback Configuration of Nacos fail, message: Could not initialize Logback Nacos logging from classpath:nacos-logback.xml
08:45:50:568  INFO 19372 --- [main] com.example.film.FilmApplication         : Starting FilmApplication using Java 21.0.1 with PID 19372 (E:\ticketManage\film-service\target\classes started by 19073 in E:\ticketManage)
08:45:50:568 DEBUG 19372 --- [main] com.example.film.FilmApplication         : Running with Spring Boot v3.0.2, Spring v6.0.4
08:45:50:569  INFO 19372 --- [main] com.example.film.FilmApplication         : No active profile set, falling back to 1 default profile: "default"
08:45:51:778  INFO 19372 --- [main] o.s.cloud.context.scope.GenericScope     : BeanFactory id=c4c42f51-68ce-37f3-a9af-1613eaf05f62
08:45:52:579  INFO 19372 --- [main] o.s.b.w.embedded.tomcat.TomcatWebServer  : Tomcat initialized with port(s): 8084 (http)
08:45:52:612  INFO 19372 --- [main] o.apache.catalina.core.StandardService   : Starting service [Tomcat]
08:45:52:613  INFO 19372 --- [main] o.apache.catalina.core.StandardEngine    : Starting Servlet engine: [Apache Tomcat/10.1.5]
08:45:52:721  INFO 19372 --- [main] o.a.c.c.C.[Tomcat].[localhost].[/]       : Initializing Spring embedded WebApplicationContext
08:45:52:722  INFO 19372 --- [main] w.s.c.ServletWebServerApplicationContext : Root WebApplicationContext: initialization completed in 2085 ms
08:45:54:473  INFO 19372 --- [main] o.s.b.w.embedded.tomcat.TomcatWebServer  : Tomcat started on port(s): 8084 (http) with context path ''
08:45:54:483  WARN 19372 --- [main] c.a.nacos.client.logging.NacosLogging    : Load Logback Configuration of Nacos fail, message: Could not initialize Logback Nacos logging from classpath:nacos-logback.xml
08:45:54:483  INFO 19372 --- [main] com.alibaba.nacos.client.naming          : initializer namespace from ans.namespace attribute : null
08:45:54:485  INFO 19372 --- [main] com.alibaba.nacos.client.naming          : initializer namespace from ALIBABA_ALIWARE_NAMESPACE attribute :null
08:45:54:486  INFO 19372 --- [main] com.alibaba.nacos.client.naming          : initializer namespace from namespace attribute :null
08:45:54:509  INFO 19372 --- [main] c.alibaba.nacos.client.utils.ParamUtil   : [settings] [req-serv] nacos-server port:8848
08:45:54:509  INFO 19372 --- [main] c.alibaba.nacos.client.utils.ParamUtil   : [settings] [http-client] connect timeout:1000
08:45:54:510  INFO 19372 --- [main] c.alibaba.nacos.client.utils.ParamUtil   : PER_TASK_CONFIG_SIZE: 3000.0
08:45:54:514  INFO 19372 --- [main] c.a.n.p.a.s.c.ClientAuthPluginManager    : [ClientAuthPluginManager] Load ClientAuthService com.alibaba.nacos.client.auth.impl.NacosClientAuthServiceImpl success.
08:45:54:514  INFO 19372 --- [main] c.a.n.p.a.s.c.ClientAuthPluginManager    : [ClientAuthPluginManager] Load ClientAuthService com.alibaba.nacos.client.auth.ram.RamClientAuthServiceImpl success.
08:45:54:517  INFO 19372 --- [main] c.a.n.c.a.r.identify.CredentialWatcher   : null No credential found
08:45:54:524  INFO 19372 --- [main] com.alibaba.nacos.common.remote.client   : [RpcClientFactory] create a new rpc client of 08545e08-b43c-4fa1-83ed-fb38f5f15402
08:45:54:537  INFO 19372 --- [main] com.alibaba.nacos.common.remote.client   : [08545e08-b43c-4fa1-83ed-fb38f5f15402] RpcClient init, ServerListFactory = com.alibaba.nacos.client.naming.core.ServerListManager
08:45:54:538  INFO 19372 --- [main] com.alibaba.nacos.common.remote.client   : [08545e08-b43c-4fa1-83ed-fb38f5f15402] Registry connection listener to current client:com.alibaba.nacos.client.naming.remote.gprc.redo.NamingGrpcRedoService
08:45:54:538  INFO 19372 --- [main] com.alibaba.nacos.common.remote.client   : [08545e08-b43c-4fa1-83ed-fb38f5f15402] Register server push request handler:com.alibaba.nacos.client.naming.remote.gprc.NamingPushRequestHandler
08:45:54:540  INFO 19372 --- [main] com.alibaba.nacos.common.remote.client   : [08545e08-b43c-4fa1-83ed-fb38f5f15402] Try to connect to server on start up, server: {serverIp = '127.0.0.1', server main port = 8848}
08:45:54:567  INFO 19372 --- [main] c.a.n.c.remote.client.grpc.GrpcClient    : grpc client connection server:127.0.0.1 ip,serverPort:9848,grpcTslConfig:{"sslProvider":"OPENSSL","enableTls":false,"mutualAuthEnable":false,"trustAll":false}
08:45:55:289  INFO 19372 --- [main] com.alibaba.nacos.common.remote.client   : [08545e08-b43c-4fa1-83ed-fb38f5f15402] Success to connect to server [127.0.0.1:8848] on start up, connectionId = 1731631555075_127.0.0.1_52395
08:45:55:290  INFO 19372 --- [com.alibaba.nacos.client.remote.worker] com.alibaba.nacos.common.remote.client   : [08545e08-b43c-4fa1-83ed-fb38f5f15402] Notify connected event to listeners.
08:45:55:290  INFO 19372 --- [main] com.alibaba.nacos.common.remote.client   : [08545e08-b43c-4fa1-83ed-fb38f5f15402] Register server push request handler:com.alibaba.nacos.common.remote.client.RpcClient$ConnectResetRequestHandler
08:45:55:290  INFO 19372 --- [com.alibaba.nacos.client.remote.worker] com.alibaba.nacos.client.naming          : Grpc connection connect
08:45:55:290  INFO 19372 --- [main] com.alibaba.nacos.common.remote.client   : [08545e08-b43c-4fa1-83ed-fb38f5f15402] Register server push request handler:com.alibaba.nacos.common.remote.client.RpcClient$$Lambda/0x000001ea817145d0
08:45:55:291  INFO 19372 --- [main] com.alibaba.nacos.client.naming          : [REGISTER-SERVICE] ticket registering service film-service with instance Instance{instanceId='null', ip='192.168.162.1', port=8084, weight=1.0, healthy=true, enabled=true, ephemeral=true, clusterName='DEFAULT', serviceName='null', metadata={IPv6=null, preserved.register.source=SPRING_CLOUD}}
08:45:55:313  INFO 19372 --- [main] c.a.c.n.registry.NacosServiceRegistry    : nacos registry, DEFAULT_GROUP film-service 192.168.162.1:8084 register finished
08:45:55:325  INFO 19372 --- [main] com.example.film.FilmApplication         : Started FilmApplication in 5.494 seconds (process running for 7.264)
09:43:01:559  WARN 19372 --- [Thread-7] c.a.n.common.http.HttpClientBeanHolder   : [HttpClientBeanHolder] Start destroying common HttpClient
09:43:01:559  WARN 19372 --- [Thread-4] c.a.nacos.common.notify.NotifyCenter     : [NotifyCenter] Start destroying Publisher
09:43:01:562  WARN 19372 --- [Thread-4] c.a.nacos.common.notify.NotifyCenter     : [NotifyCenter] Destruction of the end
09:43:01:563  WARN 19372 --- [Thread-7] c.a.n.common.http.HttpClientBeanHolder   : [HttpClientBeanHolder] Destruction of the end
09:43:01:610  INFO 19372 --- [SpringApplicationShutdownHook] c.a.c.n.registry.NacosServiceRegistry    : De-registering from Nacos Server now...
09:43:01:611  INFO 19372 --- [SpringApplicationShutdownHook] com.alibaba.nacos.client.naming          : [DEREGISTER-SERVICE] ticket deregistering service film-service with instance: Instance{instanceId='null', ip='192.168.162.1', port=8084, weight=1.0, healthy=true, enabled=true, ephemeral=true, clusterName='DEFAULT', serviceName='null', metadata={}}
09:43:01:614  INFO 19372 --- [SpringApplicationShutdownHook] c.a.c.n.registry.NacosServiceRegistry    : De-registration finished.
09:43:01:615  INFO 19372 --- [SpringApplicationShutdownHook] com.alibaba.nacos.client.naming          : com.alibaba.nacos.client.naming.cache.ServiceInfoHolder do shutdown begin
09:43:01:615  INFO 19372 --- [SpringApplicationShutdownHook] com.alibaba.nacos.client.naming          : com.alibaba.nacos.client.naming.backups.FailoverReactor do shutdown begin
09:43:01:616  INFO 19372 --- [SpringApplicationShutdownHook] com.alibaba.nacos.client.naming          : com.alibaba.nacos.client.naming.backups.FailoverReactor do shutdown stop
09:43:01:616  INFO 19372 --- [SpringApplicationShutdownHook] com.alibaba.nacos.client.naming          : com.alibaba.nacos.client.naming.cache.ServiceInfoHolder do shutdown stop
09:43:01:616  INFO 19372 --- [SpringApplicationShutdownHook] com.alibaba.nacos.client.naming          : com.alibaba.nacos.client.naming.remote.NamingClientProxyDelegate do shutdown begin
09:43:01:616  INFO 19372 --- [SpringApplicationShutdownHook] com.alibaba.nacos.client.naming          : com.alibaba.nacos.client.naming.core.ServiceInfoUpdateService do shutdown begin
09:43:01:616  INFO 19372 --- [SpringApplicationShutdownHook] com.alibaba.nacos.client.naming          : com.alibaba.nacos.client.naming.core.ServiceInfoUpdateService do shutdown stop
09:43:01:616  INFO 19372 --- [SpringApplicationShutdownHook] com.alibaba.nacos.client.naming          : com.alibaba.nacos.client.naming.core.ServerListManager do shutdown begin
09:43:01:617  WARN 19372 --- [SpringApplicationShutdownHook] com.alibaba.nacos.client.naming          : [NamingHttpClientManager] Start destroying NacosRestTemplate
09:43:01:617  WARN 19372 --- [SpringApplicationShutdownHook] com.alibaba.nacos.client.naming          : [NamingHttpClientManager] Destruction of the end
09:43:01:617  INFO 19372 --- [SpringApplicationShutdownHook] com.alibaba.nacos.client.naming          : com.alibaba.nacos.client.naming.core.ServerListManager do shutdown stop
09:43:01:617  INFO 19372 --- [SpringApplicationShutdownHook] com.alibaba.nacos.client.naming          : com.alibaba.nacos.client.naming.remote.http.NamingHttpClientProxy do shutdown begin
09:43:01:617  WARN 19372 --- [SpringApplicationShutdownHook] com.alibaba.nacos.client.naming          : [NamingHttpClientManager] Start destroying NacosRestTemplate
09:43:01:617  WARN 19372 --- [SpringApplicationShutdownHook] com.alibaba.nacos.client.naming          : [NamingHttpClientManager] Destruction of the end
09:43:01:617  INFO 19372 --- [SpringApplicationShutdownHook] com.alibaba.nacos.client.naming          : com.alibaba.nacos.client.naming.remote.http.NamingHttpClientProxy do shutdown stop
09:43:01:617  INFO 19372 --- [SpringApplicationShutdownHook] com.alibaba.nacos.common.remote.client   : Shutdown rpc client, set status to shutdown
09:43:01:617  INFO 19372 --- [SpringApplicationShutdownHook] com.alibaba.nacos.common.remote.client   : Shutdown client event executor java.util.concurrent.ScheduledThreadPoolExecutor@28bd5015[Running, pool size = 2, active threads = 2, queued tasks = 0, completed tasks = 0]
09:43:01:617  INFO 19372 --- [SpringApplicationShutdownHook] com.alibaba.nacos.common.remote.client   : Close current connection 1731631555075_127.0.0.1_52395
09:43:01:620  INFO 19372 --- [nacos-grpc-client-executor-127.0.0.1-741] c.a.n.c.remote.client.grpc.GrpcClient    : [1731631555075_127.0.0.1_52395]Ignore complete event,isRunning:false,isAbandon=false
09:43:01:624  INFO 19372 --- [SpringApplicationShutdownHook] c.a.n.c.remote.client.grpc.GrpcClient    : Shutdown grpc executor java.util.concurrent.ThreadPoolExecutor@2e4ecdf8[Running, pool size = 4, active threads = 0, queued tasks = 0, completed tasks = 742]
09:43:01:625  INFO 19372 --- [SpringApplicationShutdownHook] com.alibaba.nacos.client.naming          : Shutdown grpc redo service executor java.util.concurrent.ScheduledThreadPoolExecutor@77d0dbba[Running, pool size = 1, active threads = 0, queued tasks = 1, completed tasks = 1139]
09:43:01:626  INFO 19372 --- [SpringApplicationShutdownHook] c.a.n.c.a.r.identify.CredentialWatcher   : [null] CredentialWatcher is stopped
09:43:01:626  INFO 19372 --- [SpringApplicationShutdownHook] c.a.n.c.a.r.identify.CredentialService   : [null] CredentialService is freed
09:43:01:627  INFO 19372 --- [SpringApplicationShutdownHook] com.alibaba.nacos.client.naming          : com.alibaba.nacos.client.naming.remote.NamingClientProxyDelegate do shutdown stop
09:43:19:747  WARN 21344 --- [main] c.a.nacos.client.logging.NacosLogging    : Load Logback Configuration of Nacos fail, message: Could not initialize Logback Nacos logging from classpath:nacos-logback.xml
09:43:19:802  WARN 21344 --- [main] c.a.nacos.client.logging.NacosLogging    : Load Logback Configuration of Nacos fail, message: Could not initialize Logback Nacos logging from classpath:nacos-logback.xml
09:43:19:802  INFO 21344 --- [main] com.example.film.FilmApplication         : Starting FilmApplication using Java 21.0.1 with PID 21344 (E:\ticketManage\film-service\target\classes started by 19073 in E:\ticketManage)
09:43:19:802 DEBUG 21344 --- [main] com.example.film.FilmApplication         : Running with Spring Boot v3.0.2, Spring v6.0.4
09:43:19:818  INFO 21344 --- [main] com.example.film.FilmApplication         : No active profile set, falling back to 1 default profile: "default"
09:43:21:080  INFO 21344 --- [main] o.s.cloud.context.scope.GenericScope     : BeanFactory id=c4c42f51-68ce-37f3-a9af-1613eaf05f62
09:43:21:623  INFO 21344 --- [main] o.s.b.w.embedded.tomcat.TomcatWebServer  : Tomcat initialized with port(s): 8084 (http)
09:43:21:643  INFO 21344 --- [main] o.apache.catalina.core.StandardService   : Starting service [Tomcat]
09:43:21:643  INFO 21344 --- [main] o.apache.catalina.core.StandardEngine    : Starting Servlet engine: [Apache Tomcat/10.1.5]
09:43:21:789  INFO 21344 --- [main] o.a.c.c.C.[Tomcat].[localhost].[/]       : Initializing Spring embedded WebApplicationContext
09:43:21:789  INFO 21344 --- [main] w.s.c.ServletWebServerApplicationContext : Root WebApplicationContext: initialization completed in 1911 ms
09:43:24:062  INFO 21344 --- [main] o.s.b.w.embedded.tomcat.TomcatWebServer  : Tomcat started on port(s): 8084 (http) with context path ''
09:43:24:074  WARN 21344 --- [main] c.a.nacos.client.logging.NacosLogging    : Load Logback Configuration of Nacos fail, message: Could not initialize Logback Nacos logging from classpath:nacos-logback.xml
09:43:24:074  INFO 21344 --- [main] com.alibaba.nacos.client.naming          : initializer namespace from ans.namespace attribute : null
09:43:24:075  INFO 21344 --- [main] com.alibaba.nacos.client.naming          : initializer namespace from ALIBABA_ALIWARE_NAMESPACE attribute :null
09:43:24:077  INFO 21344 --- [main] com.alibaba.nacos.client.naming          : initializer namespace from namespace attribute :null
09:43:24:104  INFO 21344 --- [main] c.alibaba.nacos.client.utils.ParamUtil   : [settings] [req-serv] nacos-server port:8848
09:43:24:104  INFO 21344 --- [main] c.alibaba.nacos.client.utils.ParamUtil   : [settings] [http-client] connect timeout:1000
09:43:24:105  INFO 21344 --- [main] c.alibaba.nacos.client.utils.ParamUtil   : PER_TASK_CONFIG_SIZE: 3000.0
09:43:24:111  INFO 21344 --- [main] c.a.n.p.a.s.c.ClientAuthPluginManager    : [ClientAuthPluginManager] Load ClientAuthService com.alibaba.nacos.client.auth.impl.NacosClientAuthServiceImpl success.
09:43:24:111  INFO 21344 --- [main] c.a.n.p.a.s.c.ClientAuthPluginManager    : [ClientAuthPluginManager] Load ClientAuthService com.alibaba.nacos.client.auth.ram.RamClientAuthServiceImpl success.
09:43:24:115  INFO 21344 --- [main] c.a.n.c.a.r.identify.CredentialWatcher   : null No credential found
09:43:24:127  INFO 21344 --- [main] com.alibaba.nacos.common.remote.client   : [RpcClientFactory] create a new rpc client of 8a38cccd-b5fe-4182-97af-4dcd80dcad70
09:43:24:157  INFO 21344 --- [main] com.alibaba.nacos.common.remote.client   : [8a38cccd-b5fe-4182-97af-4dcd80dcad70] RpcClient init, ServerListFactory = com.alibaba.nacos.client.naming.core.ServerListManager
09:43:24:157  INFO 21344 --- [main] com.alibaba.nacos.common.remote.client   : [8a38cccd-b5fe-4182-97af-4dcd80dcad70] Registry connection listener to current client:com.alibaba.nacos.client.naming.remote.gprc.redo.NamingGrpcRedoService
09:43:24:158  INFO 21344 --- [main] com.alibaba.nacos.common.remote.client   : [8a38cccd-b5fe-4182-97af-4dcd80dcad70] Register server push request handler:com.alibaba.nacos.client.naming.remote.gprc.NamingPushRequestHandler
09:43:24:161  INFO 21344 --- [main] com.alibaba.nacos.common.remote.client   : [8a38cccd-b5fe-4182-97af-4dcd80dcad70] Try to connect to server on start up, server: {serverIp = '127.0.0.1', server main port = 8848}
09:43:24:205  INFO 21344 --- [main] c.a.n.c.remote.client.grpc.GrpcClient    : grpc client connection server:127.0.0.1 ip,serverPort:9848,grpcTslConfig:{"sslProvider":"OPENSSL","enableTls":false,"mutualAuthEnable":false,"trustAll":false}
09:43:25:299  INFO 21344 --- [main] com.alibaba.nacos.common.remote.client   : [8a38cccd-b5fe-4182-97af-4dcd80dcad70] Success to connect to server [127.0.0.1:8848] on start up, connectionId = 1731635005000_127.0.0.1_61236
09:43:25:299  INFO 21344 --- [com.alibaba.nacos.client.remote.worker] com.alibaba.nacos.common.remote.client   : [8a38cccd-b5fe-4182-97af-4dcd80dcad70] Notify connected event to listeners.
09:43:25:299  INFO 21344 --- [com.alibaba.nacos.client.remote.worker] com.alibaba.nacos.client.naming          : Grpc connection connect
09:43:25:299  INFO 21344 --- [main] com.alibaba.nacos.common.remote.client   : [8a38cccd-b5fe-4182-97af-4dcd80dcad70] Register server push request handler:com.alibaba.nacos.common.remote.client.RpcClient$ConnectResetRequestHandler
09:43:25:299  INFO 21344 --- [main] com.alibaba.nacos.common.remote.client   : [8a38cccd-b5fe-4182-97af-4dcd80dcad70] Register server push request handler:com.alibaba.nacos.common.remote.client.RpcClient$$Lambda/0x00000298017427b8
09:43:25:299  INFO 21344 --- [main] com.alibaba.nacos.client.naming          : [REGISTER-SERVICE] ticket registering service film-service with instance Instance{instanceId='null', ip='192.168.162.1', port=8084, weight=1.0, healthy=true, enabled=true, ephemeral=true, clusterName='DEFAULT', serviceName='null', metadata={IPv6=null, preserved.register.source=SPRING_CLOUD}}
09:43:25:315  INFO 21344 --- [main] c.a.c.n.registry.NacosServiceRegistry    : nacos registry, DEFAULT_GROUP film-service 192.168.162.1:8084 register finished
09:43:25:330  INFO 21344 --- [main] com.example.film.FilmApplication         : Started FilmApplication in 6.11 seconds (process running for 7.0)
09:44:09:526  WARN 21344 --- [Thread-4] c.a.nacos.common.notify.NotifyCenter     : [NotifyCenter] Start destroying Publisher
09:44:09:526  WARN 21344 --- [Thread-7] c.a.n.common.http.HttpClientBeanHolder   : [HttpClientBeanHolder] Start destroying common HttpClient
09:44:09:526  WARN 21344 --- [Thread-4] c.a.nacos.common.notify.NotifyCenter     : [NotifyCenter] Destruction of the end
09:44:09:527  WARN 21344 --- [Thread-7] c.a.n.common.http.HttpClientBeanHolder   : [HttpClientBeanHolder] Destruction of the end
09:44:09:543  INFO 21344 --- [SpringApplicationShutdownHook] c.a.c.n.registry.NacosServiceRegistry    : De-registering from Nacos Server now...
09:44:09:543  INFO 21344 --- [SpringApplicationShutdownHook] com.alibaba.nacos.client.naming          : [DEREGISTER-SERVICE] ticket deregistering service film-service with instance: Instance{instanceId='null', ip='192.168.162.1', port=8084, weight=1.0, healthy=true, enabled=true, ephemeral=true, clusterName='DEFAULT', serviceName='null', metadata={}}
09:44:09:549  INFO 21344 --- [SpringApplicationShutdownHook] c.a.c.n.registry.NacosServiceRegistry    : De-registration finished.
09:44:09:550  INFO 21344 --- [SpringApplicationShutdownHook] com.alibaba.nacos.client.naming          : com.alibaba.nacos.client.naming.cache.ServiceInfoHolder do shutdown begin
09:44:09:550  INFO 21344 --- [SpringApplicationShutdownHook] com.alibaba.nacos.client.naming          : com.alibaba.nacos.client.naming.backups.FailoverReactor do shutdown begin
09:44:09:550  INFO 21344 --- [SpringApplicationShutdownHook] com.alibaba.nacos.client.naming          : com.alibaba.nacos.client.naming.backups.FailoverReactor do shutdown stop
09:44:09:551  INFO 21344 --- [SpringApplicationShutdownHook] com.alibaba.nacos.client.naming          : com.alibaba.nacos.client.naming.cache.ServiceInfoHolder do shutdown stop
09:44:09:551  INFO 21344 --- [SpringApplicationShutdownHook] com.alibaba.nacos.client.naming          : com.alibaba.nacos.client.naming.remote.NamingClientProxyDelegate do shutdown begin
09:44:09:551  INFO 21344 --- [SpringApplicationShutdownHook] com.alibaba.nacos.client.naming          : com.alibaba.nacos.client.naming.core.ServiceInfoUpdateService do shutdown begin
09:44:09:551  INFO 21344 --- [SpringApplicationShutdownHook] com.alibaba.nacos.client.naming          : com.alibaba.nacos.client.naming.core.ServiceInfoUpdateService do shutdown stop
09:44:09:551  INFO 21344 --- [SpringApplicationShutdownHook] com.alibaba.nacos.client.naming          : com.alibaba.nacos.client.naming.core.ServerListManager do shutdown begin
09:44:09:551  WARN 21344 --- [SpringApplicationShutdownHook] com.alibaba.nacos.client.naming          : [NamingHttpClientManager] Start destroying NacosRestTemplate
09:44:09:551  WARN 21344 --- [SpringApplicationShutdownHook] com.alibaba.nacos.client.naming          : [NamingHttpClientManager] Destruction of the end
09:44:09:551  INFO 21344 --- [SpringApplicationShutdownHook] com.alibaba.nacos.client.naming          : com.alibaba.nacos.client.naming.core.ServerListManager do shutdown stop
09:44:09:551  INFO 21344 --- [SpringApplicationShutdownHook] com.alibaba.nacos.client.naming          : com.alibaba.nacos.client.naming.remote.http.NamingHttpClientProxy do shutdown begin
09:44:09:551  WARN 21344 --- [SpringApplicationShutdownHook] com.alibaba.nacos.client.naming          : [NamingHttpClientManager] Start destroying NacosRestTemplate
09:44:09:551  WARN 21344 --- [SpringApplicationShutdownHook] com.alibaba.nacos.client.naming          : [NamingHttpClientManager] Destruction of the end
09:44:09:551  INFO 21344 --- [SpringApplicationShutdownHook] com.alibaba.nacos.client.naming          : com.alibaba.nacos.client.naming.remote.http.NamingHttpClientProxy do shutdown stop
09:44:09:551  INFO 21344 --- [SpringApplicationShutdownHook] com.alibaba.nacos.common.remote.client   : Shutdown rpc client, set status to shutdown
09:44:09:552  INFO 21344 --- [SpringApplicationShutdownHook] com.alibaba.nacos.common.remote.client   : Shutdown client event executor java.util.concurrent.ScheduledThreadPoolExecutor@1de08775[Running, pool size = 2, active threads = 2, queued tasks = 0, completed tasks = 0]
09:44:09:552  INFO 21344 --- [SpringApplicationShutdownHook] com.alibaba.nacos.common.remote.client   : Close current connection 1731635005000_127.0.0.1_61236
09:44:09:554  INFO 21344 --- [SpringApplicationShutdownHook] c.a.n.c.remote.client.grpc.GrpcClient    : Shutdown grpc executor java.util.concurrent.ThreadPoolExecutor@273293c8[Running, pool size = 5, active threads = 0, queued tasks = 0, completed tasks = 25]
09:44:09:555  INFO 21344 --- [SpringApplicationShutdownHook] com.alibaba.nacos.client.naming          : Shutdown grpc redo service executor java.util.concurrent.ScheduledThreadPoolExecutor@1e5aacd9[Running, pool size = 1, active threads = 0, queued tasks = 1, completed tasks = 15]
09:44:09:555  INFO 21344 --- [SpringApplicationShutdownHook] c.a.n.c.a.r.identify.CredentialWatcher   : [null] CredentialWatcher is stopped
09:44:09:556  INFO 21344 --- [SpringApplicationShutdownHook] c.a.n.c.a.r.identify.CredentialService   : [null] CredentialService is freed
09:44:09:556  INFO 21344 --- [SpringApplicationShutdownHook] com.alibaba.nacos.client.naming          : com.alibaba.nacos.client.naming.remote.NamingClientProxyDelegate do shutdown stop
09:44:21:265  WARN 23936 --- [main] c.a.nacos.client.logging.NacosLogging    : Load Logback Configuration of Nacos fail, message: Could not initialize Logback Nacos logging from classpath:nacos-logback.xml
09:44:21:385  WARN 23936 --- [main] c.a.nacos.client.logging.NacosLogging    : Load Logback Configuration of Nacos fail, message: Could not initialize Logback Nacos logging from classpath:nacos-logback.xml
09:44:21:397  INFO 23936 --- [main] com.example.film.FilmApplication         : Starting FilmApplication using Java 21.0.1 with PID 23936 (E:\ticketManage\film-service\target\classes started by 19073 in E:\ticketManage)
09:44:21:398 DEBUG 23936 --- [main] com.example.film.FilmApplication         : Running with Spring Boot v3.0.2, Spring v6.0.4
09:44:21:398  INFO 23936 --- [main] com.example.film.FilmApplication         : No active profile set, falling back to 1 default profile: "default"
09:44:22:567  INFO 23936 --- [main] o.s.cloud.context.scope.GenericScope     : BeanFactory id=c4c42f51-68ce-37f3-a9af-1613eaf05f62
09:44:23:123  INFO 23936 --- [main] o.s.b.w.embedded.tomcat.TomcatWebServer  : Tomcat initialized with port(s): 8084 (http)
09:44:23:134  INFO 23936 --- [main] o.apache.catalina.core.StandardService   : Starting service [Tomcat]
09:44:23:135  INFO 23936 --- [main] o.apache.catalina.core.StandardEngine    : Starting Servlet engine: [Apache Tomcat/10.1.5]
09:44:23:265  INFO 23936 --- [main] o.a.c.c.C.[Tomcat].[localhost].[/]       : Initializing Spring embedded WebApplicationContext
09:44:23:265  INFO 23936 --- [main] w.s.c.ServletWebServerApplicationContext : Root WebApplicationContext: initialization completed in 1807 ms
09:44:25:428  INFO 23936 --- [main] o.s.b.w.embedded.tomcat.TomcatWebServer  : Tomcat started on port(s): 8084 (http) with context path ''
09:44:25:437  WARN 23936 --- [main] c.a.nacos.client.logging.NacosLogging    : Load Logback Configuration of Nacos fail, message: Could not initialize Logback Nacos logging from classpath:nacos-logback.xml
09:44:25:438  INFO 23936 --- [main] com.alibaba.nacos.client.naming          : initializer namespace from ans.namespace attribute : null
09:44:25:438  INFO 23936 --- [main] com.alibaba.nacos.client.naming          : initializer namespace from ALIBABA_ALIWARE_NAMESPACE attribute :null
09:44:25:439  INFO 23936 --- [main] com.alibaba.nacos.client.naming          : initializer namespace from namespace attribute :null
09:44:25:463  INFO 23936 --- [main] c.alibaba.nacos.client.utils.ParamUtil   : [settings] [req-serv] nacos-server port:8848
09:44:25:464  INFO 23936 --- [main] c.alibaba.nacos.client.utils.ParamUtil   : [settings] [http-client] connect timeout:1000
09:44:25:465  INFO 23936 --- [main] c.alibaba.nacos.client.utils.ParamUtil   : PER_TASK_CONFIG_SIZE: 3000.0
09:44:25:468  INFO 23936 --- [main] c.a.n.p.a.s.c.ClientAuthPluginManager    : [ClientAuthPluginManager] Load ClientAuthService com.alibaba.nacos.client.auth.impl.NacosClientAuthServiceImpl success.
09:44:25:469  INFO 23936 --- [main] c.a.n.p.a.s.c.ClientAuthPluginManager    : [ClientAuthPluginManager] Load ClientAuthService com.alibaba.nacos.client.auth.ram.RamClientAuthServiceImpl success.
09:44:25:471  INFO 23936 --- [main] c.a.n.c.a.r.identify.CredentialWatcher   : null No credential found
09:44:25:479  INFO 23936 --- [main] com.alibaba.nacos.common.remote.client   : [RpcClientFactory] create a new rpc client of 68db1ea3-3850-45bc-a72c-cba6ca95ca2b
09:44:25:503  INFO 23936 --- [main] com.alibaba.nacos.common.remote.client   : [68db1ea3-3850-45bc-a72c-cba6ca95ca2b] RpcClient init, ServerListFactory = com.alibaba.nacos.client.naming.core.ServerListManager
09:44:25:504  INFO 23936 --- [main] com.alibaba.nacos.common.remote.client   : [68db1ea3-3850-45bc-a72c-cba6ca95ca2b] Registry connection listener to current client:com.alibaba.nacos.client.naming.remote.gprc.redo.NamingGrpcRedoService
09:44:25:505  INFO 23936 --- [main] com.alibaba.nacos.common.remote.client   : [68db1ea3-3850-45bc-a72c-cba6ca95ca2b] Register server push request handler:com.alibaba.nacos.client.naming.remote.gprc.NamingPushRequestHandler
09:44:25:508  INFO 23936 --- [main] com.alibaba.nacos.common.remote.client   : [68db1ea3-3850-45bc-a72c-cba6ca95ca2b] Try to connect to server on start up, server: {serverIp = '127.0.0.1', server main port = 8848}
09:44:25:549  INFO 23936 --- [main] c.a.n.c.remote.client.grpc.GrpcClient    : grpc client connection server:127.0.0.1 ip,serverPort:9848,grpcTslConfig:{"sslProvider":"OPENSSL","enableTls":false,"mutualAuthEnable":false,"trustAll":false}
09:44:26:358  INFO 23936 --- [main] com.alibaba.nacos.common.remote.client   : [68db1ea3-3850-45bc-a72c-cba6ca95ca2b] Success to connect to server [127.0.0.1:8848] on start up, connectionId = 1731635066161_127.0.0.1_61382
09:44:26:359  INFO 23936 --- [com.alibaba.nacos.client.remote.worker] com.alibaba.nacos.common.remote.client   : [68db1ea3-3850-45bc-a72c-cba6ca95ca2b] Notify connected event to listeners.
09:44:26:359  INFO 23936 --- [main] com.alibaba.nacos.common.remote.client   : [68db1ea3-3850-45bc-a72c-cba6ca95ca2b] Register server push request handler:com.alibaba.nacos.common.remote.client.RpcClient$ConnectResetRequestHandler
09:44:26:359  INFO 23936 --- [com.alibaba.nacos.client.remote.worker] com.alibaba.nacos.client.naming          : Grpc connection connect
09:44:26:359  INFO 23936 --- [main] com.alibaba.nacos.common.remote.client   : [68db1ea3-3850-45bc-a72c-cba6ca95ca2b] Register server push request handler:com.alibaba.nacos.common.remote.client.RpcClient$$Lambda/0x000001d981710d48
09:44:26:360  INFO 23936 --- [main] com.alibaba.nacos.client.naming          : [REGISTER-SERVICE] ticket registering service film-service with instance Instance{instanceId='null', ip='192.168.162.1', port=8084, weight=1.0, healthy=true, enabled=true, ephemeral=true, clusterName='DEFAULT', serviceName='null', metadata={IPv6=null, preserved.register.source=SPRING_CLOUD}}
09:44:26:379  INFO 23936 --- [main] c.a.c.n.registry.NacosServiceRegistry    : nacos registry, DEFAULT_GROUP film-service 192.168.162.1:8084 register finished
09:44:26:393  INFO 23936 --- [main] com.example.film.FilmApplication         : Started FilmApplication in 5.812 seconds (process running for 6.805)
09:56:03:928  INFO 23936 --- [nacos-grpc-client-executor-127.0.0.1-113] com.alibaba.nacos.common.remote.client   : [68db1ea3-3850-45bc-a72c-cba6ca95ca2b] Receive server push request, request = ClientDetectionRequest, requestId = 140
09:56:03:930  INFO 23936 --- [nacos-grpc-client-executor-127.0.0.1-113] com.alibaba.nacos.common.remote.client   : [68db1ea3-3850-45bc-a72c-cba6ca95ca2b] Ack server push request, request = ClientDetectionRequest, requestId = 140
10:06:25:705  INFO 23936 --- [http-nio-8084-exec-1] o.a.c.c.C.[Tomcat].[localhost].[/]       : Initializing Spring DispatcherServlet 'dispatcherServlet'
10:06:25:706  INFO 23936 --- [http-nio-8084-exec-1] o.s.web.servlet.DispatcherServlet        : Initializing Servlet 'dispatcherServlet'
10:06:25:707  INFO 23936 --- [http-nio-8084-exec-1] o.s.web.servlet.DispatcherServlet        : Completed initialization in 1 ms
10:06:25:792  INFO 23936 --- [http-nio-8084-exec-1] com.zaxxer.hikari.HikariDataSource       : HikariPool-1 - Starting...
10:06:26:155  INFO 23936 --- [http-nio-8084-exec-1] com.zaxxer.hikari.pool.HikariPool        : HikariPool-1 - Added connection com.mysql.cj.jdbc.ConnectionImpl@54b500fd
10:06:26:157  INFO 23936 --- [http-nio-8084-exec-1] com.zaxxer.hikari.HikariDataSource       : HikariPool-1 - Start completed.
10:06:26:160 DEBUG 23936 --- [http-nio-8084-exec-1] c.e.film.mapper.FilmMapper.getFilmList   : ==>  Preparing: SELECT * FROM film limit ?, ?
10:06:26:188 DEBUG 23936 --- [http-nio-8084-exec-1] c.e.film.mapper.FilmMapper.getFilmList   : ==> Parameters: 0(Integer), 10(Integer)
10:06:26:216 DEBUG 23936 --- [http-nio-8084-exec-1] c.e.film.mapper.FilmMapper.getFilmList   : <==      Total: 10
10:06:26:223 DEBUG 23936 --- [http-nio-8084-exec-1] c.e.film.mapper.FilmMapper.countFilm     : ==>  Preparing: SELECT COUNT(*) FROM film
10:06:26:223 DEBUG 23936 --- [http-nio-8084-exec-1] c.e.film.mapper.FilmMapper.countFilm     : ==> Parameters: 
10:06:26:223 DEBUG 23936 --- [http-nio-8084-exec-1] c.e.film.mapper.FilmMapper.countFilm     : <==      Total: 1
10:06:30:528 DEBUG 23936 --- [http-nio-8084-exec-2] c.e.film.mapper.FilmMapper.getFilmList   : ==>  Preparing: SELECT * FROM film limit ?, ?
10:06:30:534 DEBUG 23936 --- [http-nio-8084-exec-2] c.e.film.mapper.FilmMapper.getFilmList   : ==> Parameters: 0(Integer), 10(Integer)
10:06:30:535 DEBUG 23936 --- [http-nio-8084-exec-2] c.e.film.mapper.FilmMapper.getFilmList   : <==      Total: 10
10:06:30:535 DEBUG 23936 --- [http-nio-8084-exec-2] c.e.film.mapper.FilmMapper.countFilm     : ==>  Preparing: SELECT COUNT(*) FROM film
10:06:30:535 DEBUG 23936 --- [http-nio-8084-exec-2] c.e.film.mapper.FilmMapper.countFilm     : ==> Parameters: 
10:06:30:535 DEBUG 23936 --- [http-nio-8084-exec-2] c.e.film.mapper.FilmMapper.countFilm     : <==      Total: 1
10:06:33:493 DEBUG 23936 --- [http-nio-8084-exec-3] c.e.film.mapper.FilmMapper.getFilmList   : ==>  Preparing: SELECT * FROM film limit ?, ?
10:06:33:493 DEBUG 23936 --- [http-nio-8084-exec-3] c.e.film.mapper.FilmMapper.getFilmList   : ==> Parameters: 0(Integer), 10(Integer)
10:06:33:493 DEBUG 23936 --- [http-nio-8084-exec-3] c.e.film.mapper.FilmMapper.getFilmList   : <==      Total: 10
10:06:33:493 DEBUG 23936 --- [http-nio-8084-exec-3] c.e.film.mapper.FilmMapper.countFilm     : ==>  Preparing: SELECT COUNT(*) FROM film
10:06:33:493 DEBUG 23936 --- [http-nio-8084-exec-3] c.e.film.mapper.FilmMapper.countFilm     : ==> Parameters: 
10:06:33:499 DEBUG 23936 --- [http-nio-8084-exec-3] c.e.film.mapper.FilmMapper.countFilm     : <==      Total: 1
