10:42:24:791  WARN 19240 --- [main] c.a.nacos.client.logging.NacosLogging    : Load Logback Configuration of Nacos fail, message: Could not initialize Logback Nacos logging from classpath:nacos-logback.xml
10:42:24:863  WARN 19240 --- [main] c.a.nacos.client.logging.NacosLogging    : Load Logback Configuration of Nacos fail, message: Could not initialize Logback Nacos logging from classpath:nacos-logback.xml
10:42:24:875  INFO 19240 --- [main] com.example.trade.TradeApplication       : Starting TradeApplication using Java 21.0.1 with PID 19240 (E:\ticketManage\trade-service\target\classes started by 19073 in E:\ticketManage)
10:42:24:875 DEBUG 19240 --- [main] com.example.trade.TradeApplication       : Running with Spring Boot v3.0.2, Spring v6.0.4
10:42:24:876  INFO 19240 --- [main] com.example.trade.TradeApplication       : No active profile set, falling back to 1 default profile: "default"
10:42:26:390  INFO 19240 --- [main] o.s.cloud.context.scope.GenericScope     : BeanFactory id=ffd31d24-7736-35f7-adaa-ce32c0944c22
10:42:26:692  INFO 19240 --- [main] trationDelegate$BeanPostProcessorChecker : Bean 'org.springframework.cloud.client.loadbalancer.reactive.LoadBalancerBeanPostProcessorAutoConfiguration' of type [org.springframework.cloud.client.loadbalancer.reactive.LoadBalancerBeanPostProcessorAutoConfiguration] is not eligible for getting processed by all BeanPostProcessors (for example: not eligible for auto-proxying)
10:42:26:693  INFO 19240 --- [main] trationDelegate$BeanPostProcessorChecker : Bean 'org.springframework.cloud.client.loadbalancer.reactive.LoadBalancerBeanPostProcessorAutoConfiguration$ReactorDeferringLoadBalancerFilterConfig' of type [org.springframework.cloud.client.loadbalancer.reactive.LoadBalancerBeanPostProcessorAutoConfiguration$ReactorDeferringLoadBalancerFilterConfig] is not eligible for getting processed by all BeanPostProcessors (for example: not eligible for auto-proxying)
10:42:26:695  INFO 19240 --- [main] trationDelegate$BeanPostProcessorChecker : Bean 'reactorDeferringLoadBalancerExchangeFilterFunction' of type [org.springframework.cloud.client.loadbalancer.reactive.DeferringLoadBalancerExchangeFilterFunction] is not eligible for getting processed by all BeanPostProcessors (for example: not eligible for auto-proxying)
10:42:27:024  INFO 19240 --- [main] o.s.b.w.embedded.tomcat.TomcatWebServer  : Tomcat initialized with port(s): 8082 (http)
10:42:27:037  INFO 19240 --- [main] o.apache.catalina.core.StandardService   : Starting service [Tomcat]
10:42:27:037  INFO 19240 --- [main] o.apache.catalina.core.StandardEngine    : Starting Servlet engine: [Apache Tomcat/10.1.5]
10:42:27:154  INFO 19240 --- [main] o.a.c.c.C.[Tomcat].[localhost].[/]       : Initializing Spring embedded WebApplicationContext
10:42:27:154  INFO 19240 --- [main] w.s.c.ServletWebServerApplicationContext : Root WebApplicationContext: initialization completed in 2206 ms
10:42:27:715  INFO 19240 --- [main] o.s.c.openfeign.FeignClientFactoryBean   : For 'user-service' URL not provided. Will try picking an instance via load-balancing.
10:42:27:776  INFO 19240 --- [main] o.s.c.openfeign.FeignClientFactoryBean   : For 'sessions-service' URL not provided. Will try picking an instance via load-balancing.
10:42:27:803  INFO 19240 --- [main] o.s.c.openfeign.FeignClientFactoryBean   : For 'film-service' URL not provided. Will try picking an instance via load-balancing.
10:42:29:095  WARN 19240 --- [main] iguration$LoadBalancerCaffeineWarnLogger : Spring Cloud LoadBalancer is currently working with the default cache. While this cache implementation is useful for development and tests, it's recommended to use Caffeine cache in production.You can switch to using Caffeine cache, by adding it and org.springframework.cache.caffeine.CaffeineCacheManager to the classpath.
10:42:29:161  INFO 19240 --- [main] o.s.b.w.embedded.tomcat.TomcatWebServer  : Tomcat started on port(s): 8082 (http) with context path ''
10:42:29:171  WARN 19240 --- [main] c.a.nacos.client.logging.NacosLogging    : Load Logback Configuration of Nacos fail, message: Could not initialize Logback Nacos logging from classpath:nacos-logback.xml
10:42:29:171  INFO 19240 --- [main] com.alibaba.nacos.client.naming          : initializer namespace from ans.namespace attribute : null
10:42:29:172  INFO 19240 --- [main] com.alibaba.nacos.client.naming          : initializer namespace from ALIBABA_ALIWARE_NAMESPACE attribute :null
10:42:29:172  INFO 19240 --- [main] com.alibaba.nacos.client.naming          : initializer namespace from namespace attribute :null
10:42:29:205  INFO 19240 --- [main] c.alibaba.nacos.client.utils.ParamUtil   : [settings] [req-serv] nacos-server port:8848
10:42:29:206  INFO 19240 --- [main] c.alibaba.nacos.client.utils.ParamUtil   : [settings] [http-client] connect timeout:1000
10:42:29:207  INFO 19240 --- [main] c.alibaba.nacos.client.utils.ParamUtil   : PER_TASK_CONFIG_SIZE: 3000.0
10:42:29:211  INFO 19240 --- [main] c.a.n.p.a.s.c.ClientAuthPluginManager    : [ClientAuthPluginManager] Load ClientAuthService com.alibaba.nacos.client.auth.impl.NacosClientAuthServiceImpl success.
10:42:29:211  INFO 19240 --- [main] c.a.n.p.a.s.c.ClientAuthPluginManager    : [ClientAuthPluginManager] Load ClientAuthService com.alibaba.nacos.client.auth.ram.RamClientAuthServiceImpl success.
10:42:29:215  INFO 19240 --- [main] c.a.n.c.a.r.identify.CredentialWatcher   : null No credential found
10:42:29:223  INFO 19240 --- [main] com.alibaba.nacos.common.remote.client   : [RpcClientFactory] create a new rpc client of 681cc6b6-9794-4ef1-a9bf-aaf2b8a924a0
10:42:29:241  INFO 19240 --- [main] com.alibaba.nacos.common.remote.client   : [681cc6b6-9794-4ef1-a9bf-aaf2b8a924a0] RpcClient init, ServerListFactory = com.alibaba.nacos.client.naming.core.ServerListManager
10:42:29:241  INFO 19240 --- [main] com.alibaba.nacos.common.remote.client   : [681cc6b6-9794-4ef1-a9bf-aaf2b8a924a0] Registry connection listener to current client:com.alibaba.nacos.client.naming.remote.gprc.redo.NamingGrpcRedoService
10:42:29:242  INFO 19240 --- [main] com.alibaba.nacos.common.remote.client   : [681cc6b6-9794-4ef1-a9bf-aaf2b8a924a0] Register server push request handler:com.alibaba.nacos.client.naming.remote.gprc.NamingPushRequestHandler
10:42:29:245  INFO 19240 --- [main] com.alibaba.nacos.common.remote.client   : [681cc6b6-9794-4ef1-a9bf-aaf2b8a924a0] Try to connect to server on start up, server: {serverIp = '127.0.0.1', server main port = 8848}
10:42:29:282  INFO 19240 --- [main] c.a.n.c.remote.client.grpc.GrpcClient    : grpc client connection server:127.0.0.1 ip,serverPort:9848,grpcTslConfig:{"sslProvider":"OPENSSL","enableTls":false,"mutualAuthEnable":false,"trustAll":false}
10:42:30:046  INFO 19240 --- [main] com.alibaba.nacos.common.remote.client   : [681cc6b6-9794-4ef1-a9bf-aaf2b8a924a0] Success to connect to server [127.0.0.1:8848] on start up, connectionId = 1730256149849_127.0.0.1_58273
10:42:30:047  INFO 19240 --- [com.alibaba.nacos.client.remote.worker] com.alibaba.nacos.common.remote.client   : [681cc6b6-9794-4ef1-a9bf-aaf2b8a924a0] Notify connected event to listeners.
10:42:30:047  INFO 19240 --- [com.alibaba.nacos.client.remote.worker] com.alibaba.nacos.client.naming          : Grpc connection connect
10:42:30:048  INFO 19240 --- [main] com.alibaba.nacos.common.remote.client   : [681cc6b6-9794-4ef1-a9bf-aaf2b8a924a0] Register server push request handler:com.alibaba.nacos.common.remote.client.RpcClient$ConnectResetRequestHandler
10:42:30:048  INFO 19240 --- [main] com.alibaba.nacos.common.remote.client   : [681cc6b6-9794-4ef1-a9bf-aaf2b8a924a0] Register server push request handler:com.alibaba.nacos.common.remote.client.RpcClient$$Lambda/0x000001ee017a9d08
10:42:30:049  INFO 19240 --- [main] com.alibaba.nacos.client.naming          : [REGISTER-SERVICE] ticket registering service trade-service with instance Instance{instanceId='null', ip='192.168.162.1', port=8082, weight=1.0, healthy=true, enabled=true, ephemeral=true, clusterName='DEFAULT', serviceName='null', metadata={IPv6=null, preserved.register.source=SPRING_CLOUD}}
10:42:30:068  INFO 19240 --- [main] c.a.c.n.registry.NacosServiceRegistry    : nacos registry, DEFAULT_GROUP trade-service 192.168.162.1:8082 register finished
10:42:30:082  INFO 19240 --- [main] com.example.trade.TradeApplication       : Started TradeApplication in 5.71 seconds (process running for 6.534)
11:24:39:384  WARN 6916 --- [main] c.a.nacos.client.logging.NacosLogging    : Load Logback Configuration of Nacos fail, message: Could not initialize Logback Nacos logging from classpath:nacos-logback.xml
11:24:39:457  WARN 6916 --- [main] c.a.nacos.client.logging.NacosLogging    : Load Logback Configuration of Nacos fail, message: Could not initialize Logback Nacos logging from classpath:nacos-logback.xml
11:24:39:473  INFO 6916 --- [main] com.example.trade.TradeApplication       : Starting TradeApplication using Java 21.0.1 with PID 6916 (E:\ticketManage\trade-service\target\classes started by 19073 in E:\ticketManage)
11:24:39:474 DEBUG 6916 --- [main] com.example.trade.TradeApplication       : Running with Spring Boot v3.0.2, Spring v6.0.4
11:24:39:475  INFO 6916 --- [main] com.example.trade.TradeApplication       : No active profile set, falling back to 1 default profile: "default"
11:24:41:755  INFO 6916 --- [main] o.s.cloud.context.scope.GenericScope     : BeanFactory id=ffd31d24-7736-35f7-adaa-ce32c0944c22
11:24:42:306  INFO 6916 --- [main] trationDelegate$BeanPostProcessorChecker : Bean 'org.springframework.cloud.client.loadbalancer.reactive.LoadBalancerBeanPostProcessorAutoConfiguration' of type [org.springframework.cloud.client.loadbalancer.reactive.LoadBalancerBeanPostProcessorAutoConfiguration] is not eligible for getting processed by all BeanPostProcessors (for example: not eligible for auto-proxying)
11:24:42:309  INFO 6916 --- [main] trationDelegate$BeanPostProcessorChecker : Bean 'org.springframework.cloud.client.loadbalancer.reactive.LoadBalancerBeanPostProcessorAutoConfiguration$ReactorDeferringLoadBalancerFilterConfig' of type [org.springframework.cloud.client.loadbalancer.reactive.LoadBalancerBeanPostProcessorAutoConfiguration$ReactorDeferringLoadBalancerFilterConfig] is not eligible for getting processed by all BeanPostProcessors (for example: not eligible for auto-proxying)
11:24:42:313  INFO 6916 --- [main] trationDelegate$BeanPostProcessorChecker : Bean 'reactorDeferringLoadBalancerExchangeFilterFunction' of type [org.springframework.cloud.client.loadbalancer.reactive.DeferringLoadBalancerExchangeFilterFunction] is not eligible for getting processed by all BeanPostProcessors (for example: not eligible for auto-proxying)
11:24:42:817  INFO 6916 --- [main] o.s.b.w.embedded.tomcat.TomcatWebServer  : Tomcat initialized with port(s): 8082 (http)
11:24:42:833  INFO 6916 --- [main] o.apache.catalina.core.StandardService   : Starting service [Tomcat]
11:24:42:833  INFO 6916 --- [main] o.apache.catalina.core.StandardEngine    : Starting Servlet engine: [Apache Tomcat/10.1.5]
11:24:43:000  INFO 6916 --- [main] o.a.c.c.C.[Tomcat].[localhost].[/]       : Initializing Spring embedded WebApplicationContext
11:24:43:000  INFO 6916 --- [main] w.s.c.ServletWebServerApplicationContext : Root WebApplicationContext: initialization completed in 3433 ms
11:24:43:770  INFO 6916 --- [main] o.s.c.openfeign.FeignClientFactoryBean   : For 'user-service' URL not provided. Will try picking an instance via load-balancing.
11:24:43:842  INFO 6916 --- [main] o.s.c.openfeign.FeignClientFactoryBean   : For 'sessions-service' URL not provided. Will try picking an instance via load-balancing.
11:24:43:882  INFO 6916 --- [main] o.s.c.openfeign.FeignClientFactoryBean   : For 'film-service' URL not provided. Will try picking an instance via load-balancing.
11:24:45:336  WARN 6916 --- [main] iguration$LoadBalancerCaffeineWarnLogger : Spring Cloud LoadBalancer is currently working with the default cache. While this cache implementation is useful for development and tests, it's recommended to use Caffeine cache in production.You can switch to using Caffeine cache, by adding it and org.springframework.cache.caffeine.CaffeineCacheManager to the classpath.
11:24:45:408  INFO 6916 --- [main] o.s.b.w.embedded.tomcat.TomcatWebServer  : Tomcat started on port(s): 8082 (http) with context path ''
11:24:45:424  WARN 6916 --- [main] c.a.nacos.client.logging.NacosLogging    : Load Logback Configuration of Nacos fail, message: Could not initialize Logback Nacos logging from classpath:nacos-logback.xml
11:24:45:424  INFO 6916 --- [main] com.alibaba.nacos.client.naming          : initializer namespace from ans.namespace attribute : null
11:24:45:424  INFO 6916 --- [main] com.alibaba.nacos.client.naming          : initializer namespace from ALIBABA_ALIWARE_NAMESPACE attribute :null
11:24:45:424  INFO 6916 --- [main] com.alibaba.nacos.client.naming          : initializer namespace from namespace attribute :null
11:24:45:452  INFO 6916 --- [main] c.alibaba.nacos.client.utils.ParamUtil   : [settings] [req-serv] nacos-server port:8848
11:24:45:452  INFO 6916 --- [main] c.alibaba.nacos.client.utils.ParamUtil   : [settings] [http-client] connect timeout:1000
11:24:45:452  INFO 6916 --- [main] c.alibaba.nacos.client.utils.ParamUtil   : PER_TASK_CONFIG_SIZE: 3000.0
11:24:45:452  INFO 6916 --- [main] c.a.n.p.a.s.c.ClientAuthPluginManager    : [ClientAuthPluginManager] Load ClientAuthService com.alibaba.nacos.client.auth.impl.NacosClientAuthServiceImpl success.
11:24:45:452  INFO 6916 --- [main] c.a.n.p.a.s.c.ClientAuthPluginManager    : [ClientAuthPluginManager] Load ClientAuthService com.alibaba.nacos.client.auth.ram.RamClientAuthServiceImpl success.
11:24:45:461  INFO 6916 --- [main] c.a.n.c.a.r.identify.CredentialWatcher   : null No credential found
11:24:45:468  INFO 6916 --- [main] com.alibaba.nacos.common.remote.client   : [RpcClientFactory] create a new rpc client of 1943d596-4766-419d-b0fc-9a2f8c918b28
11:24:45:492  INFO 6916 --- [main] com.alibaba.nacos.common.remote.client   : [1943d596-4766-419d-b0fc-9a2f8c918b28] RpcClient init, ServerListFactory = com.alibaba.nacos.client.naming.core.ServerListManager
11:24:45:492  INFO 6916 --- [main] com.alibaba.nacos.common.remote.client   : [1943d596-4766-419d-b0fc-9a2f8c918b28] Registry connection listener to current client:com.alibaba.nacos.client.naming.remote.gprc.redo.NamingGrpcRedoService
11:24:45:492  INFO 6916 --- [main] com.alibaba.nacos.common.remote.client   : [1943d596-4766-419d-b0fc-9a2f8c918b28] Register server push request handler:com.alibaba.nacos.client.naming.remote.gprc.NamingPushRequestHandler
11:24:45:492  INFO 6916 --- [main] com.alibaba.nacos.common.remote.client   : [1943d596-4766-419d-b0fc-9a2f8c918b28] Try to connect to server on start up, server: {serverIp = '127.0.0.1', server main port = 8848}
11:24:45:533  INFO 6916 --- [main] c.a.n.c.remote.client.grpc.GrpcClient    : grpc client connection server:127.0.0.1 ip,serverPort:9848,grpcTslConfig:{"sslProvider":"OPENSSL","enableTls":false,"mutualAuthEnable":false,"trustAll":false}
11:24:46:342  INFO 6916 --- [main] com.alibaba.nacos.common.remote.client   : [1943d596-4766-419d-b0fc-9a2f8c918b28] Success to connect to server [127.0.0.1:8848] on start up, connectionId = 1730258686094_127.0.0.1_64719
11:24:46:342  INFO 6916 --- [com.alibaba.nacos.client.remote.worker] com.alibaba.nacos.common.remote.client   : [1943d596-4766-419d-b0fc-9a2f8c918b28] Notify connected event to listeners.
11:24:46:342  INFO 6916 --- [main] com.alibaba.nacos.common.remote.client   : [1943d596-4766-419d-b0fc-9a2f8c918b28] Register server push request handler:com.alibaba.nacos.common.remote.client.RpcClient$ConnectResetRequestHandler
11:24:46:342  INFO 6916 --- [com.alibaba.nacos.client.remote.worker] com.alibaba.nacos.client.naming          : Grpc connection connect
11:24:46:342  INFO 6916 --- [main] com.alibaba.nacos.common.remote.client   : [1943d596-4766-419d-b0fc-9a2f8c918b28] Register server push request handler:com.alibaba.nacos.common.remote.client.RpcClient$$Lambda/0x000001f6817af100
11:24:46:342  INFO 6916 --- [main] com.alibaba.nacos.client.naming          : [REGISTER-SERVICE] ticket registering service trade-service with instance Instance{instanceId='null', ip='192.168.162.1', port=8082, weight=1.0, healthy=true, enabled=true, ephemeral=true, clusterName='DEFAULT', serviceName='null', metadata={IPv6=null, preserved.register.source=SPRING_CLOUD}}
11:24:46:365  INFO 6916 --- [main] c.a.c.n.registry.NacosServiceRegistry    : nacos registry, DEFAULT_GROUP trade-service 192.168.162.1:8082 register finished
11:24:46:382  INFO 6916 --- [main] com.example.trade.TradeApplication       : Started TradeApplication in 7.618 seconds (process running for 8.845)
11:25:03:501  INFO 6916 --- [http-nio-8082-exec-5] o.a.c.c.C.[Tomcat].[localhost].[/]       : Initializing Spring DispatcherServlet 'dispatcherServlet'
11:25:03:501  INFO 6916 --- [http-nio-8082-exec-5] o.s.web.servlet.DispatcherServlet        : Initializing Servlet 'dispatcherServlet'
11:25:03:509  INFO 6916 --- [http-nio-8082-exec-5] o.s.web.servlet.DispatcherServlet        : Completed initialization in 8 ms
11:25:03:605  INFO 6916 --- [http-nio-8082-exec-5] com.zaxxer.hikari.HikariDataSource       : HikariPool-1 - Starting...
11:25:04:078  INFO 6916 --- [http-nio-8082-exec-5] com.zaxxer.hikari.pool.HikariPool        : HikariPool-1 - Added connection com.mysql.cj.jdbc.ConnectionImpl@35447367
11:25:04:086  INFO 6916 --- [http-nio-8082-exec-5] com.zaxxer.hikari.HikariDataSource       : HikariPool-1 - Start completed.
11:25:04:094 DEBUG 6916 --- [http-nio-8082-exec-5] c.e.t.mapper.TradeMapper.getTradeList    : ==>  Preparing: SELECT t.*, f.film_id, f.film_name, f.posters, h.hall_id, h.hall_name, s.seat_id, s.s_row , s.s_column, s.attr, u.uid, u.name, u.phone FROM trade t LEFT JOIN film f ON t.film_id = f.film_id LEFT JOIN hall h ON t.session_id = h.hall_id LEFT JOIN seat s ON t.seat = s.seat_id LEFT JOIN user u ON t.uid = u.uid limit ?, ?
11:25:04:134 DEBUG 6916 --- [http-nio-8082-exec-5] c.e.t.mapper.TradeMapper.getTradeList    : ==> Parameters: 0(Integer), 1(Integer)
11:25:04:199 DEBUG 6916 --- [http-nio-8082-exec-5] c.e.t.mapper.TradeMapper.getTradeList    : <==      Total: 1
11:25:04:206 DEBUG 6916 --- [http-nio-8082-exec-5] c.e.trade.mapper.TradeMapper.countTrade  : ==>  Preparing: SELECT COUNT(*) FROM trade
11:25:04:206 DEBUG 6916 --- [http-nio-8082-exec-5] c.e.trade.mapper.TradeMapper.countTrade  : ==> Parameters: 
11:25:04:214 DEBUG 6916 --- [http-nio-8082-exec-5] c.e.trade.mapper.TradeMapper.countTrade  : <==      Total: 1
11:32:46:092  WARN 6916 --- [Thread-7] c.a.n.common.http.HttpClientBeanHolder   : [HttpClientBeanHolder] Start destroying common HttpClient
11:32:46:092  WARN 6916 --- [Thread-4] c.a.nacos.common.notify.NotifyCenter     : [NotifyCenter] Start destroying Publisher
11:32:46:093  WARN 6916 --- [Thread-4] c.a.nacos.common.notify.NotifyCenter     : [NotifyCenter] Destruction of the end
11:32:46:094  WARN 6916 --- [Thread-7] c.a.n.common.http.HttpClientBeanHolder   : [HttpClientBeanHolder] Destruction of the end
11:32:46:117  INFO 6916 --- [SpringApplicationShutdownHook] c.a.c.n.registry.NacosServiceRegistry    : De-registering from Nacos Server now...
11:32:46:118  INFO 6916 --- [SpringApplicationShutdownHook] com.alibaba.nacos.client.naming          : [DEREGISTER-SERVICE] ticket deregistering service trade-service with instance: Instance{instanceId='null', ip='192.168.162.1', port=8082, weight=1.0, healthy=true, enabled=true, ephemeral=true, clusterName='DEFAULT', serviceName='null', metadata={}}
11:32:46:132  INFO 6916 --- [SpringApplicationShutdownHook] c.a.c.n.registry.NacosServiceRegistry    : De-registration finished.
11:32:46:134  INFO 6916 --- [SpringApplicationShutdownHook] com.alibaba.nacos.client.naming          : com.alibaba.nacos.client.naming.cache.ServiceInfoHolder do shutdown begin
11:32:46:135  INFO 6916 --- [SpringApplicationShutdownHook] com.alibaba.nacos.client.naming          : com.alibaba.nacos.client.naming.backups.FailoverReactor do shutdown begin
11:32:46:137  INFO 6916 --- [SpringApplicationShutdownHook] com.alibaba.nacos.client.naming          : com.alibaba.nacos.client.naming.backups.FailoverReactor do shutdown stop
11:32:46:138  INFO 6916 --- [SpringApplicationShutdownHook] com.alibaba.nacos.client.naming          : com.alibaba.nacos.client.naming.cache.ServiceInfoHolder do shutdown stop
11:32:46:139  INFO 6916 --- [SpringApplicationShutdownHook] com.alibaba.nacos.client.naming          : com.alibaba.nacos.client.naming.remote.NamingClientProxyDelegate do shutdown begin
11:32:46:141  INFO 6916 --- [SpringApplicationShutdownHook] com.alibaba.nacos.client.naming          : com.alibaba.nacos.client.naming.core.ServiceInfoUpdateService do shutdown begin
11:32:46:142  INFO 6916 --- [SpringApplicationShutdownHook] com.alibaba.nacos.client.naming          : com.alibaba.nacos.client.naming.core.ServiceInfoUpdateService do shutdown stop
11:32:46:142  INFO 6916 --- [SpringApplicationShutdownHook] com.alibaba.nacos.client.naming          : com.alibaba.nacos.client.naming.core.ServerListManager do shutdown begin
11:32:46:142  WARN 6916 --- [SpringApplicationShutdownHook] com.alibaba.nacos.client.naming          : [NamingHttpClientManager] Start destroying NacosRestTemplate
11:32:46:143  WARN 6916 --- [SpringApplicationShutdownHook] com.alibaba.nacos.client.naming          : [NamingHttpClientManager] Destruction of the end
11:32:46:143  INFO 6916 --- [SpringApplicationShutdownHook] com.alibaba.nacos.client.naming          : com.alibaba.nacos.client.naming.core.ServerListManager do shutdown stop
11:32:46:144  INFO 6916 --- [SpringApplicationShutdownHook] com.alibaba.nacos.client.naming          : com.alibaba.nacos.client.naming.remote.http.NamingHttpClientProxy do shutdown begin
11:32:46:144  WARN 6916 --- [SpringApplicationShutdownHook] com.alibaba.nacos.client.naming          : [NamingHttpClientManager] Start destroying NacosRestTemplate
11:32:46:145  WARN 6916 --- [SpringApplicationShutdownHook] com.alibaba.nacos.client.naming          : [NamingHttpClientManager] Destruction of the end
11:32:46:146  INFO 6916 --- [SpringApplicationShutdownHook] com.alibaba.nacos.client.naming          : com.alibaba.nacos.client.naming.remote.http.NamingHttpClientProxy do shutdown stop
11:32:46:147  INFO 6916 --- [SpringApplicationShutdownHook] com.alibaba.nacos.common.remote.client   : Shutdown rpc client, set status to shutdown
11:32:46:147  INFO 6916 --- [SpringApplicationShutdownHook] com.alibaba.nacos.common.remote.client   : Shutdown client event executor java.util.concurrent.ScheduledThreadPoolExecutor@b56d8a7[Running, pool size = 2, active threads = 2, queued tasks = 0, completed tasks = 0]
11:32:46:148  INFO 6916 --- [SpringApplicationShutdownHook] com.alibaba.nacos.common.remote.client   : Close current connection 1730258686094_127.0.0.1_64719
11:32:46:154  INFO 6916 --- [nacos-grpc-client-executor-127.0.0.1-136] c.a.n.c.remote.client.grpc.GrpcClient    : [1730258686094_127.0.0.1_64719]Ignore complete event,isRunning:false,isAbandon=false
11:32:46:156  INFO 6916 --- [SpringApplicationShutdownHook] c.a.n.c.remote.client.grpc.GrpcClient    : Shutdown grpc executor java.util.concurrent.ThreadPoolExecutor@27746c5e[Running, pool size = 5, active threads = 0, queued tasks = 0, completed tasks = 137]
11:32:46:156  INFO 6916 --- [SpringApplicationShutdownHook] com.alibaba.nacos.client.naming          : Shutdown grpc redo service executor java.util.concurrent.ScheduledThreadPoolExecutor@60b553f[Running, pool size = 1, active threads = 0, queued tasks = 1, completed tasks = 159]
11:32:46:157  INFO 6916 --- [SpringApplicationShutdownHook] c.a.n.c.a.r.identify.CredentialWatcher   : [null] CredentialWatcher is stopped
11:32:46:157  INFO 6916 --- [SpringApplicationShutdownHook] c.a.n.c.a.r.identify.CredentialService   : [null] CredentialService is freed
11:32:46:157  INFO 6916 --- [SpringApplicationShutdownHook] com.alibaba.nacos.client.naming          : com.alibaba.nacos.client.naming.remote.NamingClientProxyDelegate do shutdown stop
11:32:46:166  INFO 6916 --- [SpringApplicationShutdownHook] com.zaxxer.hikari.HikariDataSource       : HikariPool-1 - Shutdown initiated...
11:32:46:182  INFO 6916 --- [SpringApplicationShutdownHook] com.zaxxer.hikari.HikariDataSource       : HikariPool-1 - Shutdown completed.
11:32:54:782  WARN 13532 --- [main] c.a.nacos.client.logging.NacosLogging    : Load Logback Configuration of Nacos fail, message: Could not initialize Logback Nacos logging from classpath:nacos-logback.xml
11:32:54:831  WARN 13532 --- [main] c.a.nacos.client.logging.NacosLogging    : Load Logback Configuration of Nacos fail, message: Could not initialize Logback Nacos logging from classpath:nacos-logback.xml
11:32:54:840  INFO 13532 --- [main] com.example.trade.TradeApplication       : Starting TradeApplication using Java 21.0.1 with PID 13532 (E:\ticketManage\trade-service\target\classes started by 19073 in E:\ticketManage)
11:32:54:841 DEBUG 13532 --- [main] com.example.trade.TradeApplication       : Running with Spring Boot v3.0.2, Spring v6.0.4
11:32:54:841  INFO 13532 --- [main] com.example.trade.TradeApplication       : No active profile set, falling back to 1 default profile: "default"
11:32:55:989  INFO 13532 --- [main] o.s.cloud.context.scope.GenericScope     : BeanFactory id=ffd31d24-7736-35f7-adaa-ce32c0944c22
11:32:56:289  INFO 13532 --- [main] trationDelegate$BeanPostProcessorChecker : Bean 'org.springframework.cloud.client.loadbalancer.reactive.LoadBalancerBeanPostProcessorAutoConfiguration' of type [org.springframework.cloud.client.loadbalancer.reactive.LoadBalancerBeanPostProcessorAutoConfiguration] is not eligible for getting processed by all BeanPostProcessors (for example: not eligible for auto-proxying)
11:32:56:290  INFO 13532 --- [main] trationDelegate$BeanPostProcessorChecker : Bean 'org.springframework.cloud.client.loadbalancer.reactive.LoadBalancerBeanPostProcessorAutoConfiguration$ReactorDeferringLoadBalancerFilterConfig' of type [org.springframework.cloud.client.loadbalancer.reactive.LoadBalancerBeanPostProcessorAutoConfiguration$ReactorDeferringLoadBalancerFilterConfig] is not eligible for getting processed by all BeanPostProcessors (for example: not eligible for auto-proxying)
11:32:56:292  INFO 13532 --- [main] trationDelegate$BeanPostProcessorChecker : Bean 'reactorDeferringLoadBalancerExchangeFilterFunction' of type [org.springframework.cloud.client.loadbalancer.reactive.DeferringLoadBalancerExchangeFilterFunction] is not eligible for getting processed by all BeanPostProcessors (for example: not eligible for auto-proxying)
11:32:56:509  INFO 13532 --- [main] o.s.b.w.embedded.tomcat.TomcatWebServer  : Tomcat initialized with port(s): 8082 (http)
11:32:56:521  INFO 13532 --- [main] o.apache.catalina.core.StandardService   : Starting service [Tomcat]
11:32:56:521  INFO 13532 --- [main] o.apache.catalina.core.StandardEngine    : Starting Servlet engine: [Apache Tomcat/10.1.5]
11:32:56:632  INFO 13532 --- [main] o.a.c.c.C.[Tomcat].[localhost].[/]       : Initializing Spring embedded WebApplicationContext
11:32:56:632  INFO 13532 --- [main] w.s.c.ServletWebServerApplicationContext : Root WebApplicationContext: initialization completed in 1734 ms
11:32:57:128  INFO 13532 --- [main] o.s.c.openfeign.FeignClientFactoryBean   : For 'user-service' URL not provided. Will try picking an instance via load-balancing.
11:32:57:184  INFO 13532 --- [main] o.s.c.openfeign.FeignClientFactoryBean   : For 'sessions-service' URL not provided. Will try picking an instance via load-balancing.
11:32:57:205  INFO 13532 --- [main] o.s.c.openfeign.FeignClientFactoryBean   : For 'film-service' URL not provided. Will try picking an instance via load-balancing.
11:32:58:384  WARN 13532 --- [main] iguration$LoadBalancerCaffeineWarnLogger : Spring Cloud LoadBalancer is currently working with the default cache. While this cache implementation is useful for development and tests, it's recommended to use Caffeine cache in production.You can switch to using Caffeine cache, by adding it and org.springframework.cache.caffeine.CaffeineCacheManager to the classpath.
11:32:58:451  INFO 13532 --- [main] o.s.b.w.embedded.tomcat.TomcatWebServer  : Tomcat started on port(s): 8082 (http) with context path ''
11:32:58:460  WARN 13532 --- [main] c.a.nacos.client.logging.NacosLogging    : Load Logback Configuration of Nacos fail, message: Could not initialize Logback Nacos logging from classpath:nacos-logback.xml
11:32:58:461  INFO 13532 --- [main] com.alibaba.nacos.client.naming          : initializer namespace from ans.namespace attribute : null
11:32:58:461  INFO 13532 --- [main] com.alibaba.nacos.client.naming          : initializer namespace from ALIBABA_ALIWARE_NAMESPACE attribute :null
11:32:58:462  INFO 13532 --- [main] com.alibaba.nacos.client.naming          : initializer namespace from namespace attribute :null
11:32:58:482  INFO 13532 --- [main] c.alibaba.nacos.client.utils.ParamUtil   : [settings] [req-serv] nacos-server port:8848
11:32:58:482  INFO 13532 --- [main] c.alibaba.nacos.client.utils.ParamUtil   : [settings] [http-client] connect timeout:1000
11:32:58:483  INFO 13532 --- [main] c.alibaba.nacos.client.utils.ParamUtil   : PER_TASK_CONFIG_SIZE: 3000.0
11:32:58:489  INFO 13532 --- [main] c.a.n.p.a.s.c.ClientAuthPluginManager    : [ClientAuthPluginManager] Load ClientAuthService com.alibaba.nacos.client.auth.impl.NacosClientAuthServiceImpl success.
11:32:58:489  INFO 13532 --- [main] c.a.n.p.a.s.c.ClientAuthPluginManager    : [ClientAuthPluginManager] Load ClientAuthService com.alibaba.nacos.client.auth.ram.RamClientAuthServiceImpl success.
11:32:58:492  INFO 13532 --- [main] c.a.n.c.a.r.identify.CredentialWatcher   : null No credential found
11:32:58:499  INFO 13532 --- [main] com.alibaba.nacos.common.remote.client   : [RpcClientFactory] create a new rpc client of 583f40a6-2aee-44f5-a26a-17d3cc430aad
11:32:58:514  INFO 13532 --- [main] com.alibaba.nacos.common.remote.client   : [583f40a6-2aee-44f5-a26a-17d3cc430aad] RpcClient init, ServerListFactory = com.alibaba.nacos.client.naming.core.ServerListManager
11:32:58:515  INFO 13532 --- [main] com.alibaba.nacos.common.remote.client   : [583f40a6-2aee-44f5-a26a-17d3cc430aad] Registry connection listener to current client:com.alibaba.nacos.client.naming.remote.gprc.redo.NamingGrpcRedoService
11:32:58:515  INFO 13532 --- [main] com.alibaba.nacos.common.remote.client   : [583f40a6-2aee-44f5-a26a-17d3cc430aad] Register server push request handler:com.alibaba.nacos.client.naming.remote.gprc.NamingPushRequestHandler
11:32:58:517  INFO 13532 --- [main] com.alibaba.nacos.common.remote.client   : [583f40a6-2aee-44f5-a26a-17d3cc430aad] Try to connect to server on start up, server: {serverIp = '127.0.0.1', server main port = 8848}
11:32:58:573  INFO 13532 --- [main] c.a.n.c.remote.client.grpc.GrpcClient    : grpc client connection server:127.0.0.1 ip,serverPort:9848,grpcTslConfig:{"sslProvider":"OPENSSL","enableTls":false,"mutualAuthEnable":false,"trustAll":false}
11:32:59:200  INFO 13532 --- [main] com.alibaba.nacos.common.remote.client   : [583f40a6-2aee-44f5-a26a-17d3cc430aad] Success to connect to server [127.0.0.1:8848] on start up, connectionId = 1730259179020_127.0.0.1_64926
11:32:59:202  INFO 13532 --- [com.alibaba.nacos.client.remote.worker] com.alibaba.nacos.common.remote.client   : [583f40a6-2aee-44f5-a26a-17d3cc430aad] Notify connected event to listeners.
11:32:59:205  INFO 13532 --- [com.alibaba.nacos.client.remote.worker] com.alibaba.nacos.client.naming          : Grpc connection connect
11:32:59:205  INFO 13532 --- [main] com.alibaba.nacos.common.remote.client   : [583f40a6-2aee-44f5-a26a-17d3cc430aad] Register server push request handler:com.alibaba.nacos.common.remote.client.RpcClient$ConnectResetRequestHandler
11:32:59:206  INFO 13532 --- [main] com.alibaba.nacos.common.remote.client   : [583f40a6-2aee-44f5-a26a-17d3cc430aad] Register server push request handler:com.alibaba.nacos.common.remote.client.RpcClient$$Lambda/0x00000284817aa7b8
11:32:59:211  INFO 13532 --- [main] com.alibaba.nacos.client.naming          : [REGISTER-SERVICE] ticket registering service trade-service with instance Instance{instanceId='null', ip='192.168.162.1', port=8082, weight=1.0, healthy=true, enabled=true, ephemeral=true, clusterName='DEFAULT', serviceName='null', metadata={IPv6=null, preserved.register.source=SPRING_CLOUD}}
11:32:59:264  INFO 13532 --- [main] c.a.c.n.registry.NacosServiceRegistry    : nacos registry, DEFAULT_GROUP trade-service 192.168.162.1:8082 register finished
11:32:59:277  INFO 13532 --- [main] com.example.trade.TradeApplication       : Started TradeApplication in 4.896 seconds (process running for 5.789)
11:33:09:177  INFO 13532 --- [http-nio-8082-exec-1] o.a.c.c.C.[Tomcat].[localhost].[/]       : Initializing Spring DispatcherServlet 'dispatcherServlet'
11:33:09:177  INFO 13532 --- [http-nio-8082-exec-1] o.s.web.servlet.DispatcherServlet        : Initializing Servlet 'dispatcherServlet'
11:33:09:179  INFO 13532 --- [http-nio-8082-exec-1] o.s.web.servlet.DispatcherServlet        : Completed initialization in 2 ms
11:33:09:268 ERROR 13532 --- [http-nio-8082-exec-1] o.a.c.c.C.[.[.[/].[dispatcherServlet]    : Servlet.service() for servlet [dispatcherServlet] in context with path [] threw exception [Request processing failed: org.mybatis.spring.MyBatisSystemException] with root cause

org.apache.ibatis.binding.BindingException: Parameter 'hallId' not found. Available parameters are [uid, param5, pageNumber, filmId, pageSize, sessionId, param3, param4, param1, param2]
	at org.apache.ibatis.binding.MapperMethod$ParamMap.get(MapperMethod.java:210) ~[mybatis-3.5.16.jar:3.5.16]
	at org.apache.ibatis.scripting.xmltags.DynamicContext$ContextAccessor.getProperty(DynamicContext.java:119) ~[mybatis-3.5.16.jar:3.5.16]
	at org.apache.ibatis.ognl.OgnlRuntime.getProperty(OgnlRuntime.java:2341) ~[mybatis-3.5.16.jar:3.5.16]
	at org.apache.ibatis.ognl.ASTProperty.getValueBody(ASTProperty.java:95) ~[mybatis-3.5.16.jar:3.5.16]
	at org.apache.ibatis.ognl.SimpleNode.evaluateGetValueBody(SimpleNode.java:171) ~[mybatis-3.5.16.jar:3.5.16]
	at org.apache.ibatis.ognl.SimpleNode.getValue(SimpleNode.java:206) ~[mybatis-3.5.16.jar:3.5.16]
	at org.apache.ibatis.ognl.ASTNotEq.getValueBody(ASTNotEq.java:34) ~[mybatis-3.5.16.jar:3.5.16]
	at org.apache.ibatis.ognl.SimpleNode.evaluateGetValueBody(SimpleNode.java:171) ~[mybatis-3.5.16.jar:3.5.16]
	at org.apache.ibatis.ognl.SimpleNode.getValue(SimpleNode.java:206) ~[mybatis-3.5.16.jar:3.5.16]
	at org.apache.ibatis.ognl.Ognl.getValue(Ognl.java:408) ~[mybatis-3.5.16.jar:3.5.16]
	at org.apache.ibatis.ognl.Ognl.getValue(Ognl.java:383) ~[mybatis-3.5.16.jar:3.5.16]
	at org.apache.ibatis.scripting.xmltags.OgnlCache.getValue(OgnlCache.java:47) ~[mybatis-3.5.16.jar:3.5.16]
	at org.apache.ibatis.scripting.xmltags.ExpressionEvaluator.evaluateBoolean(ExpressionEvaluator.java:32) ~[mybatis-3.5.16.jar:3.5.16]
	at org.apache.ibatis.scripting.xmltags.IfSqlNode.apply(IfSqlNode.java:34) ~[mybatis-3.5.16.jar:3.5.16]
	at org.apache.ibatis.scripting.xmltags.MixedSqlNode.lambda$apply$0(MixedSqlNode.java:32) ~[mybatis-3.5.16.jar:3.5.16]
	at java.base/java.util.ArrayList.forEach(ArrayList.java:1596) ~[na:na]
	at org.apache.ibatis.scripting.xmltags.MixedSqlNode.apply(MixedSqlNode.java:32) ~[mybatis-3.5.16.jar:3.5.16]
	at org.apache.ibatis.scripting.xmltags.TrimSqlNode.apply(TrimSqlNode.java:58) ~[mybatis-3.5.16.jar:3.5.16]
	at org.apache.ibatis.scripting.xmltags.MixedSqlNode.lambda$apply$0(MixedSqlNode.java:32) ~[mybatis-3.5.16.jar:3.5.16]
	at java.base/java.util.ArrayList.forEach(ArrayList.java:1596) ~[na:na]
	at org.apache.ibatis.scripting.xmltags.MixedSqlNode.apply(MixedSqlNode.java:32) ~[mybatis-3.5.16.jar:3.5.16]
	at org.apache.ibatis.scripting.xmltags.DynamicSqlSource.getBoundSql(DynamicSqlSource.java:39) ~[mybatis-3.5.16.jar:3.5.16]
	at org.apache.ibatis.mapping.MappedStatement.getBoundSql(MappedStatement.java:320) ~[mybatis-3.5.16.jar:3.5.16]
	at org.apache.ibatis.executor.CachingExecutor.query(CachingExecutor.java:88) ~[mybatis-3.5.16.jar:3.5.16]
	at org.apache.ibatis.session.defaults.DefaultSqlSession.selectList(DefaultSqlSession.java:154) ~[mybatis-3.5.16.jar:3.5.16]
	at org.apache.ibatis.session.defaults.DefaultSqlSession.selectList(DefaultSqlSession.java:147) ~[mybatis-3.5.16.jar:3.5.16]
	at org.apache.ibatis.session.defaults.DefaultSqlSession.selectList(DefaultSqlSession.java:142) ~[mybatis-3.5.16.jar:3.5.16]
	at java.base/jdk.internal.reflect.DirectMethodHandleAccessor.invoke(DirectMethodHandleAccessor.java:103) ~[na:na]
	at java.base/java.lang.reflect.Method.invoke(Method.java:580) ~[na:na]
	at org.mybatis.spring.SqlSessionTemplate$SqlSessionInterceptor.invoke(SqlSessionTemplate.java:425) ~[mybatis-spring-2.1.2.jar:2.1.2]
	at jdk.proxy2/jdk.proxy2.$Proxy83.selectList(Unknown Source) ~[na:na]
	at org.mybatis.spring.SqlSessionTemplate.selectList(SqlSessionTemplate.java:224) ~[mybatis-spring-2.1.2.jar:2.1.2]
	at com.baomidou.mybatisplus.core.override.MybatisMapperMethod.executeForMany(MybatisMapperMethod.java:164) ~[mybatis-plus-core-3.5.7.jar:3.5.7]
	at com.baomidou.mybatisplus.core.override.MybatisMapperMethod.execute(MybatisMapperMethod.java:77) ~[mybatis-plus-core-3.5.7.jar:3.5.7]
	at com.baomidou.mybatisplus.core.override.MybatisMapperProxy$PlainMethodInvoker.invoke(MybatisMapperProxy.java:152) ~[mybatis-plus-core-3.5.7.jar:3.5.7]
	at com.baomidou.mybatisplus.core.override.MybatisMapperProxy.invoke(MybatisMapperProxy.java:89) ~[mybatis-plus-core-3.5.7.jar:3.5.7]
	at jdk.proxy2/jdk.proxy2.$Proxy88.getTradeList(Unknown Source) ~[na:na]
	at com.example.trade.service.impl.TradeServiceImpl.getTradeList(TradeServiceImpl.java:31) ~[classes/:na]
	at com.example.trade.controller.TradeController.getTrades(TradeController.java:100) ~[classes/:na]
	at java.base/jdk.internal.reflect.DirectMethodHandleAccessor.invoke(DirectMethodHandleAccessor.java:103) ~[na:na]
	at java.base/java.lang.reflect.Method.invoke(Method.java:580) ~[na:na]
	at org.springframework.web.method.support.InvocableHandlerMethod.doInvoke(InvocableHandlerMethod.java:207) ~[spring-web-6.0.4.jar:6.0.4]
	at org.springframework.web.method.support.InvocableHandlerMethod.invokeForRequest(InvocableHandlerMethod.java:152) ~[spring-web-6.0.4.jar:6.0.4]
	at org.springframework.web.servlet.mvc.method.annotation.ServletInvocableHandlerMethod.invokeAndHandle(ServletInvocableHandlerMethod.java:117) ~[spring-webmvc-6.0.4.jar:6.0.4]
	at org.springframework.web.servlet.mvc.method.annotation.RequestMappingHandlerAdapter.invokeHandlerMethod(RequestMappingHandlerAdapter.java:884) ~[spring-webmvc-6.0.4.jar:6.0.4]
	at org.springframework.web.servlet.mvc.method.annotation.RequestMappingHandlerAdapter.handleInternal(RequestMappingHandlerAdapter.java:797) ~[spring-webmvc-6.0.4.jar:6.0.4]
	at org.springframework.web.servlet.mvc.method.AbstractHandlerMethodAdapter.handle(AbstractHandlerMethodAdapter.java:87) ~[spring-webmvc-6.0.4.jar:6.0.4]
	at org.springframework.web.servlet.DispatcherServlet.doDispatch(DispatcherServlet.java:1080) ~[spring-webmvc-6.0.4.jar:6.0.4]
	at org.springframework.web.servlet.DispatcherServlet.doService(DispatcherServlet.java:973) ~[spring-webmvc-6.0.4.jar:6.0.4]
	at org.springframework.web.servlet.FrameworkServlet.processRequest(FrameworkServlet.java:1011) ~[spring-webmvc-6.0.4.jar:6.0.4]
	at org.springframework.web.servlet.FrameworkServlet.doGet(FrameworkServlet.java:903) ~[spring-webmvc-6.0.4.jar:6.0.4]
	at jakarta.servlet.http.HttpServlet.service(HttpServlet.java:705) ~[tomcat-embed-core-10.1.5.jar:6.0]
	at org.springframework.web.servlet.FrameworkServlet.service(FrameworkServlet.java:885) ~[spring-webmvc-6.0.4.jar:6.0.4]
	at jakarta.servlet.http.HttpServlet.service(HttpServlet.java:814) ~[tomcat-embed-core-10.1.5.jar:6.0]
	at org.apache.catalina.core.ApplicationFilterChain.internalDoFilter(ApplicationFilterChain.java:223) ~[tomcat-embed-core-10.1.5.jar:10.1.5]
	at org.apache.catalina.core.ApplicationFilterChain.doFilter(ApplicationFilterChain.java:158) ~[tomcat-embed-core-10.1.5.jar:10.1.5]
	at org.apache.tomcat.websocket.server.WsFilter.doFilter(WsFilter.java:53) ~[tomcat-embed-websocket-10.1.5.jar:10.1.5]
	at org.apache.catalina.core.ApplicationFilterChain.internalDoFilter(ApplicationFilterChain.java:185) ~[tomcat-embed-core-10.1.5.jar:10.1.5]
	at org.apache.catalina.core.ApplicationFilterChain.doFilter(ApplicationFilterChain.java:158) ~[tomcat-embed-core-10.1.5.jar:10.1.5]
	at org.springframework.web.filter.RequestContextFilter.doFilterInternal(RequestContextFilter.java:100) ~[spring-web-6.0.4.jar:6.0.4]
	at org.springframework.web.filter.OncePerRequestFilter.doFilter(OncePerRequestFilter.java:116) ~[spring-web-6.0.4.jar:6.0.4]
	at org.apache.catalina.core.ApplicationFilterChain.internalDoFilter(ApplicationFilterChain.java:185) ~[tomcat-embed-core-10.1.5.jar:10.1.5]
	at org.apache.catalina.core.ApplicationFilterChain.doFilter(ApplicationFilterChain.java:158) ~[tomcat-embed-core-10.1.5.jar:10.1.5]
	at org.springframework.web.filter.FormContentFilter.doFilterInternal(FormContentFilter.java:93) ~[spring-web-6.0.4.jar:6.0.4]
	at org.springframework.web.filter.OncePerRequestFilter.doFilter(OncePerRequestFilter.java:116) ~[spring-web-6.0.4.jar:6.0.4]
	at org.apache.catalina.core.ApplicationFilterChain.internalDoFilter(ApplicationFilterChain.java:185) ~[tomcat-embed-core-10.1.5.jar:10.1.5]
	at org.apache.catalina.core.ApplicationFilterChain.doFilter(ApplicationFilterChain.java:158) ~[tomcat-embed-core-10.1.5.jar:10.1.5]
	at org.springframework.web.filter.CharacterEncodingFilter.doFilterInternal(CharacterEncodingFilter.java:201) ~[spring-web-6.0.4.jar:6.0.4]
	at org.springframework.web.filter.OncePerRequestFilter.doFilter(OncePerRequestFilter.java:116) ~[spring-web-6.0.4.jar:6.0.4]
	at org.apache.catalina.core.ApplicationFilterChain.internalDoFilter(ApplicationFilterChain.java:185) ~[tomcat-embed-core-10.1.5.jar:10.1.5]
	at org.apache.catalina.core.ApplicationFilterChain.doFilter(ApplicationFilterChain.java:158) ~[tomcat-embed-core-10.1.5.jar:10.1.5]
	at org.apache.catalina.core.StandardWrapperValve.invoke(StandardWrapperValve.java:177) ~[tomcat-embed-core-10.1.5.jar:10.1.5]
	at org.apache.catalina.core.StandardContextValve.invoke(StandardContextValve.java:97) ~[tomcat-embed-core-10.1.5.jar:10.1.5]
	at org.apache.catalina.authenticator.AuthenticatorBase.invoke(AuthenticatorBase.java:542) ~[tomcat-embed-core-10.1.5.jar:10.1.5]
	at org.apache.catalina.core.StandardHostValve.invoke(StandardHostValve.java:119) ~[tomcat-embed-core-10.1.5.jar:10.1.5]
	at org.apache.catalina.valves.ErrorReportValve.invoke(ErrorReportValve.java:92) ~[tomcat-embed-core-10.1.5.jar:10.1.5]
	at org.apache.catalina.core.StandardEngineValve.invoke(StandardEngineValve.java:78) ~[tomcat-embed-core-10.1.5.jar:10.1.5]
	at org.apache.catalina.connector.CoyoteAdapter.service(CoyoteAdapter.java:357) ~[tomcat-embed-core-10.1.5.jar:10.1.5]
	at org.apache.coyote.http11.Http11Processor.service(Http11Processor.java:400) ~[tomcat-embed-core-10.1.5.jar:10.1.5]
	at org.apache.coyote.AbstractProcessorLight.process(AbstractProcessorLight.java:65) ~[tomcat-embed-core-10.1.5.jar:10.1.5]
	at org.apache.coyote.AbstractProtocol$ConnectionHandler.process(AbstractProtocol.java:859) ~[tomcat-embed-core-10.1.5.jar:10.1.5]
	at org.apache.tomcat.util.net.NioEndpoint$SocketProcessor.doRun(NioEndpoint.java:1734) ~[tomcat-embed-core-10.1.5.jar:10.1.5]
	at org.apache.tomcat.util.net.SocketProcessorBase.run(SocketProcessorBase.java:52) ~[tomcat-embed-core-10.1.5.jar:10.1.5]
	at org.apache.tomcat.util.threads.ThreadPoolExecutor.runWorker(ThreadPoolExecutor.java:1191) ~[tomcat-embed-core-10.1.5.jar:10.1.5]
	at org.apache.tomcat.util.threads.ThreadPoolExecutor$Worker.run(ThreadPoolExecutor.java:659) ~[tomcat-embed-core-10.1.5.jar:10.1.5]
	at org.apache.tomcat.util.threads.TaskThread$WrappingRunnable.run(TaskThread.java:61) ~[tomcat-embed-core-10.1.5.jar:10.1.5]
	at java.base/java.lang.Thread.run(Thread.java:1583) ~[na:na]

11:34:32:943  WARN 13532 --- [Thread-7] c.a.n.common.http.HttpClientBeanHolder   : [HttpClientBeanHolder] Start destroying common HttpClient
11:34:32:943  WARN 13532 --- [Thread-4] c.a.nacos.common.notify.NotifyCenter     : [NotifyCenter] Start destroying Publisher
11:34:32:944  WARN 13532 --- [Thread-4] c.a.nacos.common.notify.NotifyCenter     : [NotifyCenter] Destruction of the end
11:34:32:944  WARN 13532 --- [Thread-7] c.a.n.common.http.HttpClientBeanHolder   : [HttpClientBeanHolder] Destruction of the end
11:34:32:960  INFO 13532 --- [SpringApplicationShutdownHook] c.a.c.n.registry.NacosServiceRegistry    : De-registering from Nacos Server now...
11:34:32:960  INFO 13532 --- [SpringApplicationShutdownHook] com.alibaba.nacos.client.naming          : [DEREGISTER-SERVICE] ticket deregistering service trade-service with instance: Instance{instanceId='null', ip='192.168.162.1', port=8082, weight=1.0, healthy=true, enabled=true, ephemeral=true, clusterName='DEFAULT', serviceName='null', metadata={}}
11:34:32:964  INFO 13532 --- [SpringApplicationShutdownHook] c.a.c.n.registry.NacosServiceRegistry    : De-registration finished.
11:34:32:965  INFO 13532 --- [SpringApplicationShutdownHook] com.alibaba.nacos.client.naming          : com.alibaba.nacos.client.naming.cache.ServiceInfoHolder do shutdown begin
11:34:32:965  INFO 13532 --- [SpringApplicationShutdownHook] com.alibaba.nacos.client.naming          : com.alibaba.nacos.client.naming.backups.FailoverReactor do shutdown begin
11:34:32:965  INFO 13532 --- [SpringApplicationShutdownHook] com.alibaba.nacos.client.naming          : com.alibaba.nacos.client.naming.backups.FailoverReactor do shutdown stop
11:34:32:965  INFO 13532 --- [SpringApplicationShutdownHook] com.alibaba.nacos.client.naming          : com.alibaba.nacos.client.naming.cache.ServiceInfoHolder do shutdown stop
11:34:32:965  INFO 13532 --- [SpringApplicationShutdownHook] com.alibaba.nacos.client.naming          : com.alibaba.nacos.client.naming.remote.NamingClientProxyDelegate do shutdown begin
11:34:32:965  INFO 13532 --- [SpringApplicationShutdownHook] com.alibaba.nacos.client.naming          : com.alibaba.nacos.client.naming.core.ServiceInfoUpdateService do shutdown begin
11:34:32:966  INFO 13532 --- [SpringApplicationShutdownHook] com.alibaba.nacos.client.naming          : com.alibaba.nacos.client.naming.core.ServiceInfoUpdateService do shutdown stop
11:34:32:966  INFO 13532 --- [SpringApplicationShutdownHook] com.alibaba.nacos.client.naming          : com.alibaba.nacos.client.naming.core.ServerListManager do shutdown begin
11:34:32:966  WARN 13532 --- [SpringApplicationShutdownHook] com.alibaba.nacos.client.naming          : [NamingHttpClientManager] Start destroying NacosRestTemplate
11:34:32:966  WARN 13532 --- [SpringApplicationShutdownHook] com.alibaba.nacos.client.naming          : [NamingHttpClientManager] Destruction of the end
11:34:32:966  INFO 13532 --- [SpringApplicationShutdownHook] com.alibaba.nacos.client.naming          : com.alibaba.nacos.client.naming.core.ServerListManager do shutdown stop
11:34:32:966  INFO 13532 --- [SpringApplicationShutdownHook] com.alibaba.nacos.client.naming          : com.alibaba.nacos.client.naming.remote.http.NamingHttpClientProxy do shutdown begin
11:34:32:966  WARN 13532 --- [SpringApplicationShutdownHook] com.alibaba.nacos.client.naming          : [NamingHttpClientManager] Start destroying NacosRestTemplate
11:34:32:966  WARN 13532 --- [SpringApplicationShutdownHook] com.alibaba.nacos.client.naming          : [NamingHttpClientManager] Destruction of the end
11:34:32:966  INFO 13532 --- [SpringApplicationShutdownHook] com.alibaba.nacos.client.naming          : com.alibaba.nacos.client.naming.remote.http.NamingHttpClientProxy do shutdown stop
11:34:32:966  INFO 13532 --- [SpringApplicationShutdownHook] com.alibaba.nacos.common.remote.client   : Shutdown rpc client, set status to shutdown
11:34:32:966  INFO 13532 --- [SpringApplicationShutdownHook] com.alibaba.nacos.common.remote.client   : Shutdown client event executor java.util.concurrent.ScheduledThreadPoolExecutor@227b9277[Running, pool size = 2, active threads = 2, queued tasks = 0, completed tasks = 0]
11:34:32:966  INFO 13532 --- [SpringApplicationShutdownHook] com.alibaba.nacos.common.remote.client   : Close current connection 1730259179020_127.0.0.1_64926
11:34:32:969  INFO 13532 --- [nacos-grpc-client-executor-127.0.0.1-39] c.a.n.c.remote.client.grpc.GrpcClient    : [1730259179020_127.0.0.1_64926]Ignore complete event,isRunning:false,isAbandon=false
11:34:32:971  INFO 13532 --- [SpringApplicationShutdownHook] c.a.n.c.remote.client.grpc.GrpcClient    : Shutdown grpc executor java.util.concurrent.ThreadPoolExecutor@7831d1aa[Running, pool size = 6, active threads = 0, queued tasks = 0, completed tasks = 40]
11:34:32:971  INFO 13532 --- [SpringApplicationShutdownHook] com.alibaba.nacos.client.naming          : Shutdown grpc redo service executor java.util.concurrent.ScheduledThreadPoolExecutor@7846913f[Running, pool size = 1, active threads = 0, queued tasks = 1, completed tasks = 31]
11:34:32:971  INFO 13532 --- [SpringApplicationShutdownHook] c.a.n.c.a.r.identify.CredentialWatcher   : [null] CredentialWatcher is stopped
11:34:32:971  INFO 13532 --- [SpringApplicationShutdownHook] c.a.n.c.a.r.identify.CredentialService   : [null] CredentialService is freed
11:34:32:972  INFO 13532 --- [SpringApplicationShutdownHook] com.alibaba.nacos.client.naming          : com.alibaba.nacos.client.naming.remote.NamingClientProxyDelegate do shutdown stop
11:34:39:668  WARN 18796 --- [main] c.a.nacos.client.logging.NacosLogging    : Load Logback Configuration of Nacos fail, message: Could not initialize Logback Nacos logging from classpath:nacos-logback.xml
11:34:39:734  WARN 18796 --- [main] c.a.nacos.client.logging.NacosLogging    : Load Logback Configuration of Nacos fail, message: Could not initialize Logback Nacos logging from classpath:nacos-logback.xml
11:34:39:748  INFO 18796 --- [main] com.example.trade.TradeApplication       : Starting TradeApplication using Java 21.0.1 with PID 18796 (E:\ticketManage\trade-service\target\classes started by 19073 in E:\ticketManage)
11:34:39:749 DEBUG 18796 --- [main] com.example.trade.TradeApplication       : Running with Spring Boot v3.0.2, Spring v6.0.4
11:34:39:750  INFO 18796 --- [main] com.example.trade.TradeApplication       : No active profile set, falling back to 1 default profile: "default"
11:34:41:246  INFO 18796 --- [main] o.s.cloud.context.scope.GenericScope     : BeanFactory id=ffd31d24-7736-35f7-adaa-ce32c0944c22
11:34:41:536  INFO 18796 --- [main] trationDelegate$BeanPostProcessorChecker : Bean 'org.springframework.cloud.client.loadbalancer.reactive.LoadBalancerBeanPostProcessorAutoConfiguration' of type [org.springframework.cloud.client.loadbalancer.reactive.LoadBalancerBeanPostProcessorAutoConfiguration] is not eligible for getting processed by all BeanPostProcessors (for example: not eligible for auto-proxying)
11:34:41:537  INFO 18796 --- [main] trationDelegate$BeanPostProcessorChecker : Bean 'org.springframework.cloud.client.loadbalancer.reactive.LoadBalancerBeanPostProcessorAutoConfiguration$ReactorDeferringLoadBalancerFilterConfig' of type [org.springframework.cloud.client.loadbalancer.reactive.LoadBalancerBeanPostProcessorAutoConfiguration$ReactorDeferringLoadBalancerFilterConfig] is not eligible for getting processed by all BeanPostProcessors (for example: not eligible for auto-proxying)
11:34:41:539  INFO 18796 --- [main] trationDelegate$BeanPostProcessorChecker : Bean 'reactorDeferringLoadBalancerExchangeFilterFunction' of type [org.springframework.cloud.client.loadbalancer.reactive.DeferringLoadBalancerExchangeFilterFunction] is not eligible for getting processed by all BeanPostProcessors (for example: not eligible for auto-proxying)
11:34:41:795  INFO 18796 --- [main] o.s.b.w.embedded.tomcat.TomcatWebServer  : Tomcat initialized with port(s): 8082 (http)
11:34:41:803  INFO 18796 --- [main] o.apache.catalina.core.StandardService   : Starting service [Tomcat]
11:34:41:804  INFO 18796 --- [main] o.apache.catalina.core.StandardEngine    : Starting Servlet engine: [Apache Tomcat/10.1.5]
11:34:41:931  INFO 18796 --- [main] o.a.c.c.C.[Tomcat].[localhost].[/]       : Initializing Spring embedded WebApplicationContext
11:34:41:931  INFO 18796 --- [main] w.s.c.ServletWebServerApplicationContext : Root WebApplicationContext: initialization completed in 2111 ms
11:34:42:461  INFO 18796 --- [main] o.s.c.openfeign.FeignClientFactoryBean   : For 'user-service' URL not provided. Will try picking an instance via load-balancing.
11:34:42:516  INFO 18796 --- [main] o.s.c.openfeign.FeignClientFactoryBean   : For 'sessions-service' URL not provided. Will try picking an instance via load-balancing.
11:34:42:538  INFO 18796 --- [main] o.s.c.openfeign.FeignClientFactoryBean   : For 'film-service' URL not provided. Will try picking an instance via load-balancing.
11:34:43:793  WARN 18796 --- [main] iguration$LoadBalancerCaffeineWarnLogger : Spring Cloud LoadBalancer is currently working with the default cache. While this cache implementation is useful for development and tests, it's recommended to use Caffeine cache in production.You can switch to using Caffeine cache, by adding it and org.springframework.cache.caffeine.CaffeineCacheManager to the classpath.
11:34:43:930  INFO 18796 --- [main] o.s.b.w.embedded.tomcat.TomcatWebServer  : Tomcat started on port(s): 8082 (http) with context path ''
11:34:43:945  WARN 18796 --- [main] c.a.nacos.client.logging.NacosLogging    : Load Logback Configuration of Nacos fail, message: Could not initialize Logback Nacos logging from classpath:nacos-logback.xml
11:34:43:945  INFO 18796 --- [main] com.alibaba.nacos.client.naming          : initializer namespace from ans.namespace attribute : null
11:34:43:946  INFO 18796 --- [main] com.alibaba.nacos.client.naming          : initializer namespace from ALIBABA_ALIWARE_NAMESPACE attribute :null
11:34:43:947  INFO 18796 --- [main] com.alibaba.nacos.client.naming          : initializer namespace from namespace attribute :null
11:34:43:977  INFO 18796 --- [main] c.alibaba.nacos.client.utils.ParamUtil   : [settings] [req-serv] nacos-server port:8848
11:34:43:977  INFO 18796 --- [main] c.alibaba.nacos.client.utils.ParamUtil   : [settings] [http-client] connect timeout:1000
11:34:43:978  INFO 18796 --- [main] c.alibaba.nacos.client.utils.ParamUtil   : PER_TASK_CONFIG_SIZE: 3000.0
11:34:43:982  INFO 18796 --- [main] c.a.n.p.a.s.c.ClientAuthPluginManager    : [ClientAuthPluginManager] Load ClientAuthService com.alibaba.nacos.client.auth.impl.NacosClientAuthServiceImpl success.
11:34:43:982  INFO 18796 --- [main] c.a.n.p.a.s.c.ClientAuthPluginManager    : [ClientAuthPluginManager] Load ClientAuthService com.alibaba.nacos.client.auth.ram.RamClientAuthServiceImpl success.
11:34:43:985  INFO 18796 --- [main] c.a.n.c.a.r.identify.CredentialWatcher   : null No credential found
11:34:43:992  INFO 18796 --- [main] com.alibaba.nacos.common.remote.client   : [RpcClientFactory] create a new rpc client of 6613251b-2558-4ae4-942f-bc9dacc68e9f
11:34:44:013  INFO 18796 --- [main] com.alibaba.nacos.common.remote.client   : [6613251b-2558-4ae4-942f-bc9dacc68e9f] RpcClient init, ServerListFactory = com.alibaba.nacos.client.naming.core.ServerListManager
11:34:44:013  INFO 18796 --- [main] com.alibaba.nacos.common.remote.client   : [6613251b-2558-4ae4-942f-bc9dacc68e9f] Registry connection listener to current client:com.alibaba.nacos.client.naming.remote.gprc.redo.NamingGrpcRedoService
11:34:44:014  INFO 18796 --- [main] com.alibaba.nacos.common.remote.client   : [6613251b-2558-4ae4-942f-bc9dacc68e9f] Register server push request handler:com.alibaba.nacos.client.naming.remote.gprc.NamingPushRequestHandler
11:34:44:016  INFO 18796 --- [main] com.alibaba.nacos.common.remote.client   : [6613251b-2558-4ae4-942f-bc9dacc68e9f] Try to connect to server on start up, server: {serverIp = '127.0.0.1', server main port = 8848}
11:34:44:048  INFO 18796 --- [main] c.a.n.c.remote.client.grpc.GrpcClient    : grpc client connection server:127.0.0.1 ip,serverPort:9848,grpcTslConfig:{"sslProvider":"OPENSSL","enableTls":false,"mutualAuthEnable":false,"trustAll":false}
11:34:44:746  INFO 18796 --- [main] com.alibaba.nacos.common.remote.client   : [6613251b-2558-4ae4-942f-bc9dacc68e9f] Success to connect to server [127.0.0.1:8848] on start up, connectionId = 1730259284535_127.0.0.1_64966
11:34:44:747  INFO 18796 --- [com.alibaba.nacos.client.remote.worker] com.alibaba.nacos.common.remote.client   : [6613251b-2558-4ae4-942f-bc9dacc68e9f] Notify connected event to listeners.
11:34:44:748  INFO 18796 --- [com.alibaba.nacos.client.remote.worker] com.alibaba.nacos.client.naming          : Grpc connection connect
11:34:44:749  INFO 18796 --- [main] com.alibaba.nacos.common.remote.client   : [6613251b-2558-4ae4-942f-bc9dacc68e9f] Register server push request handler:com.alibaba.nacos.common.remote.client.RpcClient$ConnectResetRequestHandler
11:34:44:750  INFO 18796 --- [main] com.alibaba.nacos.common.remote.client   : [6613251b-2558-4ae4-942f-bc9dacc68e9f] Register server push request handler:com.alibaba.nacos.common.remote.client.RpcClient$$Lambda/0x000001f4b27ac5d0
11:34:44:751  INFO 18796 --- [main] com.alibaba.nacos.client.naming          : [REGISTER-SERVICE] ticket registering service trade-service with instance Instance{instanceId='null', ip='192.168.162.1', port=8082, weight=1.0, healthy=true, enabled=true, ephemeral=true, clusterName='DEFAULT', serviceName='null', metadata={IPv6=null, preserved.register.source=SPRING_CLOUD}}
11:34:44:772  INFO 18796 --- [main] c.a.c.n.registry.NacosServiceRegistry    : nacos registry, DEFAULT_GROUP trade-service 192.168.162.1:8082 register finished
11:34:44:784  INFO 18796 --- [main] com.example.trade.TradeApplication       : Started TradeApplication in 5.692 seconds (process running for 6.897)
11:34:49:627  INFO 18796 --- [http-nio-8082-exec-1] o.a.c.c.C.[Tomcat].[localhost].[/]       : Initializing Spring DispatcherServlet 'dispatcherServlet'
11:34:49:628  INFO 18796 --- [http-nio-8082-exec-1] o.s.web.servlet.DispatcherServlet        : Initializing Servlet 'dispatcherServlet'
11:34:49:630  INFO 18796 --- [http-nio-8082-exec-1] o.s.web.servlet.DispatcherServlet        : Completed initialization in 2 ms
11:34:49:728  INFO 18796 --- [http-nio-8082-exec-1] com.zaxxer.hikari.HikariDataSource       : HikariPool-1 - Starting...
11:34:50:189  INFO 18796 --- [http-nio-8082-exec-1] com.zaxxer.hikari.pool.HikariPool        : HikariPool-1 - Added connection com.mysql.cj.jdbc.ConnectionImpl@1b1d99a3
11:34:50:193  INFO 18796 --- [http-nio-8082-exec-1] com.zaxxer.hikari.HikariDataSource       : HikariPool-1 - Start completed.
11:34:50:205 DEBUG 18796 --- [http-nio-8082-exec-1] c.e.t.mapper.TradeMapper.getTradeList    : ==>  Preparing: SELECT t.*, f.film_id, f.film_name, f.posters, h.hall_id, h.hall_name, s.seat_id, s.s_row , s.s_column, s.attr, u.uid, u.name, u.phone FROM trade t LEFT JOIN film f ON t.film_id = f.film_id LEFT JOIN hall h ON t.hall_id = h.hall_id LEFT JOIN seat s ON t.seat = s.seat_id LEFT JOIN user u ON t.uid = u.uid limit ?, ?
11:34:50:245 DEBUG 18796 --- [http-nio-8082-exec-1] c.e.t.mapper.TradeMapper.getTradeList    : ==> Parameters: 0(Integer), 1(Integer)
11:34:50:307 DEBUG 18796 --- [http-nio-8082-exec-1] c.e.t.mapper.TradeMapper.getTradeList    : <==      Total: 1
11:34:50:317 DEBUG 18796 --- [http-nio-8082-exec-1] c.e.trade.mapper.TradeMapper.countTrade  : ==>  Preparing: SELECT COUNT(*) FROM trade
11:34:50:317 DEBUG 18796 --- [http-nio-8082-exec-1] c.e.trade.mapper.TradeMapper.countTrade  : ==> Parameters: 
11:34:50:321 DEBUG 18796 --- [http-nio-8082-exec-1] c.e.trade.mapper.TradeMapper.countTrade  : <==      Total: 1
11:36:57:619 DEBUG 18796 --- [http-nio-8082-exec-3] c.e.t.mapper.TradeMapper.getTradeList    : ==>  Preparing: SELECT t.*, f.film_id, f.film_name, f.posters, h.hall_id, h.hall_name, s.seat_id, s.s_row , s.s_column, s.attr, u.uid, u.name, u.phone FROM trade t LEFT JOIN film f ON t.film_id = f.film_id LEFT JOIN hall h ON t.hall_id = h.hall_id LEFT JOIN seat s ON t.seat = s.seat_id LEFT JOIN user u ON t.uid = u.uid limit ?, ?
11:36:57:620 DEBUG 18796 --- [http-nio-8082-exec-3] c.e.t.mapper.TradeMapper.getTradeList    : ==> Parameters: 0(Integer), 10(Integer)
11:36:57:628 DEBUG 18796 --- [http-nio-8082-exec-3] c.e.t.mapper.TradeMapper.getTradeList    : <==      Total: 10
11:36:57:629 DEBUG 18796 --- [http-nio-8082-exec-3] c.e.trade.mapper.TradeMapper.countTrade  : ==>  Preparing: SELECT COUNT(*) FROM trade
11:36:57:629 DEBUG 18796 --- [http-nio-8082-exec-3] c.e.trade.mapper.TradeMapper.countTrade  : ==> Parameters: 
11:36:57:633 DEBUG 18796 --- [http-nio-8082-exec-3] c.e.trade.mapper.TradeMapper.countTrade  : <==      Total: 1
11:37:40:754 DEBUG 18796 --- [http-nio-8082-exec-4] c.e.t.mapper.TradeMapper.getTradeList    : ==>  Preparing: SELECT t.*, f.film_id, f.film_name, f.posters, h.hall_id, h.hall_name, s.seat_id, s.s_row , s.s_column, s.attr, u.uid, u.name, u.phone FROM trade t LEFT JOIN film f ON t.film_id = f.film_id LEFT JOIN hall h ON t.hall_id = h.hall_id LEFT JOIN seat s ON t.seat = s.seat_id LEFT JOIN user u ON t.uid = u.uid limit ?, ?
11:37:40:754 DEBUG 18796 --- [http-nio-8082-exec-4] c.e.t.mapper.TradeMapper.getTradeList    : ==> Parameters: 0(Integer), 10(Integer)
11:37:40:765 DEBUG 18796 --- [http-nio-8082-exec-4] c.e.t.mapper.TradeMapper.getTradeList    : <==      Total: 10
11:37:40:766 DEBUG 18796 --- [http-nio-8082-exec-4] c.e.trade.mapper.TradeMapper.countTrade  : ==>  Preparing: SELECT COUNT(*) FROM trade
11:37:40:766 DEBUG 18796 --- [http-nio-8082-exec-4] c.e.trade.mapper.TradeMapper.countTrade  : ==> Parameters: 
11:37:40:769 DEBUG 18796 --- [http-nio-8082-exec-4] c.e.trade.mapper.TradeMapper.countTrade  : <==      Total: 1
11:45:10:825  WARN 18796 --- [Thread-7] c.a.n.common.http.HttpClientBeanHolder   : [HttpClientBeanHolder] Start destroying common HttpClient
11:45:10:825  WARN 18796 --- [Thread-4] c.a.nacos.common.notify.NotifyCenter     : [NotifyCenter] Start destroying Publisher
11:45:10:825  WARN 18796 --- [Thread-4] c.a.nacos.common.notify.NotifyCenter     : [NotifyCenter] Destruction of the end
11:45:10:826  WARN 18796 --- [Thread-7] c.a.n.common.http.HttpClientBeanHolder   : [HttpClientBeanHolder] Destruction of the end
11:45:10:841  INFO 18796 --- [SpringApplicationShutdownHook] c.a.c.n.registry.NacosServiceRegistry    : De-registering from Nacos Server now...
11:45:10:842  INFO 18796 --- [SpringApplicationShutdownHook] com.alibaba.nacos.client.naming          : [DEREGISTER-SERVICE] ticket deregistering service trade-service with instance: Instance{instanceId='null', ip='192.168.162.1', port=8082, weight=1.0, healthy=true, enabled=true, ephemeral=true, clusterName='DEFAULT', serviceName='null', metadata={}}
11:45:10:847  INFO 18796 --- [SpringApplicationShutdownHook] c.a.c.n.registry.NacosServiceRegistry    : De-registration finished.
11:45:10:848  INFO 18796 --- [SpringApplicationShutdownHook] com.alibaba.nacos.client.naming          : com.alibaba.nacos.client.naming.cache.ServiceInfoHolder do shutdown begin
11:45:10:848  INFO 18796 --- [SpringApplicationShutdownHook] com.alibaba.nacos.client.naming          : com.alibaba.nacos.client.naming.backups.FailoverReactor do shutdown begin
11:45:10:848  INFO 18796 --- [SpringApplicationShutdownHook] com.alibaba.nacos.client.naming          : com.alibaba.nacos.client.naming.backups.FailoverReactor do shutdown stop
11:45:10:848  INFO 18796 --- [SpringApplicationShutdownHook] com.alibaba.nacos.client.naming          : com.alibaba.nacos.client.naming.cache.ServiceInfoHolder do shutdown stop
11:45:10:849  INFO 18796 --- [SpringApplicationShutdownHook] com.alibaba.nacos.client.naming          : com.alibaba.nacos.client.naming.remote.NamingClientProxyDelegate do shutdown begin
11:45:10:849  INFO 18796 --- [SpringApplicationShutdownHook] com.alibaba.nacos.client.naming          : com.alibaba.nacos.client.naming.core.ServiceInfoUpdateService do shutdown begin
11:45:10:849  INFO 18796 --- [SpringApplicationShutdownHook] com.alibaba.nacos.client.naming          : com.alibaba.nacos.client.naming.core.ServiceInfoUpdateService do shutdown stop
11:45:10:849  INFO 18796 --- [SpringApplicationShutdownHook] com.alibaba.nacos.client.naming          : com.alibaba.nacos.client.naming.core.ServerListManager do shutdown begin
11:45:10:849  WARN 18796 --- [SpringApplicationShutdownHook] com.alibaba.nacos.client.naming          : [NamingHttpClientManager] Start destroying NacosRestTemplate
11:45:10:849  WARN 18796 --- [SpringApplicationShutdownHook] com.alibaba.nacos.client.naming          : [NamingHttpClientManager] Destruction of the end
11:45:10:849  INFO 18796 --- [SpringApplicationShutdownHook] com.alibaba.nacos.client.naming          : com.alibaba.nacos.client.naming.core.ServerListManager do shutdown stop
11:45:10:849  INFO 18796 --- [SpringApplicationShutdownHook] com.alibaba.nacos.client.naming          : com.alibaba.nacos.client.naming.remote.http.NamingHttpClientProxy do shutdown begin
11:45:10:850  WARN 18796 --- [SpringApplicationShutdownHook] com.alibaba.nacos.client.naming          : [NamingHttpClientManager] Start destroying NacosRestTemplate
11:45:10:850  WARN 18796 --- [SpringApplicationShutdownHook] com.alibaba.nacos.client.naming          : [NamingHttpClientManager] Destruction of the end
11:45:10:850  INFO 18796 --- [SpringApplicationShutdownHook] com.alibaba.nacos.client.naming          : com.alibaba.nacos.client.naming.remote.http.NamingHttpClientProxy do shutdown stop
11:45:10:850  INFO 18796 --- [SpringApplicationShutdownHook] com.alibaba.nacos.common.remote.client   : Shutdown rpc client, set status to shutdown
11:45:10:850  INFO 18796 --- [SpringApplicationShutdownHook] com.alibaba.nacos.common.remote.client   : Shutdown client event executor java.util.concurrent.ScheduledThreadPoolExecutor@5c2a3f0c[Running, pool size = 2, active threads = 2, queued tasks = 0, completed tasks = 0]
11:45:10:850  INFO 18796 --- [SpringApplicationShutdownHook] com.alibaba.nacos.common.remote.client   : Close current connection 1730259284535_127.0.0.1_64966
11:45:10:852  INFO 18796 --- [SpringApplicationShutdownHook] c.a.n.c.remote.client.grpc.GrpcClient    : Shutdown grpc executor java.util.concurrent.ThreadPoolExecutor@a6fc1bc[Running, pool size = 5, active threads = 0, queued tasks = 0, completed tasks = 177]
11:45:10:853  INFO 18796 --- [SpringApplicationShutdownHook] com.alibaba.nacos.client.naming          : Shutdown grpc redo service executor java.util.concurrent.ScheduledThreadPoolExecutor@12532e37[Running, pool size = 1, active threads = 0, queued tasks = 1, completed tasks = 208]
11:45:10:853  INFO 18796 --- [SpringApplicationShutdownHook] c.a.n.c.a.r.identify.CredentialWatcher   : [null] CredentialWatcher is stopped
11:45:10:853  INFO 18796 --- [SpringApplicationShutdownHook] c.a.n.c.a.r.identify.CredentialService   : [null] CredentialService is freed
11:45:10:853  INFO 18796 --- [SpringApplicationShutdownHook] com.alibaba.nacos.client.naming          : com.alibaba.nacos.client.naming.remote.NamingClientProxyDelegate do shutdown stop
11:45:10:858  INFO 18796 --- [SpringApplicationShutdownHook] com.zaxxer.hikari.HikariDataSource       : HikariPool-1 - Shutdown initiated...
11:45:10:874  INFO 18796 --- [SpringApplicationShutdownHook] com.zaxxer.hikari.HikariDataSource       : HikariPool-1 - Shutdown completed.
