10:43:00:933  WARN 14480 --- [main] c.a.nacos.client.logging.NacosLogging    : Load Logback Configuration of Nacos fail, message: Could not initialize Logback Nacos logging from classpath:nacos-logback.xml
10:43:00:997  WARN 14480 --- [main] c.a.nacos.client.logging.NacosLogging    : Load Logback Configuration of Nacos fail, message: Could not initialize Logback Nacos logging from classpath:nacos-logback.xml
10:43:01:008  INFO 14480 --- [main] c.example.sessions.SessionApplication    : Starting SessionApplication using Java 21.0.1 with PID 14480 (E:\ticketManage\sessions-service\target\classes started by 19073 in E:\ticketManage)
10:43:01:008 DEBUG 14480 --- [main] c.example.sessions.SessionApplication    : Running with Spring Boot v3.0.2, Spring v6.0.4
10:43:01:009  INFO 14480 --- [main] c.example.sessions.SessionApplication    : No active profile set, falling back to 1 default profile: "default"
10:43:02:177  INFO 14480 --- [main] o.s.cloud.context.scope.GenericScope     : BeanFactory id=28caae41-fa6b-37d7-b448-072dc2f3adb2
10:43:02:402  INFO 14480 --- [main] trationDelegate$BeanPostProcessorChecker : Bean 'org.springframework.cloud.client.loadbalancer.reactive.LoadBalancerBeanPostProcessorAutoConfiguration' of type [org.springframework.cloud.client.loadbalancer.reactive.LoadBalancerBeanPostProcessorAutoConfiguration] is not eligible for getting processed by all BeanPostProcessors (for example: not eligible for auto-proxying)
10:43:02:403  INFO 14480 --- [main] trationDelegate$BeanPostProcessorChecker : Bean 'org.springframework.cloud.client.loadbalancer.reactive.LoadBalancerBeanPostProcessorAutoConfiguration$ReactorDeferringLoadBalancerFilterConfig' of type [org.springframework.cloud.client.loadbalancer.reactive.LoadBalancerBeanPostProcessorAutoConfiguration$ReactorDeferringLoadBalancerFilterConfig] is not eligible for getting processed by all BeanPostProcessors (for example: not eligible for auto-proxying)
10:43:02:404  INFO 14480 --- [main] trationDelegate$BeanPostProcessorChecker : Bean 'reactorDeferringLoadBalancerExchangeFilterFunction' of type [org.springframework.cloud.client.loadbalancer.reactive.DeferringLoadBalancerExchangeFilterFunction] is not eligible for getting processed by all BeanPostProcessors (for example: not eligible for auto-proxying)
10:43:02:692  INFO 14480 --- [main] o.s.b.w.embedded.tomcat.TomcatWebServer  : Tomcat initialized with port(s): 8083 (http)
10:43:02:704  INFO 14480 --- [main] o.apache.catalina.core.StandardService   : Starting service [Tomcat]
10:43:02:705  INFO 14480 --- [main] o.apache.catalina.core.StandardEngine    : Starting Servlet engine: [Apache Tomcat/10.1.5]
10:43:02:807  INFO 14480 --- [main] o.a.c.c.C.[Tomcat].[localhost].[/]       : Initializing Spring embedded WebApplicationContext
10:43:02:808  INFO 14480 --- [main] w.s.c.ServletWebServerApplicationContext : Root WebApplicationContext: initialization completed in 1734 ms
10:43:03:333  INFO 14480 --- [main] o.s.c.openfeign.FeignClientFactoryBean   : For 'film-service' URL not provided. Will try picking an instance via load-balancing.
10:43:04:579  WARN 14480 --- [main] iguration$LoadBalancerCaffeineWarnLogger : Spring Cloud LoadBalancer is currently working with the default cache. While this cache implementation is useful for development and tests, it's recommended to use Caffeine cache in production.You can switch to using Caffeine cache, by adding it and org.springframework.cache.caffeine.CaffeineCacheManager to the classpath.
10:43:04:646  INFO 14480 --- [main] o.s.b.w.embedded.tomcat.TomcatWebServer  : Tomcat started on port(s): 8083 (http) with context path ''
10:43:04:657  WARN 14480 --- [main] c.a.nacos.client.logging.NacosLogging    : Load Logback Configuration of Nacos fail, message: Could not initialize Logback Nacos logging from classpath:nacos-logback.xml
10:43:04:658  INFO 14480 --- [main] com.alibaba.nacos.client.naming          : initializer namespace from ans.namespace attribute : null
10:43:04:659  INFO 14480 --- [main] com.alibaba.nacos.client.naming          : initializer namespace from ALIBABA_ALIWARE_NAMESPACE attribute :null
10:43:04:661  INFO 14480 --- [main] com.alibaba.nacos.client.naming          : initializer namespace from namespace attribute :null
10:43:04:695  INFO 14480 --- [main] c.alibaba.nacos.client.utils.ParamUtil   : [settings] [req-serv] nacos-server port:8848
10:43:04:695  INFO 14480 --- [main] c.alibaba.nacos.client.utils.ParamUtil   : [settings] [http-client] connect timeout:1000
10:43:04:697  INFO 14480 --- [main] c.alibaba.nacos.client.utils.ParamUtil   : PER_TASK_CONFIG_SIZE: 3000.0
10:43:04:704  INFO 14480 --- [main] c.a.n.p.a.s.c.ClientAuthPluginManager    : [ClientAuthPluginManager] Load ClientAuthService com.alibaba.nacos.client.auth.impl.NacosClientAuthServiceImpl success.
10:43:04:704  INFO 14480 --- [main] c.a.n.p.a.s.c.ClientAuthPluginManager    : [ClientAuthPluginManager] Load ClientAuthService com.alibaba.nacos.client.auth.ram.RamClientAuthServiceImpl success.
10:43:04:709  INFO 14480 --- [main] c.a.n.c.a.r.identify.CredentialWatcher   : null No credential found
10:43:04:723  INFO 14480 --- [main] com.alibaba.nacos.common.remote.client   : [RpcClientFactory] create a new rpc client of d289d214-b139-4aeb-9fa4-c113c962a8b9
10:43:04:753  INFO 14480 --- [main] com.alibaba.nacos.common.remote.client   : [d289d214-b139-4aeb-9fa4-c113c962a8b9] RpcClient init, ServerListFactory = com.alibaba.nacos.client.naming.core.ServerListManager
10:43:04:753  INFO 14480 --- [main] com.alibaba.nacos.common.remote.client   : [d289d214-b139-4aeb-9fa4-c113c962a8b9] Registry connection listener to current client:com.alibaba.nacos.client.naming.remote.gprc.redo.NamingGrpcRedoService
10:43:04:754  INFO 14480 --- [main] com.alibaba.nacos.common.remote.client   : [d289d214-b139-4aeb-9fa4-c113c962a8b9] Register server push request handler:com.alibaba.nacos.client.naming.remote.gprc.NamingPushRequestHandler
10:43:04:758  INFO 14480 --- [main] com.alibaba.nacos.common.remote.client   : [d289d214-b139-4aeb-9fa4-c113c962a8b9] Try to connect to server on start up, server: {serverIp = '127.0.0.1', server main port = 8848}
10:43:04:804  INFO 14480 --- [main] c.a.n.c.remote.client.grpc.GrpcClient    : grpc client connection server:127.0.0.1 ip,serverPort:9848,grpcTslConfig:{"sslProvider":"OPENSSL","enableTls":false,"mutualAuthEnable":false,"trustAll":false}
10:43:05:556  INFO 14480 --- [main] com.alibaba.nacos.common.remote.client   : [d289d214-b139-4aeb-9fa4-c113c962a8b9] Success to connect to server [127.0.0.1:8848] on start up, connectionId = 1730256185360_127.0.0.1_58295
10:43:05:557  INFO 14480 --- [com.alibaba.nacos.client.remote.worker] com.alibaba.nacos.common.remote.client   : [d289d214-b139-4aeb-9fa4-c113c962a8b9] Notify connected event to listeners.
10:43:05:557  INFO 14480 --- [com.alibaba.nacos.client.remote.worker] com.alibaba.nacos.client.naming          : Grpc connection connect
10:43:05:557  INFO 14480 --- [main] com.alibaba.nacos.common.remote.client   : [d289d214-b139-4aeb-9fa4-c113c962a8b9] Register server push request handler:com.alibaba.nacos.common.remote.client.RpcClient$ConnectResetRequestHandler
10:43:05:558  INFO 14480 --- [main] com.alibaba.nacos.common.remote.client   : [d289d214-b139-4aeb-9fa4-c113c962a8b9] Register server push request handler:com.alibaba.nacos.common.remote.client.RpcClient$$Lambda/0x000001653779e7c0
10:43:05:560  INFO 14480 --- [main] com.alibaba.nacos.client.naming          : [REGISTER-SERVICE] ticket registering service sessions-service with instance Instance{instanceId='null', ip='192.168.162.1', port=8083, weight=1.0, healthy=true, enabled=true, ephemeral=true, clusterName='DEFAULT', serviceName='null', metadata={IPv6=null, preserved.register.source=SPRING_CLOUD}}
10:43:05:579  INFO 14480 --- [main] c.a.c.n.registry.NacosServiceRegistry    : nacos registry, DEFAULT_GROUP sessions-service 192.168.162.1:8083 register finished
10:43:05:591  INFO 14480 --- [main] c.example.sessions.SessionApplication    : Started SessionApplication in 5.162 seconds (process running for 6.081)
10:43:36:168  INFO 14480 --- [http-nio-8083-exec-1] o.a.c.c.C.[Tomcat].[localhost].[/]       : Initializing Spring DispatcherServlet 'dispatcherServlet'
10:43:36:170  INFO 14480 --- [http-nio-8083-exec-1] o.s.web.servlet.DispatcherServlet        : Initializing Servlet 'dispatcherServlet'
10:43:36:172  INFO 14480 --- [http-nio-8083-exec-1] o.s.web.servlet.DispatcherServlet        : Completed initialization in 2 ms
10:43:36:526  WARN 14480 --- [http-nio-8083-exec-2] ocalVariableTableParameterNameDiscoverer : Using deprecated '-debug' fallback for parameter name resolution. Compile the affected code with '-parameters' instead or avoid its introspection: com.example.sessions.controller.SessionController
10:43:36:664  WARN 14480 --- [http-nio-8083-exec-2] ocalVariableTableParameterNameDiscoverer : Using deprecated '-debug' fallback for parameter name resolution. Compile the affected code with '-parameters' instead or avoid its introspection: com.example.sessions.controller.HallController
10:43:36:687  WARN 14480 --- [http-nio-8083-exec-2] ocalVariableTableParameterNameDiscoverer : Using deprecated '-debug' fallback for parameter name resolution. Compile the affected code with '-parameters' instead or avoid its introspection: com.example.sessions.controller.SeatController
10:43:36:836  INFO 14480 --- [http-nio-8083-exec-2] o.springdoc.api.AbstractOpenApiResource  : Init duration for springdoc-openapi is: 529 ms
10:44:23:262  WARN 14480 --- [http-nio-8083-exec-4] .w.s.m.s.DefaultHandlerExceptionResolver : Resolved [org.springframework.web.bind.MissingServletRequestParameterException: Required request parameter 'sessionId' for method parameter type String is not present]
10:44:56:244  WARN 14480 --- [http-nio-8083-exec-6] .w.s.m.s.DefaultHandlerExceptionResolver : Resolved [org.springframework.web.bind.MissingServletRequestParameterException: Required request parameter 'sessionId' for method parameter type String is not present]
10:44:56:871  WARN 14480 --- [http-nio-8083-exec-8] .w.s.m.s.DefaultHandlerExceptionResolver : Resolved [org.springframework.web.bind.MissingServletRequestParameterException: Required request parameter 'sessionId' for method parameter type String is not present]
10:45:03:407  WARN 14480 --- [Thread-4] c.a.nacos.common.notify.NotifyCenter     : [NotifyCenter] Start destroying Publisher
10:45:03:407  WARN 14480 --- [Thread-7] c.a.n.common.http.HttpClientBeanHolder   : [HttpClientBeanHolder] Start destroying common HttpClient
10:45:03:408  WARN 14480 --- [Thread-4] c.a.nacos.common.notify.NotifyCenter     : [NotifyCenter] Destruction of the end
10:45:03:408  WARN 14480 --- [Thread-7] c.a.n.common.http.HttpClientBeanHolder   : [HttpClientBeanHolder] Destruction of the end
10:45:03:425  INFO 14480 --- [SpringApplicationShutdownHook] c.a.c.n.registry.NacosServiceRegistry    : De-registering from Nacos Server now...
10:45:03:425  INFO 14480 --- [SpringApplicationShutdownHook] com.alibaba.nacos.client.naming          : [DEREGISTER-SERVICE] ticket deregistering service sessions-service with instance: Instance{instanceId='null', ip='192.168.162.1', port=8083, weight=1.0, healthy=true, enabled=true, ephemeral=true, clusterName='DEFAULT', serviceName='null', metadata={}}
10:45:03:431  INFO 14480 --- [SpringApplicationShutdownHook] c.a.c.n.registry.NacosServiceRegistry    : De-registration finished.
10:45:03:432  INFO 14480 --- [SpringApplicationShutdownHook] com.alibaba.nacos.client.naming          : com.alibaba.nacos.client.naming.cache.ServiceInfoHolder do shutdown begin
10:45:03:432  INFO 14480 --- [SpringApplicationShutdownHook] com.alibaba.nacos.client.naming          : com.alibaba.nacos.client.naming.backups.FailoverReactor do shutdown begin
10:45:03:432  INFO 14480 --- [SpringApplicationShutdownHook] com.alibaba.nacos.client.naming          : com.alibaba.nacos.client.naming.backups.FailoverReactor do shutdown stop
10:45:03:432  INFO 14480 --- [SpringApplicationShutdownHook] com.alibaba.nacos.client.naming          : com.alibaba.nacos.client.naming.cache.ServiceInfoHolder do shutdown stop
10:45:03:432  INFO 14480 --- [SpringApplicationShutdownHook] com.alibaba.nacos.client.naming          : com.alibaba.nacos.client.naming.remote.NamingClientProxyDelegate do shutdown begin
10:45:03:432  INFO 14480 --- [SpringApplicationShutdownHook] com.alibaba.nacos.client.naming          : com.alibaba.nacos.client.naming.core.ServiceInfoUpdateService do shutdown begin
10:45:03:432  INFO 14480 --- [SpringApplicationShutdownHook] com.alibaba.nacos.client.naming          : com.alibaba.nacos.client.naming.core.ServiceInfoUpdateService do shutdown stop
10:45:03:433  INFO 14480 --- [SpringApplicationShutdownHook] com.alibaba.nacos.client.naming          : com.alibaba.nacos.client.naming.core.ServerListManager do shutdown begin
10:45:03:433  WARN 14480 --- [SpringApplicationShutdownHook] com.alibaba.nacos.client.naming          : [NamingHttpClientManager] Start destroying NacosRestTemplate
10:45:03:433  WARN 14480 --- [SpringApplicationShutdownHook] com.alibaba.nacos.client.naming          : [NamingHttpClientManager] Destruction of the end
10:45:03:433  INFO 14480 --- [SpringApplicationShutdownHook] com.alibaba.nacos.client.naming          : com.alibaba.nacos.client.naming.core.ServerListManager do shutdown stop
10:45:03:433  INFO 14480 --- [SpringApplicationShutdownHook] com.alibaba.nacos.client.naming          : com.alibaba.nacos.client.naming.remote.http.NamingHttpClientProxy do shutdown begin
10:45:03:433  WARN 14480 --- [SpringApplicationShutdownHook] com.alibaba.nacos.client.naming          : [NamingHttpClientManager] Start destroying NacosRestTemplate
10:45:03:433  WARN 14480 --- [SpringApplicationShutdownHook] com.alibaba.nacos.client.naming          : [NamingHttpClientManager] Destruction of the end
10:45:03:433  INFO 14480 --- [SpringApplicationShutdownHook] com.alibaba.nacos.client.naming          : com.alibaba.nacos.client.naming.remote.http.NamingHttpClientProxy do shutdown stop
10:45:03:433  INFO 14480 --- [SpringApplicationShutdownHook] com.alibaba.nacos.common.remote.client   : Shutdown rpc client, set status to shutdown
10:45:03:433  INFO 14480 --- [SpringApplicationShutdownHook] com.alibaba.nacos.common.remote.client   : Shutdown client event executor java.util.concurrent.ScheduledThreadPoolExecutor@508f4bb5[Running, pool size = 2, active threads = 2, queued tasks = 0, completed tasks = 0]
10:45:03:433  INFO 14480 --- [SpringApplicationShutdownHook] com.alibaba.nacos.common.remote.client   : Close current connection 1730256185360_127.0.0.1_58295
10:45:03:436  INFO 14480 --- [nacos-grpc-client-executor-127.0.0.1-45] c.a.n.c.remote.client.grpc.GrpcClient    : [1730256185360_127.0.0.1_58295]Ignore complete event,isRunning:false,isAbandon=false
10:45:03:438  INFO 14480 --- [SpringApplicationShutdownHook] c.a.n.c.remote.client.grpc.GrpcClient    : Shutdown grpc executor java.util.concurrent.ThreadPoolExecutor@67784537[Running, pool size = 5, active threads = 0, queued tasks = 0, completed tasks = 46]
10:45:03:439  INFO 14480 --- [SpringApplicationShutdownHook] com.alibaba.nacos.client.naming          : Shutdown grpc redo service executor java.util.concurrent.ScheduledThreadPoolExecutor@9f2fe2e[Running, pool size = 1, active threads = 0, queued tasks = 1, completed tasks = 39]
10:45:03:439  INFO 14480 --- [SpringApplicationShutdownHook] c.a.n.c.a.r.identify.CredentialWatcher   : [null] CredentialWatcher is stopped
10:45:03:439  INFO 14480 --- [SpringApplicationShutdownHook] c.a.n.c.a.r.identify.CredentialService   : [null] CredentialService is freed
10:45:03:440  INFO 14480 --- [SpringApplicationShutdownHook] com.alibaba.nacos.client.naming          : com.alibaba.nacos.client.naming.remote.NamingClientProxyDelegate do shutdown stop
10:45:09:964  WARN 20248 --- [main] c.a.nacos.client.logging.NacosLogging    : Load Logback Configuration of Nacos fail, message: Could not initialize Logback Nacos logging from classpath:nacos-logback.xml
10:45:10:016  WARN 20248 --- [main] c.a.nacos.client.logging.NacosLogging    : Load Logback Configuration of Nacos fail, message: Could not initialize Logback Nacos logging from classpath:nacos-logback.xml
10:45:10:028  INFO 20248 --- [main] c.example.sessions.SessionApplication    : Starting SessionApplication using Java 21.0.1 with PID 20248 (E:\ticketManage\sessions-service\target\classes started by 19073 in E:\ticketManage)
10:45:10:028 DEBUG 20248 --- [main] c.example.sessions.SessionApplication    : Running with Spring Boot v3.0.2, Spring v6.0.4
10:45:10:029  INFO 20248 --- [main] c.example.sessions.SessionApplication    : No active profile set, falling back to 1 default profile: "default"
10:45:11:176  INFO 20248 --- [main] o.s.cloud.context.scope.GenericScope     : BeanFactory id=28caae41-fa6b-37d7-b448-072dc2f3adb2
10:45:11:472  INFO 20248 --- [main] trationDelegate$BeanPostProcessorChecker : Bean 'org.springframework.cloud.client.loadbalancer.reactive.LoadBalancerBeanPostProcessorAutoConfiguration' of type [org.springframework.cloud.client.loadbalancer.reactive.LoadBalancerBeanPostProcessorAutoConfiguration] is not eligible for getting processed by all BeanPostProcessors (for example: not eligible for auto-proxying)
10:45:11:473  INFO 20248 --- [main] trationDelegate$BeanPostProcessorChecker : Bean 'org.springframework.cloud.client.loadbalancer.reactive.LoadBalancerBeanPostProcessorAutoConfiguration$ReactorDeferringLoadBalancerFilterConfig' of type [org.springframework.cloud.client.loadbalancer.reactive.LoadBalancerBeanPostProcessorAutoConfiguration$ReactorDeferringLoadBalancerFilterConfig] is not eligible for getting processed by all BeanPostProcessors (for example: not eligible for auto-proxying)
10:45:11:474  INFO 20248 --- [main] trationDelegate$BeanPostProcessorChecker : Bean 'reactorDeferringLoadBalancerExchangeFilterFunction' of type [org.springframework.cloud.client.loadbalancer.reactive.DeferringLoadBalancerExchangeFilterFunction] is not eligible for getting processed by all BeanPostProcessors (for example: not eligible for auto-proxying)
10:45:11:701  INFO 20248 --- [main] o.s.b.w.embedded.tomcat.TomcatWebServer  : Tomcat initialized with port(s): 8083 (http)
10:45:11:712  INFO 20248 --- [main] o.apache.catalina.core.StandardService   : Starting service [Tomcat]
10:45:11:712  INFO 20248 --- [main] o.apache.catalina.core.StandardEngine    : Starting Servlet engine: [Apache Tomcat/10.1.5]
10:45:11:841  INFO 20248 --- [main] o.a.c.c.C.[Tomcat].[localhost].[/]       : Initializing Spring embedded WebApplicationContext
10:45:11:842  INFO 20248 --- [main] w.s.c.ServletWebServerApplicationContext : Root WebApplicationContext: initialization completed in 1750 ms
10:45:12:368  INFO 20248 --- [main] o.s.c.openfeign.FeignClientFactoryBean   : For 'film-service' URL not provided. Will try picking an instance via load-balancing.
10:45:13:677  WARN 20248 --- [main] iguration$LoadBalancerCaffeineWarnLogger : Spring Cloud LoadBalancer is currently working with the default cache. While this cache implementation is useful for development and tests, it's recommended to use Caffeine cache in production.You can switch to using Caffeine cache, by adding it and org.springframework.cache.caffeine.CaffeineCacheManager to the classpath.
10:45:13:740  INFO 20248 --- [main] o.s.b.w.embedded.tomcat.TomcatWebServer  : Tomcat started on port(s): 8083 (http) with context path ''
10:45:13:748  WARN 20248 --- [main] c.a.nacos.client.logging.NacosLogging    : Load Logback Configuration of Nacos fail, message: Could not initialize Logback Nacos logging from classpath:nacos-logback.xml
10:45:13:748  INFO 20248 --- [main] com.alibaba.nacos.client.naming          : initializer namespace from ans.namespace attribute : null
10:45:13:749  INFO 20248 --- [main] com.alibaba.nacos.client.naming          : initializer namespace from ALIBABA_ALIWARE_NAMESPACE attribute :null
10:45:13:749  INFO 20248 --- [main] com.alibaba.nacos.client.naming          : initializer namespace from namespace attribute :null
10:45:13:771  INFO 20248 --- [main] c.alibaba.nacos.client.utils.ParamUtil   : [settings] [req-serv] nacos-server port:8848
10:45:13:771  INFO 20248 --- [main] c.alibaba.nacos.client.utils.ParamUtil   : [settings] [http-client] connect timeout:1000
10:45:13:772  INFO 20248 --- [main] c.alibaba.nacos.client.utils.ParamUtil   : PER_TASK_CONFIG_SIZE: 3000.0
10:45:13:776  INFO 20248 --- [main] c.a.n.p.a.s.c.ClientAuthPluginManager    : [ClientAuthPluginManager] Load ClientAuthService com.alibaba.nacos.client.auth.impl.NacosClientAuthServiceImpl success.
10:45:13:776  INFO 20248 --- [main] c.a.n.p.a.s.c.ClientAuthPluginManager    : [ClientAuthPluginManager] Load ClientAuthService com.alibaba.nacos.client.auth.ram.RamClientAuthServiceImpl success.
10:45:13:779  INFO 20248 --- [main] c.a.n.c.a.r.identify.CredentialWatcher   : null No credential found
10:45:13:787  INFO 20248 --- [main] com.alibaba.nacos.common.remote.client   : [RpcClientFactory] create a new rpc client of 2fdff349-23a5-42d0-982b-e43bec91042e
10:45:13:803  INFO 20248 --- [main] com.alibaba.nacos.common.remote.client   : [2fdff349-23a5-42d0-982b-e43bec91042e] RpcClient init, ServerListFactory = com.alibaba.nacos.client.naming.core.ServerListManager
10:45:13:803  INFO 20248 --- [main] com.alibaba.nacos.common.remote.client   : [2fdff349-23a5-42d0-982b-e43bec91042e] Registry connection listener to current client:com.alibaba.nacos.client.naming.remote.gprc.redo.NamingGrpcRedoService
10:45:13:804  INFO 20248 --- [main] com.alibaba.nacos.common.remote.client   : [2fdff349-23a5-42d0-982b-e43bec91042e] Register server push request handler:com.alibaba.nacos.client.naming.remote.gprc.NamingPushRequestHandler
10:45:13:806  INFO 20248 --- [main] com.alibaba.nacos.common.remote.client   : [2fdff349-23a5-42d0-982b-e43bec91042e] Try to connect to server on start up, server: {serverIp = '127.0.0.1', server main port = 8848}
10:45:13:854  INFO 20248 --- [main] c.a.n.c.remote.client.grpc.GrpcClient    : grpc client connection server:127.0.0.1 ip,serverPort:9848,grpcTslConfig:{"sslProvider":"OPENSSL","enableTls":false,"mutualAuthEnable":false,"trustAll":false}
10:45:14:567  INFO 20248 --- [main] com.alibaba.nacos.common.remote.client   : [2fdff349-23a5-42d0-982b-e43bec91042e] Success to connect to server [127.0.0.1:8848] on start up, connectionId = 1730256314365_127.0.0.1_54086
10:45:14:568  INFO 20248 --- [main] com.alibaba.nacos.common.remote.client   : [2fdff349-23a5-42d0-982b-e43bec91042e] Register server push request handler:com.alibaba.nacos.common.remote.client.RpcClient$ConnectResetRequestHandler
10:45:14:567  INFO 20248 --- [com.alibaba.nacos.client.remote.worker] com.alibaba.nacos.common.remote.client   : [2fdff349-23a5-42d0-982b-e43bec91042e] Notify connected event to listeners.
10:45:14:568  INFO 20248 --- [com.alibaba.nacos.client.remote.worker] com.alibaba.nacos.client.naming          : Grpc connection connect
10:45:14:569  INFO 20248 --- [main] com.alibaba.nacos.common.remote.client   : [2fdff349-23a5-42d0-982b-e43bec91042e] Register server push request handler:com.alibaba.nacos.common.remote.client.RpcClient$$Lambda/0x000002930d7a0440
10:45:14:570  INFO 20248 --- [main] com.alibaba.nacos.client.naming          : [REGISTER-SERVICE] ticket registering service sessions-service with instance Instance{instanceId='null', ip='192.168.162.1', port=8083, weight=1.0, healthy=true, enabled=true, ephemeral=true, clusterName='DEFAULT', serviceName='null', metadata={IPv6=null, preserved.register.source=SPRING_CLOUD}}
10:45:14:588  INFO 20248 --- [main] c.a.c.n.registry.NacosServiceRegistry    : nacos registry, DEFAULT_GROUP sessions-service 192.168.162.1:8083 register finished
10:45:14:600  INFO 20248 --- [main] c.example.sessions.SessionApplication    : Started SessionApplication in 5.088 seconds (process running for 5.999)
10:45:16:979  INFO 20248 --- [http-nio-8083-exec-1] o.a.c.c.C.[Tomcat].[localhost].[/]       : Initializing Spring DispatcherServlet 'dispatcherServlet'
10:45:16:979  INFO 20248 --- [http-nio-8083-exec-1] o.s.web.servlet.DispatcherServlet        : Initializing Servlet 'dispatcherServlet'
10:45:16:994  INFO 20248 --- [http-nio-8083-exec-1] o.s.web.servlet.DispatcherServlet        : Completed initialization in 15 ms
10:45:17:116  INFO 20248 --- [http-nio-8083-exec-1] com.zaxxer.hikari.HikariDataSource       : HikariPool-1 - Starting...
10:45:17:736  INFO 20248 --- [http-nio-8083-exec-1] com.zaxxer.hikari.pool.HikariPool        : HikariPool-1 - Added connection com.mysql.cj.jdbc.ConnectionImpl@708a1462
10:45:17:737  INFO 20248 --- [http-nio-8083-exec-1] com.zaxxer.hikari.HikariDataSource       : HikariPool-1 - Start completed.
10:45:17:756 DEBUG 20248 --- [http-nio-8083-exec-1] c.e.sessions.mapper.SeatMapper.getSeats  : ==>  Preparing: SELECT * FROM seat WHERE hall_id = ? LIMIT ?, ?
10:45:17:813 DEBUG 20248 --- [http-nio-8083-exec-1] c.e.sessions.mapper.SeatMapper.getSeats  : ==> Parameters: 4094c0c5-7ad9-4eb4-9458-83a22e4bbe1e(String), 0(Integer), 1(Integer)
10:45:17:868 DEBUG 20248 --- [http-nio-8083-exec-1] c.e.sessions.mapper.SeatMapper.getSeats  : <==      Total: 1
10:45:33:812  WARN 20248 --- [Thread-7] c.a.n.common.http.HttpClientBeanHolder   : [HttpClientBeanHolder] Start destroying common HttpClient
10:45:33:812  WARN 20248 --- [Thread-4] c.a.nacos.common.notify.NotifyCenter     : [NotifyCenter] Start destroying Publisher
10:45:33:813  WARN 20248 --- [Thread-4] c.a.nacos.common.notify.NotifyCenter     : [NotifyCenter] Destruction of the end
10:45:33:813  WARN 20248 --- [Thread-7] c.a.n.common.http.HttpClientBeanHolder   : [HttpClientBeanHolder] Destruction of the end
10:45:33:828  INFO 20248 --- [SpringApplicationShutdownHook] c.a.c.n.registry.NacosServiceRegistry    : De-registering from Nacos Server now...
10:45:33:829  INFO 20248 --- [SpringApplicationShutdownHook] com.alibaba.nacos.client.naming          : [DEREGISTER-SERVICE] ticket deregistering service sessions-service with instance: Instance{instanceId='null', ip='192.168.162.1', port=8083, weight=1.0, healthy=true, enabled=true, ephemeral=true, clusterName='DEFAULT', serviceName='null', metadata={}}
10:45:33:835  INFO 20248 --- [SpringApplicationShutdownHook] c.a.c.n.registry.NacosServiceRegistry    : De-registration finished.
10:45:33:836  INFO 20248 --- [SpringApplicationShutdownHook] com.alibaba.nacos.client.naming          : com.alibaba.nacos.client.naming.cache.ServiceInfoHolder do shutdown begin
10:45:33:836  INFO 20248 --- [SpringApplicationShutdownHook] com.alibaba.nacos.client.naming          : com.alibaba.nacos.client.naming.backups.FailoverReactor do shutdown begin
10:45:33:836  INFO 20248 --- [SpringApplicationShutdownHook] com.alibaba.nacos.client.naming          : com.alibaba.nacos.client.naming.backups.FailoverReactor do shutdown stop
10:45:33:836  INFO 20248 --- [SpringApplicationShutdownHook] com.alibaba.nacos.client.naming          : com.alibaba.nacos.client.naming.cache.ServiceInfoHolder do shutdown stop
10:45:33:836  INFO 20248 --- [SpringApplicationShutdownHook] com.alibaba.nacos.client.naming          : com.alibaba.nacos.client.naming.remote.NamingClientProxyDelegate do shutdown begin
10:45:33:836  INFO 20248 --- [SpringApplicationShutdownHook] com.alibaba.nacos.client.naming          : com.alibaba.nacos.client.naming.core.ServiceInfoUpdateService do shutdown begin
10:45:33:836  INFO 20248 --- [SpringApplicationShutdownHook] com.alibaba.nacos.client.naming          : com.alibaba.nacos.client.naming.core.ServiceInfoUpdateService do shutdown stop
10:45:33:837  INFO 20248 --- [SpringApplicationShutdownHook] com.alibaba.nacos.client.naming          : com.alibaba.nacos.client.naming.core.ServerListManager do shutdown begin
10:45:33:837  WARN 20248 --- [SpringApplicationShutdownHook] com.alibaba.nacos.client.naming          : [NamingHttpClientManager] Start destroying NacosRestTemplate
10:45:33:837  WARN 20248 --- [SpringApplicationShutdownHook] com.alibaba.nacos.client.naming          : [NamingHttpClientManager] Destruction of the end
10:45:33:837  INFO 20248 --- [SpringApplicationShutdownHook] com.alibaba.nacos.client.naming          : com.alibaba.nacos.client.naming.core.ServerListManager do shutdown stop
10:45:33:837  INFO 20248 --- [SpringApplicationShutdownHook] com.alibaba.nacos.client.naming          : com.alibaba.nacos.client.naming.remote.http.NamingHttpClientProxy do shutdown begin
10:45:33:837  WARN 20248 --- [SpringApplicationShutdownHook] com.alibaba.nacos.client.naming          : [NamingHttpClientManager] Start destroying NacosRestTemplate
10:45:33:837  WARN 20248 --- [SpringApplicationShutdownHook] com.alibaba.nacos.client.naming          : [NamingHttpClientManager] Destruction of the end
10:45:33:837  INFO 20248 --- [SpringApplicationShutdownHook] com.alibaba.nacos.client.naming          : com.alibaba.nacos.client.naming.remote.http.NamingHttpClientProxy do shutdown stop
10:45:33:837  INFO 20248 --- [SpringApplicationShutdownHook] com.alibaba.nacos.common.remote.client   : Shutdown rpc client, set status to shutdown
10:45:33:837  INFO 20248 --- [SpringApplicationShutdownHook] com.alibaba.nacos.common.remote.client   : Shutdown client event executor java.util.concurrent.ScheduledThreadPoolExecutor@2cd5b19c[Running, pool size = 2, active threads = 2, queued tasks = 0, completed tasks = 0]
10:45:33:837  INFO 20248 --- [SpringApplicationShutdownHook] com.alibaba.nacos.common.remote.client   : Close current connection 1730256314365_127.0.0.1_54086
10:45:33:840  INFO 20248 --- [nacos-grpc-client-executor-127.0.0.1-14] c.a.n.c.remote.client.grpc.GrpcClient    : [1730256314365_127.0.0.1_54086]Ignore complete event,isRunning:false,isAbandon=false
10:45:33:842  INFO 20248 --- [SpringApplicationShutdownHook] c.a.n.c.remote.client.grpc.GrpcClient    : Shutdown grpc executor java.util.concurrent.ThreadPoolExecutor@14ad42[Running, pool size = 6, active threads = 0, queued tasks = 0, completed tasks = 15]
10:45:33:842  INFO 20248 --- [SpringApplicationShutdownHook] com.alibaba.nacos.client.naming          : Shutdown grpc redo service executor java.util.concurrent.ScheduledThreadPoolExecutor@45790cb[Running, pool size = 1, active threads = 0, queued tasks = 1, completed tasks = 6]
10:45:33:842  INFO 20248 --- [SpringApplicationShutdownHook] c.a.n.c.a.r.identify.CredentialWatcher   : [null] CredentialWatcher is stopped
10:45:33:842  INFO 20248 --- [SpringApplicationShutdownHook] c.a.n.c.a.r.identify.CredentialService   : [null] CredentialService is freed
10:45:33:843  INFO 20248 --- [SpringApplicationShutdownHook] com.alibaba.nacos.client.naming          : com.alibaba.nacos.client.naming.remote.NamingClientProxyDelegate do shutdown stop
10:45:33:848  INFO 20248 --- [SpringApplicationShutdownHook] com.zaxxer.hikari.HikariDataSource       : HikariPool-1 - Shutdown initiated...
10:45:33:861  INFO 20248 --- [SpringApplicationShutdownHook] com.zaxxer.hikari.HikariDataSource       : HikariPool-1 - Shutdown completed.
10:45:40:551  WARN 20224 --- [main] c.a.nacos.client.logging.NacosLogging    : Load Logback Configuration of Nacos fail, message: Could not initialize Logback Nacos logging from classpath:nacos-logback.xml
10:45:40:622  WARN 20224 --- [main] c.a.nacos.client.logging.NacosLogging    : Load Logback Configuration of Nacos fail, message: Could not initialize Logback Nacos logging from classpath:nacos-logback.xml
10:45:40:634  INFO 20224 --- [main] c.example.sessions.SessionApplication    : Starting SessionApplication using Java 21.0.1 with PID 20224 (E:\ticketManage\sessions-service\target\classes started by 19073 in E:\ticketManage)
10:45:40:635 DEBUG 20224 --- [main] c.example.sessions.SessionApplication    : Running with Spring Boot v3.0.2, Spring v6.0.4
10:45:40:636  INFO 20224 --- [main] c.example.sessions.SessionApplication    : No active profile set, falling back to 1 default profile: "default"
10:45:41:803  INFO 20224 --- [main] o.s.cloud.context.scope.GenericScope     : BeanFactory id=28caae41-fa6b-37d7-b448-072dc2f3adb2
10:45:42:008  INFO 20224 --- [main] trationDelegate$BeanPostProcessorChecker : Bean 'org.springframework.cloud.client.loadbalancer.reactive.LoadBalancerBeanPostProcessorAutoConfiguration' of type [org.springframework.cloud.client.loadbalancer.reactive.LoadBalancerBeanPostProcessorAutoConfiguration] is not eligible for getting processed by all BeanPostProcessors (for example: not eligible for auto-proxying)
10:45:42:009  INFO 20224 --- [main] trationDelegate$BeanPostProcessorChecker : Bean 'org.springframework.cloud.client.loadbalancer.reactive.LoadBalancerBeanPostProcessorAutoConfiguration$ReactorDeferringLoadBalancerFilterConfig' of type [org.springframework.cloud.client.loadbalancer.reactive.LoadBalancerBeanPostProcessorAutoConfiguration$ReactorDeferringLoadBalancerFilterConfig] is not eligible for getting processed by all BeanPostProcessors (for example: not eligible for auto-proxying)
10:45:42:011  INFO 20224 --- [main] trationDelegate$BeanPostProcessorChecker : Bean 'reactorDeferringLoadBalancerExchangeFilterFunction' of type [org.springframework.cloud.client.loadbalancer.reactive.DeferringLoadBalancerExchangeFilterFunction] is not eligible for getting processed by all BeanPostProcessors (for example: not eligible for auto-proxying)
10:45:42:257  INFO 20224 --- [main] o.s.b.w.embedded.tomcat.TomcatWebServer  : Tomcat initialized with port(s): 8083 (http)
10:45:42:268  INFO 20224 --- [main] o.apache.catalina.core.StandardService   : Starting service [Tomcat]
10:45:42:268  INFO 20224 --- [main] o.apache.catalina.core.StandardEngine    : Starting Servlet engine: [Apache Tomcat/10.1.5]
10:45:42:373  INFO 20224 --- [main] o.a.c.c.C.[Tomcat].[localhost].[/]       : Initializing Spring embedded WebApplicationContext
10:45:42:374  INFO 20224 --- [main] w.s.c.ServletWebServerApplicationContext : Root WebApplicationContext: initialization completed in 1673 ms
10:45:42:842  INFO 20224 --- [main] o.s.c.openfeign.FeignClientFactoryBean   : For 'film-service' URL not provided. Will try picking an instance via load-balancing.
10:45:43:982  WARN 20224 --- [main] iguration$LoadBalancerCaffeineWarnLogger : Spring Cloud LoadBalancer is currently working with the default cache. While this cache implementation is useful for development and tests, it's recommended to use Caffeine cache in production.You can switch to using Caffeine cache, by adding it and org.springframework.cache.caffeine.CaffeineCacheManager to the classpath.
10:45:44:047  INFO 20224 --- [main] o.s.b.w.embedded.tomcat.TomcatWebServer  : Tomcat started on port(s): 8083 (http) with context path ''
10:45:44:055  WARN 20224 --- [main] c.a.nacos.client.logging.NacosLogging    : Load Logback Configuration of Nacos fail, message: Could not initialize Logback Nacos logging from classpath:nacos-logback.xml
10:45:44:055  INFO 20224 --- [main] com.alibaba.nacos.client.naming          : initializer namespace from ans.namespace attribute : null
10:45:44:055  INFO 20224 --- [main] com.alibaba.nacos.client.naming          : initializer namespace from ALIBABA_ALIWARE_NAMESPACE attribute :null
10:45:44:056  INFO 20224 --- [main] com.alibaba.nacos.client.naming          : initializer namespace from namespace attribute :null
10:45:44:074  INFO 20224 --- [main] c.alibaba.nacos.client.utils.ParamUtil   : [settings] [req-serv] nacos-server port:8848
10:45:44:074  INFO 20224 --- [main] c.alibaba.nacos.client.utils.ParamUtil   : [settings] [http-client] connect timeout:1000
10:45:44:075  INFO 20224 --- [main] c.alibaba.nacos.client.utils.ParamUtil   : PER_TASK_CONFIG_SIZE: 3000.0
10:45:44:078  INFO 20224 --- [main] c.a.n.p.a.s.c.ClientAuthPluginManager    : [ClientAuthPluginManager] Load ClientAuthService com.alibaba.nacos.client.auth.impl.NacosClientAuthServiceImpl success.
10:45:44:078  INFO 20224 --- [main] c.a.n.p.a.s.c.ClientAuthPluginManager    : [ClientAuthPluginManager] Load ClientAuthService com.alibaba.nacos.client.auth.ram.RamClientAuthServiceImpl success.
10:45:44:080  INFO 20224 --- [main] c.a.n.c.a.r.identify.CredentialWatcher   : null No credential found
10:45:44:087  INFO 20224 --- [main] com.alibaba.nacos.common.remote.client   : [RpcClientFactory] create a new rpc client of 5e0706fe-97d3-4eeb-a424-b51f69915a80
10:45:44:101  INFO 20224 --- [main] com.alibaba.nacos.common.remote.client   : [5e0706fe-97d3-4eeb-a424-b51f69915a80] RpcClient init, ServerListFactory = com.alibaba.nacos.client.naming.core.ServerListManager
10:45:44:101  INFO 20224 --- [main] com.alibaba.nacos.common.remote.client   : [5e0706fe-97d3-4eeb-a424-b51f69915a80] Registry connection listener to current client:com.alibaba.nacos.client.naming.remote.gprc.redo.NamingGrpcRedoService
10:45:44:101  INFO 20224 --- [main] com.alibaba.nacos.common.remote.client   : [5e0706fe-97d3-4eeb-a424-b51f69915a80] Register server push request handler:com.alibaba.nacos.client.naming.remote.gprc.NamingPushRequestHandler
10:45:44:103  INFO 20224 --- [main] com.alibaba.nacos.common.remote.client   : [5e0706fe-97d3-4eeb-a424-b51f69915a80] Try to connect to server on start up, server: {serverIp = '127.0.0.1', server main port = 8848}
10:45:44:128  INFO 20224 --- [main] c.a.n.c.remote.client.grpc.GrpcClient    : grpc client connection server:127.0.0.1 ip,serverPort:9848,grpcTslConfig:{"sslProvider":"OPENSSL","enableTls":false,"mutualAuthEnable":false,"trustAll":false}
10:45:44:745  INFO 20224 --- [main] com.alibaba.nacos.common.remote.client   : [5e0706fe-97d3-4eeb-a424-b51f69915a80] Success to connect to server [127.0.0.1:8848] on start up, connectionId = 1730256344556_127.0.0.1_54116
10:45:44:746  INFO 20224 --- [com.alibaba.nacos.client.remote.worker] com.alibaba.nacos.common.remote.client   : [5e0706fe-97d3-4eeb-a424-b51f69915a80] Notify connected event to listeners.
10:45:44:747  INFO 20224 --- [com.alibaba.nacos.client.remote.worker] com.alibaba.nacos.client.naming          : Grpc connection connect
10:45:44:747  INFO 20224 --- [main] com.alibaba.nacos.common.remote.client   : [5e0706fe-97d3-4eeb-a424-b51f69915a80] Register server push request handler:com.alibaba.nacos.common.remote.client.RpcClient$ConnectResetRequestHandler
10:45:44:749  INFO 20224 --- [main] com.alibaba.nacos.common.remote.client   : [5e0706fe-97d3-4eeb-a424-b51f69915a80] Register server push request handler:com.alibaba.nacos.common.remote.client.RpcClient$$Lambda/0x000002b24a7a2658
10:45:44:751  INFO 20224 --- [main] com.alibaba.nacos.client.naming          : [REGISTER-SERVICE] ticket registering service sessions-service with instance Instance{instanceId='null', ip='192.168.162.1', port=8083, weight=1.0, healthy=true, enabled=true, ephemeral=true, clusterName='DEFAULT', serviceName='null', metadata={IPv6=null, preserved.register.source=SPRING_CLOUD}}
10:45:44:786  INFO 20224 --- [main] c.a.c.n.registry.NacosServiceRegistry    : nacos registry, DEFAULT_GROUP sessions-service 192.168.162.1:8083 register finished
10:45:44:821  INFO 20224 --- [main] c.example.sessions.SessionApplication    : Started SessionApplication in 4.843 seconds (process running for 5.925)
10:45:52:479  INFO 20224 --- [http-nio-8083-exec-1] o.a.c.c.C.[Tomcat].[localhost].[/]       : Initializing Spring DispatcherServlet 'dispatcherServlet'
10:45:52:480  INFO 20224 --- [http-nio-8083-exec-1] o.s.web.servlet.DispatcherServlet        : Initializing Servlet 'dispatcherServlet'
10:45:52:483  INFO 20224 --- [http-nio-8083-exec-1] o.s.web.servlet.DispatcherServlet        : Completed initialization in 3 ms
10:45:52:584  INFO 20224 --- [http-nio-8083-exec-1] com.zaxxer.hikari.HikariDataSource       : HikariPool-1 - Starting...
10:45:53:146  INFO 20224 --- [http-nio-8083-exec-1] com.zaxxer.hikari.pool.HikariPool        : HikariPool-1 - Added connection com.mysql.cj.jdbc.ConnectionImpl@5e5871b0
10:45:53:149  INFO 20224 --- [http-nio-8083-exec-1] com.zaxxer.hikari.HikariDataSource       : HikariPool-1 - Start completed.
10:45:53:161 DEBUG 20224 --- [http-nio-8083-exec-1] c.e.sessions.mapper.SeatMapper.getSeats  : ==>  Preparing: SELECT * FROM seat WHERE hall_id = ? LIMIT ?, ?
10:45:53:209 DEBUG 20224 --- [http-nio-8083-exec-1] c.e.sessions.mapper.SeatMapper.getSeats  : ==> Parameters: 4094c0c5-7ad9-4eb4-9458-83a22e4bbe1e(String), 0(Integer), 1(Integer)
10:45:53:248 DEBUG 20224 --- [http-nio-8083-exec-1] c.e.sessions.mapper.SeatMapper.getSeats  : <==      Total: 1
10:47:17:286  WARN 20224 --- [Thread-4] c.a.nacos.common.notify.NotifyCenter     : [NotifyCenter] Start destroying Publisher
10:47:17:287  WARN 20224 --- [Thread-4] c.a.nacos.common.notify.NotifyCenter     : [NotifyCenter] Destruction of the end
10:47:17:286  WARN 20224 --- [Thread-7] c.a.n.common.http.HttpClientBeanHolder   : [HttpClientBeanHolder] Start destroying common HttpClient
10:47:17:289  WARN 20224 --- [Thread-7] c.a.n.common.http.HttpClientBeanHolder   : [HttpClientBeanHolder] Destruction of the end
10:47:17:316  INFO 20224 --- [SpringApplicationShutdownHook] c.a.c.n.registry.NacosServiceRegistry    : De-registering from Nacos Server now...
10:47:17:316  INFO 20224 --- [SpringApplicationShutdownHook] com.alibaba.nacos.client.naming          : [DEREGISTER-SERVICE] ticket deregistering service sessions-service with instance: Instance{instanceId='null', ip='192.168.162.1', port=8083, weight=1.0, healthy=true, enabled=true, ephemeral=true, clusterName='DEFAULT', serviceName='null', metadata={}}
10:47:17:325  INFO 20224 --- [SpringApplicationShutdownHook] c.a.c.n.registry.NacosServiceRegistry    : De-registration finished.
10:47:17:325  INFO 20224 --- [SpringApplicationShutdownHook] com.alibaba.nacos.client.naming          : com.alibaba.nacos.client.naming.cache.ServiceInfoHolder do shutdown begin
10:47:17:325  INFO 20224 --- [SpringApplicationShutdownHook] com.alibaba.nacos.client.naming          : com.alibaba.nacos.client.naming.backups.FailoverReactor do shutdown begin
10:47:17:326  INFO 20224 --- [SpringApplicationShutdownHook] com.alibaba.nacos.client.naming          : com.alibaba.nacos.client.naming.backups.FailoverReactor do shutdown stop
10:47:17:326  INFO 20224 --- [SpringApplicationShutdownHook] com.alibaba.nacos.client.naming          : com.alibaba.nacos.client.naming.cache.ServiceInfoHolder do shutdown stop
10:47:17:326  INFO 20224 --- [SpringApplicationShutdownHook] com.alibaba.nacos.client.naming          : com.alibaba.nacos.client.naming.remote.NamingClientProxyDelegate do shutdown begin
10:47:17:326  INFO 20224 --- [SpringApplicationShutdownHook] com.alibaba.nacos.client.naming          : com.alibaba.nacos.client.naming.core.ServiceInfoUpdateService do shutdown begin
10:47:17:326  INFO 20224 --- [SpringApplicationShutdownHook] com.alibaba.nacos.client.naming          : com.alibaba.nacos.client.naming.core.ServiceInfoUpdateService do shutdown stop
10:47:17:326  INFO 20224 --- [SpringApplicationShutdownHook] com.alibaba.nacos.client.naming          : com.alibaba.nacos.client.naming.core.ServerListManager do shutdown begin
10:47:17:326  WARN 20224 --- [SpringApplicationShutdownHook] com.alibaba.nacos.client.naming          : [NamingHttpClientManager] Start destroying NacosRestTemplate
10:47:17:326  WARN 20224 --- [SpringApplicationShutdownHook] com.alibaba.nacos.client.naming          : [NamingHttpClientManager] Destruction of the end
10:47:17:326  INFO 20224 --- [SpringApplicationShutdownHook] com.alibaba.nacos.client.naming          : com.alibaba.nacos.client.naming.core.ServerListManager do shutdown stop
10:47:17:327  INFO 20224 --- [SpringApplicationShutdownHook] com.alibaba.nacos.client.naming          : com.alibaba.nacos.client.naming.remote.http.NamingHttpClientProxy do shutdown begin
10:47:17:327  WARN 20224 --- [SpringApplicationShutdownHook] com.alibaba.nacos.client.naming          : [NamingHttpClientManager] Start destroying NacosRestTemplate
10:47:17:327  WARN 20224 --- [SpringApplicationShutdownHook] com.alibaba.nacos.client.naming          : [NamingHttpClientManager] Destruction of the end
10:47:17:327  INFO 20224 --- [SpringApplicationShutdownHook] com.alibaba.nacos.client.naming          : com.alibaba.nacos.client.naming.remote.http.NamingHttpClientProxy do shutdown stop
10:47:17:327  INFO 20224 --- [SpringApplicationShutdownHook] com.alibaba.nacos.common.remote.client   : Shutdown rpc client, set status to shutdown
10:47:17:327  INFO 20224 --- [SpringApplicationShutdownHook] com.alibaba.nacos.common.remote.client   : Shutdown client event executor java.util.concurrent.ScheduledThreadPoolExecutor@14993306[Running, pool size = 2, active threads = 2, queued tasks = 0, completed tasks = 0]
10:47:17:327  INFO 20224 --- [SpringApplicationShutdownHook] com.alibaba.nacos.common.remote.client   : Close current connection 1730256344556_127.0.0.1_54116
10:47:17:330  INFO 20224 --- [SpringApplicationShutdownHook] c.a.n.c.remote.client.grpc.GrpcClient    : Shutdown grpc executor java.util.concurrent.ThreadPoolExecutor@1ac3a6f[Running, pool size = 6, active threads = 0, queued tasks = 0, completed tasks = 42]
10:47:17:331  INFO 20224 --- [SpringApplicationShutdownHook] com.alibaba.nacos.client.naming          : Shutdown grpc redo service executor java.util.concurrent.ScheduledThreadPoolExecutor@256a5df0[Running, pool size = 1, active threads = 0, queued tasks = 1, completed tasks = 30]
10:47:17:332  INFO 20224 --- [SpringApplicationShutdownHook] c.a.n.c.a.r.identify.CredentialWatcher   : [null] CredentialWatcher is stopped
10:47:17:332  INFO 20224 --- [SpringApplicationShutdownHook] c.a.n.c.a.r.identify.CredentialService   : [null] CredentialService is freed
10:47:17:332  INFO 20224 --- [SpringApplicationShutdownHook] com.alibaba.nacos.client.naming          : com.alibaba.nacos.client.naming.remote.NamingClientProxyDelegate do shutdown stop
10:47:17:340  INFO 20224 --- [SpringApplicationShutdownHook] com.zaxxer.hikari.HikariDataSource       : HikariPool-1 - Shutdown initiated...
10:47:17:358  INFO 20224 --- [SpringApplicationShutdownHook] com.zaxxer.hikari.HikariDataSource       : HikariPool-1 - Shutdown completed.
10:47:24:418  WARN 9372 --- [main] c.a.nacos.client.logging.NacosLogging    : Load Logback Configuration of Nacos fail, message: Could not initialize Logback Nacos logging from classpath:nacos-logback.xml
10:47:24:484  WARN 9372 --- [main] c.a.nacos.client.logging.NacosLogging    : Load Logback Configuration of Nacos fail, message: Could not initialize Logback Nacos logging from classpath:nacos-logback.xml
10:47:24:494  INFO 9372 --- [main] c.example.sessions.SessionApplication    : Starting SessionApplication using Java 21.0.1 with PID 9372 (E:\ticketManage\sessions-service\target\classes started by 19073 in E:\ticketManage)
10:47:24:494 DEBUG 9372 --- [main] c.example.sessions.SessionApplication    : Running with Spring Boot v3.0.2, Spring v6.0.4
10:47:24:494  INFO 9372 --- [main] c.example.sessions.SessionApplication    : No active profile set, falling back to 1 default profile: "default"
10:47:25:622  INFO 9372 --- [main] o.s.cloud.context.scope.GenericScope     : BeanFactory id=28caae41-fa6b-37d7-b448-072dc2f3adb2
10:47:25:855  INFO 9372 --- [main] trationDelegate$BeanPostProcessorChecker : Bean 'org.springframework.cloud.client.loadbalancer.reactive.LoadBalancerBeanPostProcessorAutoConfiguration' of type [org.springframework.cloud.client.loadbalancer.reactive.LoadBalancerBeanPostProcessorAutoConfiguration] is not eligible for getting processed by all BeanPostProcessors (for example: not eligible for auto-proxying)
10:47:25:856  INFO 9372 --- [main] trationDelegate$BeanPostProcessorChecker : Bean 'org.springframework.cloud.client.loadbalancer.reactive.LoadBalancerBeanPostProcessorAutoConfiguration$ReactorDeferringLoadBalancerFilterConfig' of type [org.springframework.cloud.client.loadbalancer.reactive.LoadBalancerBeanPostProcessorAutoConfiguration$ReactorDeferringLoadBalancerFilterConfig] is not eligible for getting processed by all BeanPostProcessors (for example: not eligible for auto-proxying)
10:47:25:857  INFO 9372 --- [main] trationDelegate$BeanPostProcessorChecker : Bean 'reactorDeferringLoadBalancerExchangeFilterFunction' of type [org.springframework.cloud.client.loadbalancer.reactive.DeferringLoadBalancerExchangeFilterFunction] is not eligible for getting processed by all BeanPostProcessors (for example: not eligible for auto-proxying)
10:47:26:101  INFO 9372 --- [main] o.s.b.w.embedded.tomcat.TomcatWebServer  : Tomcat initialized with port(s): 8083 (http)
10:47:26:112  INFO 9372 --- [main] o.apache.catalina.core.StandardService   : Starting service [Tomcat]
10:47:26:113  INFO 9372 --- [main] o.apache.catalina.core.StandardEngine    : Starting Servlet engine: [Apache Tomcat/10.1.5]
10:47:26:210  INFO 9372 --- [main] o.a.c.c.C.[Tomcat].[localhost].[/]       : Initializing Spring embedded WebApplicationContext
10:47:26:211  INFO 9372 --- [main] w.s.c.ServletWebServerApplicationContext : Root WebApplicationContext: initialization completed in 1663 ms
10:47:26:683  INFO 9372 --- [main] o.s.c.openfeign.FeignClientFactoryBean   : For 'film-service' URL not provided. Will try picking an instance via load-balancing.
10:47:27:951  WARN 9372 --- [main] iguration$LoadBalancerCaffeineWarnLogger : Spring Cloud LoadBalancer is currently working with the default cache. While this cache implementation is useful for development and tests, it's recommended to use Caffeine cache in production.You can switch to using Caffeine cache, by adding it and org.springframework.cache.caffeine.CaffeineCacheManager to the classpath.
10:47:28:015  INFO 9372 --- [main] o.s.b.w.embedded.tomcat.TomcatWebServer  : Tomcat started on port(s): 8083 (http) with context path ''
10:47:28:024  WARN 9372 --- [main] c.a.nacos.client.logging.NacosLogging    : Load Logback Configuration of Nacos fail, message: Could not initialize Logback Nacos logging from classpath:nacos-logback.xml
10:47:28:025  INFO 9372 --- [main] com.alibaba.nacos.client.naming          : initializer namespace from ans.namespace attribute : null
10:47:28:026  INFO 9372 --- [main] com.alibaba.nacos.client.naming          : initializer namespace from ALIBABA_ALIWARE_NAMESPACE attribute :null
10:47:28:026  INFO 9372 --- [main] com.alibaba.nacos.client.naming          : initializer namespace from namespace attribute :null
10:47:28:044  INFO 9372 --- [main] c.alibaba.nacos.client.utils.ParamUtil   : [settings] [req-serv] nacos-server port:8848
10:47:28:045  INFO 9372 --- [main] c.alibaba.nacos.client.utils.ParamUtil   : [settings] [http-client] connect timeout:1000
10:47:28:045  INFO 9372 --- [main] c.alibaba.nacos.client.utils.ParamUtil   : PER_TASK_CONFIG_SIZE: 3000.0
10:47:28:049  INFO 9372 --- [main] c.a.n.p.a.s.c.ClientAuthPluginManager    : [ClientAuthPluginManager] Load ClientAuthService com.alibaba.nacos.client.auth.impl.NacosClientAuthServiceImpl success.
10:47:28:049  INFO 9372 --- [main] c.a.n.p.a.s.c.ClientAuthPluginManager    : [ClientAuthPluginManager] Load ClientAuthService com.alibaba.nacos.client.auth.ram.RamClientAuthServiceImpl success.
10:47:28:051  INFO 9372 --- [main] c.a.n.c.a.r.identify.CredentialWatcher   : null No credential found
10:47:28:059  INFO 9372 --- [main] com.alibaba.nacos.common.remote.client   : [RpcClientFactory] create a new rpc client of 0bca08d9-8097-4848-b213-149598195fbc
10:47:28:072  INFO 9372 --- [main] com.alibaba.nacos.common.remote.client   : [0bca08d9-8097-4848-b213-149598195fbc] RpcClient init, ServerListFactory = com.alibaba.nacos.client.naming.core.ServerListManager
10:47:28:072  INFO 9372 --- [main] com.alibaba.nacos.common.remote.client   : [0bca08d9-8097-4848-b213-149598195fbc] Registry connection listener to current client:com.alibaba.nacos.client.naming.remote.gprc.redo.NamingGrpcRedoService
10:47:28:073  INFO 9372 --- [main] com.alibaba.nacos.common.remote.client   : [0bca08d9-8097-4848-b213-149598195fbc] Register server push request handler:com.alibaba.nacos.client.naming.remote.gprc.NamingPushRequestHandler
10:47:28:075  INFO 9372 --- [main] com.alibaba.nacos.common.remote.client   : [0bca08d9-8097-4848-b213-149598195fbc] Try to connect to server on start up, server: {serverIp = '127.0.0.1', server main port = 8848}
10:47:28:133  INFO 9372 --- [main] c.a.n.c.remote.client.grpc.GrpcClient    : grpc client connection server:127.0.0.1 ip,serverPort:9848,grpcTslConfig:{"sslProvider":"OPENSSL","enableTls":false,"mutualAuthEnable":false,"trustAll":false}
10:47:28:747  INFO 9372 --- [main] com.alibaba.nacos.common.remote.client   : [0bca08d9-8097-4848-b213-149598195fbc] Success to connect to server [127.0.0.1:8848] on start up, connectionId = 1730256448571_127.0.0.1_54169
10:47:28:750  INFO 9372 --- [main] com.alibaba.nacos.common.remote.client   : [0bca08d9-8097-4848-b213-149598195fbc] Register server push request handler:com.alibaba.nacos.common.remote.client.RpcClient$ConnectResetRequestHandler
10:47:28:751  INFO 9372 --- [com.alibaba.nacos.client.remote.worker] com.alibaba.nacos.common.remote.client   : [0bca08d9-8097-4848-b213-149598195fbc] Notify connected event to listeners.
10:47:28:751  INFO 9372 --- [main] com.alibaba.nacos.common.remote.client   : [0bca08d9-8097-4848-b213-149598195fbc] Register server push request handler:com.alibaba.nacos.common.remote.client.RpcClient$$Lambda/0x00000235177a1d08
10:47:28:753  INFO 9372 --- [com.alibaba.nacos.client.remote.worker] com.alibaba.nacos.client.naming          : Grpc connection connect
10:47:28:758  INFO 9372 --- [main] com.alibaba.nacos.client.naming          : [REGISTER-SERVICE] ticket registering service sessions-service with instance Instance{instanceId='null', ip='192.168.162.1', port=8083, weight=1.0, healthy=true, enabled=true, ephemeral=true, clusterName='DEFAULT', serviceName='null', metadata={IPv6=null, preserved.register.source=SPRING_CLOUD}}
10:47:28:780  INFO 9372 --- [main] c.a.c.n.registry.NacosServiceRegistry    : nacos registry, DEFAULT_GROUP sessions-service 192.168.162.1:8083 register finished
10:47:28:794  INFO 9372 --- [main] c.example.sessions.SessionApplication    : Started SessionApplication in 4.887 seconds (process running for 6.134)
10:47:32:737  INFO 9372 --- [http-nio-8083-exec-1] o.a.c.c.C.[Tomcat].[localhost].[/]       : Initializing Spring DispatcherServlet 'dispatcherServlet'
10:47:32:737  INFO 9372 --- [http-nio-8083-exec-1] o.s.web.servlet.DispatcherServlet        : Initializing Servlet 'dispatcherServlet'
10:47:32:741  INFO 9372 --- [http-nio-8083-exec-1] o.s.web.servlet.DispatcherServlet        : Completed initialization in 4 ms
10:47:32:857  INFO 9372 --- [http-nio-8083-exec-1] com.zaxxer.hikari.HikariDataSource       : HikariPool-1 - Starting...
10:47:33:457  INFO 9372 --- [http-nio-8083-exec-1] com.zaxxer.hikari.pool.HikariPool        : HikariPool-1 - Added connection com.mysql.cj.jdbc.ConnectionImpl@4c38412c
10:47:33:459  INFO 9372 --- [http-nio-8083-exec-1] com.zaxxer.hikari.HikariDataSource       : HikariPool-1 - Start completed.
10:47:33:471 DEBUG 9372 --- [http-nio-8083-exec-1] c.e.s.mapper.SeatMapper.getAllSeats      : ==>  Preparing: SELECT * FROM seat WHERE hall_id = ?
10:47:33:513 DEBUG 9372 --- [http-nio-8083-exec-1] c.e.s.mapper.SeatMapper.getAllSeats      : ==> Parameters: 4094c0c5-7ad9-4eb4-9458-83a22e4bbe1e(String)
10:47:33:560 DEBUG 9372 --- [http-nio-8083-exec-1] c.e.s.mapper.SeatMapper.getAllSeats      : <==      Total: 30
10:56:16:474  WARN 8796 --- [main] c.a.nacos.client.logging.NacosLogging    : Load Logback Configuration of Nacos fail, message: Could not initialize Logback Nacos logging from classpath:nacos-logback.xml
10:56:16:557  WARN 8796 --- [main] c.a.nacos.client.logging.NacosLogging    : Load Logback Configuration of Nacos fail, message: Could not initialize Logback Nacos logging from classpath:nacos-logback.xml
10:56:16:570  INFO 8796 --- [main] c.example.sessions.SessionApplication    : Starting SessionApplication using Java 21.0.1 with PID 8796 (E:\ticketManage\sessions-service\target\classes started by 19073 in E:\ticketManage)
10:56:16:571 DEBUG 8796 --- [main] c.example.sessions.SessionApplication    : Running with Spring Boot v3.0.2, Spring v6.0.4
10:56:16:573  INFO 8796 --- [main] c.example.sessions.SessionApplication    : No active profile set, falling back to 1 default profile: "default"
10:56:17:997  INFO 8796 --- [main] o.s.cloud.context.scope.GenericScope     : BeanFactory id=28caae41-fa6b-37d7-b448-072dc2f3adb2
10:56:18:256  INFO 8796 --- [main] trationDelegate$BeanPostProcessorChecker : Bean 'org.springframework.cloud.client.loadbalancer.reactive.LoadBalancerBeanPostProcessorAutoConfiguration' of type [org.springframework.cloud.client.loadbalancer.reactive.LoadBalancerBeanPostProcessorAutoConfiguration] is not eligible for getting processed by all BeanPostProcessors (for example: not eligible for auto-proxying)
10:56:18:257  INFO 8796 --- [main] trationDelegate$BeanPostProcessorChecker : Bean 'org.springframework.cloud.client.loadbalancer.reactive.LoadBalancerBeanPostProcessorAutoConfiguration$ReactorDeferringLoadBalancerFilterConfig' of type [org.springframework.cloud.client.loadbalancer.reactive.LoadBalancerBeanPostProcessorAutoConfiguration$ReactorDeferringLoadBalancerFilterConfig] is not eligible for getting processed by all BeanPostProcessors (for example: not eligible for auto-proxying)
10:56:18:258  INFO 8796 --- [main] trationDelegate$BeanPostProcessorChecker : Bean 'reactorDeferringLoadBalancerExchangeFilterFunction' of type [org.springframework.cloud.client.loadbalancer.reactive.DeferringLoadBalancerExchangeFilterFunction] is not eligible for getting processed by all BeanPostProcessors (for example: not eligible for auto-proxying)
10:56:18:523  INFO 8796 --- [main] o.s.b.w.embedded.tomcat.TomcatWebServer  : Tomcat initialized with port(s): 8083 (http)
10:56:18:534  INFO 8796 --- [main] o.apache.catalina.core.StandardService   : Starting service [Tomcat]
10:56:18:534  INFO 8796 --- [main] o.apache.catalina.core.StandardEngine    : Starting Servlet engine: [Apache Tomcat/10.1.5]
10:56:18:646  INFO 8796 --- [main] o.a.c.c.C.[Tomcat].[localhost].[/]       : Initializing Spring embedded WebApplicationContext
10:56:18:647  INFO 8796 --- [main] w.s.c.ServletWebServerApplicationContext : Root WebApplicationContext: initialization completed in 1989 ms
10:56:19:236  INFO 8796 --- [main] o.s.c.openfeign.FeignClientFactoryBean   : For 'film-service' URL not provided. Will try picking an instance via load-balancing.
10:56:20:510  WARN 8796 --- [main] iguration$LoadBalancerCaffeineWarnLogger : Spring Cloud LoadBalancer is currently working with the default cache. While this cache implementation is useful for development and tests, it's recommended to use Caffeine cache in production.You can switch to using Caffeine cache, by adding it and org.springframework.cache.caffeine.CaffeineCacheManager to the classpath.
10:56:20:591  INFO 8796 --- [main] o.s.b.w.embedded.tomcat.TomcatWebServer  : Tomcat started on port(s): 8083 (http) with context path ''
10:56:20:599  WARN 8796 --- [main] c.a.nacos.client.logging.NacosLogging    : Load Logback Configuration of Nacos fail, message: Could not initialize Logback Nacos logging from classpath:nacos-logback.xml
10:56:20:599  INFO 8796 --- [main] com.alibaba.nacos.client.naming          : initializer namespace from ans.namespace attribute : null
10:56:20:600  INFO 8796 --- [main] com.alibaba.nacos.client.naming          : initializer namespace from ALIBABA_ALIWARE_NAMESPACE attribute :null
10:56:20:600  INFO 8796 --- [main] com.alibaba.nacos.client.naming          : initializer namespace from namespace attribute :null
10:56:20:623  INFO 8796 --- [main] c.alibaba.nacos.client.utils.ParamUtil   : [settings] [req-serv] nacos-server port:8848
10:56:20:623  INFO 8796 --- [main] c.alibaba.nacos.client.utils.ParamUtil   : [settings] [http-client] connect timeout:1000
10:56:20:624  INFO 8796 --- [main] c.alibaba.nacos.client.utils.ParamUtil   : PER_TASK_CONFIG_SIZE: 3000.0
10:56:20:627  INFO 8796 --- [main] c.a.n.p.a.s.c.ClientAuthPluginManager    : [ClientAuthPluginManager] Load ClientAuthService com.alibaba.nacos.client.auth.impl.NacosClientAuthServiceImpl success.
10:56:20:627  INFO 8796 --- [main] c.a.n.p.a.s.c.ClientAuthPluginManager    : [ClientAuthPluginManager] Load ClientAuthService com.alibaba.nacos.client.auth.ram.RamClientAuthServiceImpl success.
10:56:20:629  INFO 8796 --- [main] c.a.n.c.a.r.identify.CredentialWatcher   : null No credential found
10:56:20:638  INFO 8796 --- [main] com.alibaba.nacos.common.remote.client   : [RpcClientFactory] create a new rpc client of c88f97d4-18d0-4733-bc4c-4391d20d8a43
10:56:20:654  INFO 8796 --- [main] com.alibaba.nacos.common.remote.client   : [c88f97d4-18d0-4733-bc4c-4391d20d8a43] RpcClient init, ServerListFactory = com.alibaba.nacos.client.naming.core.ServerListManager
10:56:20:655  INFO 8796 --- [main] com.alibaba.nacos.common.remote.client   : [c88f97d4-18d0-4733-bc4c-4391d20d8a43] Registry connection listener to current client:com.alibaba.nacos.client.naming.remote.gprc.redo.NamingGrpcRedoService
10:56:20:655  INFO 8796 --- [main] com.alibaba.nacos.common.remote.client   : [c88f97d4-18d0-4733-bc4c-4391d20d8a43] Register server push request handler:com.alibaba.nacos.client.naming.remote.gprc.NamingPushRequestHandler
10:56:20:657  INFO 8796 --- [main] com.alibaba.nacos.common.remote.client   : [c88f97d4-18d0-4733-bc4c-4391d20d8a43] Try to connect to server on start up, server: {serverIp = '127.0.0.1', server main port = 8848}
10:56:20:687  INFO 8796 --- [main] c.a.n.c.remote.client.grpc.GrpcClient    : grpc client connection server:127.0.0.1 ip,serverPort:9848,grpcTslConfig:{"sslProvider":"OPENSSL","enableTls":false,"mutualAuthEnable":false,"trustAll":false}
10:56:21:564  INFO 8796 --- [main] com.alibaba.nacos.common.remote.client   : [c88f97d4-18d0-4733-bc4c-4391d20d8a43] Success to connect to server [127.0.0.1:8848] on start up, connectionId = 1730256981354_127.0.0.1_63958
10:56:21:570  INFO 8796 --- [main] com.alibaba.nacos.common.remote.client   : [c88f97d4-18d0-4733-bc4c-4391d20d8a43] Register server push request handler:com.alibaba.nacos.common.remote.client.RpcClient$ConnectResetRequestHandler
10:56:21:571  INFO 8796 --- [main] com.alibaba.nacos.common.remote.client   : [c88f97d4-18d0-4733-bc4c-4391d20d8a43] Register server push request handler:com.alibaba.nacos.common.remote.client.RpcClient$$Lambda/0x0000023ccc7a1d08
10:56:21:572  INFO 8796 --- [com.alibaba.nacos.client.remote.worker] com.alibaba.nacos.common.remote.client   : [c88f97d4-18d0-4733-bc4c-4391d20d8a43] Notify connected event to listeners.
10:56:21:595  INFO 8796 --- [com.alibaba.nacos.client.remote.worker] com.alibaba.nacos.client.naming          : Grpc connection connect
10:56:21:597  INFO 8796 --- [main] com.alibaba.nacos.client.naming          : [REGISTER-SERVICE] ticket registering service sessions-service with instance Instance{instanceId='null', ip='192.168.162.1', port=8083, weight=1.0, healthy=true, enabled=true, ephemeral=true, clusterName='DEFAULT', serviceName='null', metadata={IPv6=null, preserved.register.source=SPRING_CLOUD}}
10:56:21:650  INFO 8796 --- [main] c.a.c.n.registry.NacosServiceRegistry    : nacos registry, DEFAULT_GROUP sessions-service 192.168.162.1:8083 register finished
10:56:21:663  INFO 8796 --- [main] c.example.sessions.SessionApplication    : Started SessionApplication in 5.829 seconds (process running for 6.991)
10:56:44:634  INFO 8796 --- [http-nio-8083-exec-1] o.a.c.c.C.[Tomcat].[localhost].[/]       : Initializing Spring DispatcherServlet 'dispatcherServlet'
10:56:44:635  INFO 8796 --- [http-nio-8083-exec-1] o.s.web.servlet.DispatcherServlet        : Initializing Servlet 'dispatcherServlet'
10:56:44:640  INFO 8796 --- [http-nio-8083-exec-1] o.s.web.servlet.DispatcherServlet        : Completed initialization in 5 ms
10:56:45:032  WARN 8796 --- [http-nio-8083-exec-3] ocalVariableTableParameterNameDiscoverer : Using deprecated '-debug' fallback for parameter name resolution. Compile the affected code with '-parameters' instead or avoid its introspection: com.example.sessions.controller.SessionController
10:56:45:135  WARN 8796 --- [http-nio-8083-exec-3] ocalVariableTableParameterNameDiscoverer : Using deprecated '-debug' fallback for parameter name resolution. Compile the affected code with '-parameters' instead or avoid its introspection: com.example.sessions.controller.HallController
10:56:45:159  WARN 8796 --- [http-nio-8083-exec-3] ocalVariableTableParameterNameDiscoverer : Using deprecated '-debug' fallback for parameter name resolution. Compile the affected code with '-parameters' instead or avoid its introspection: com.example.sessions.controller.SeatController
10:56:45:268  INFO 8796 --- [http-nio-8083-exec-3] o.springdoc.api.AbstractOpenApiResource  : Init duration for springdoc-openapi is: 464 ms
10:56:50:908  INFO 8796 --- [http-nio-8083-exec-7] com.zaxxer.hikari.HikariDataSource       : HikariPool-1 - Starting...
10:56:51:472  INFO 8796 --- [http-nio-8083-exec-7] com.zaxxer.hikari.pool.HikariPool        : HikariPool-1 - Added connection com.mysql.cj.jdbc.ConnectionImpl@61152ba0
10:56:51:475  INFO 8796 --- [http-nio-8083-exec-7] com.zaxxer.hikari.HikariDataSource       : HikariPool-1 - Start completed.
10:56:51:487 DEBUG 8796 --- [http-nio-8083-exec-7] c.e.s.mapper.SeatMapper.getAllSeats      : ==>  Preparing: SELECT * FROM seat WHERE hall_id = ? ORDER BY s_row, s_column
10:56:51:529 DEBUG 8796 --- [http-nio-8083-exec-7] c.e.s.mapper.SeatMapper.getAllSeats      : ==> Parameters: 4094c0c5-7ad9-4eb4-9458-83a22e4bbe1e(String)
10:56:51:604 DEBUG 8796 --- [http-nio-8083-exec-7] c.e.s.mapper.SeatMapper.getAllSeats      : <==      Total: 30
11:44:25:184 DEBUG 8796 --- [http-nio-8083-exec-9] c.e.s.mapper.SeatMapper.getAllSeats      : ==>  Preparing: SELECT * FROM seat WHERE hall_id = ? ORDER BY s_row, s_column
11:44:25:185 DEBUG 8796 --- [http-nio-8083-exec-9] c.e.s.mapper.SeatMapper.getAllSeats      : ==> Parameters: 4094c0c5-7ad9-4eb4-9458-83a22e4bbe1e(String)
11:44:25:196 DEBUG 8796 --- [http-nio-8083-exec-9] c.e.s.mapper.SeatMapper.getAllSeats      : <==      Total: 30
11:45:09:097  WARN 8796 --- [Thread-4] c.a.nacos.common.notify.NotifyCenter     : [NotifyCenter] Start destroying Publisher
11:45:09:097  WARN 8796 --- [Thread-7] c.a.n.common.http.HttpClientBeanHolder   : [HttpClientBeanHolder] Start destroying common HttpClient
11:45:09:097  WARN 8796 --- [Thread-4] c.a.nacos.common.notify.NotifyCenter     : [NotifyCenter] Destruction of the end
11:45:09:098  WARN 8796 --- [Thread-7] c.a.n.common.http.HttpClientBeanHolder   : [HttpClientBeanHolder] Destruction of the end
11:45:09:118  INFO 8796 --- [SpringApplicationShutdownHook] c.a.c.n.registry.NacosServiceRegistry    : De-registering from Nacos Server now...
11:45:09:119  INFO 8796 --- [SpringApplicationShutdownHook] com.alibaba.nacos.client.naming          : [DEREGISTER-SERVICE] ticket deregistering service sessions-service with instance: Instance{instanceId='null', ip='192.168.162.1', port=8083, weight=1.0, healthy=true, enabled=true, ephemeral=true, clusterName='DEFAULT', serviceName='null', metadata={}}
11:45:09:122  INFO 8796 --- [SpringApplicationShutdownHook] c.a.c.n.registry.NacosServiceRegistry    : De-registration finished.
11:45:09:123  INFO 8796 --- [SpringApplicationShutdownHook] com.alibaba.nacos.client.naming          : com.alibaba.nacos.client.naming.cache.ServiceInfoHolder do shutdown begin
11:45:09:123  INFO 8796 --- [SpringApplicationShutdownHook] com.alibaba.nacos.client.naming          : com.alibaba.nacos.client.naming.backups.FailoverReactor do shutdown begin
11:45:09:124  INFO 8796 --- [SpringApplicationShutdownHook] com.alibaba.nacos.client.naming          : com.alibaba.nacos.client.naming.backups.FailoverReactor do shutdown stop
11:45:09:124  INFO 8796 --- [SpringApplicationShutdownHook] com.alibaba.nacos.client.naming          : com.alibaba.nacos.client.naming.cache.ServiceInfoHolder do shutdown stop
11:45:09:124  INFO 8796 --- [SpringApplicationShutdownHook] com.alibaba.nacos.client.naming          : com.alibaba.nacos.client.naming.remote.NamingClientProxyDelegate do shutdown begin
11:45:09:124  INFO 8796 --- [SpringApplicationShutdownHook] com.alibaba.nacos.client.naming          : com.alibaba.nacos.client.naming.core.ServiceInfoUpdateService do shutdown begin
11:45:09:124  INFO 8796 --- [SpringApplicationShutdownHook] com.alibaba.nacos.client.naming          : com.alibaba.nacos.client.naming.core.ServiceInfoUpdateService do shutdown stop
11:45:09:124  INFO 8796 --- [SpringApplicationShutdownHook] com.alibaba.nacos.client.naming          : com.alibaba.nacos.client.naming.core.ServerListManager do shutdown begin
11:45:09:124  WARN 8796 --- [SpringApplicationShutdownHook] com.alibaba.nacos.client.naming          : [NamingHttpClientManager] Start destroying NacosRestTemplate
11:45:09:124  WARN 8796 --- [SpringApplicationShutdownHook] com.alibaba.nacos.client.naming          : [NamingHttpClientManager] Destruction of the end
11:45:09:124  INFO 8796 --- [SpringApplicationShutdownHook] com.alibaba.nacos.client.naming          : com.alibaba.nacos.client.naming.core.ServerListManager do shutdown stop
11:45:09:124  INFO 8796 --- [SpringApplicationShutdownHook] com.alibaba.nacos.client.naming          : com.alibaba.nacos.client.naming.remote.http.NamingHttpClientProxy do shutdown begin
11:45:09:124  WARN 8796 --- [SpringApplicationShutdownHook] com.alibaba.nacos.client.naming          : [NamingHttpClientManager] Start destroying NacosRestTemplate
11:45:09:124  WARN 8796 --- [SpringApplicationShutdownHook] com.alibaba.nacos.client.naming          : [NamingHttpClientManager] Destruction of the end
11:45:09:125  INFO 8796 --- [SpringApplicationShutdownHook] com.alibaba.nacos.client.naming          : com.alibaba.nacos.client.naming.remote.http.NamingHttpClientProxy do shutdown stop
11:45:09:125  INFO 8796 --- [SpringApplicationShutdownHook] com.alibaba.nacos.common.remote.client   : Shutdown rpc client, set status to shutdown
11:45:09:125  INFO 8796 --- [SpringApplicationShutdownHook] com.alibaba.nacos.common.remote.client   : Shutdown client event executor java.util.concurrent.ScheduledThreadPoolExecutor@b144175[Running, pool size = 2, active threads = 2, queued tasks = 0, completed tasks = 0]
11:45:09:125  INFO 8796 --- [SpringApplicationShutdownHook] com.alibaba.nacos.common.remote.client   : Close current connection 1730256981354_127.0.0.1_63958
11:45:09:127  INFO 8796 --- [SpringApplicationShutdownHook] c.a.n.c.remote.client.grpc.GrpcClient    : Shutdown grpc executor java.util.concurrent.ThreadPoolExecutor@3e0855b0[Running, pool size = 3, active threads = 0, queued tasks = 0, completed tasks = 660]
11:45:09:127  INFO 8796 --- [SpringApplicationShutdownHook] com.alibaba.nacos.client.naming          : Shutdown grpc redo service executor java.util.concurrent.ScheduledThreadPoolExecutor@13d10057[Running, pool size = 1, active threads = 0, queued tasks = 1, completed tasks = 973]
11:45:09:128  INFO 8796 --- [SpringApplicationShutdownHook] c.a.n.c.a.r.identify.CredentialWatcher   : [null] CredentialWatcher is stopped
11:45:09:128  INFO 8796 --- [SpringApplicationShutdownHook] c.a.n.c.a.r.identify.CredentialService   : [null] CredentialService is freed
11:45:09:128  INFO 8796 --- [SpringApplicationShutdownHook] com.alibaba.nacos.client.naming          : com.alibaba.nacos.client.naming.remote.NamingClientProxyDelegate do shutdown stop
11:45:09:134  INFO 8796 --- [SpringApplicationShutdownHook] com.zaxxer.hikari.HikariDataSource       : HikariPool-1 - Shutdown initiated...
11:45:09:148  INFO 8796 --- [SpringApplicationShutdownHook] com.zaxxer.hikari.HikariDataSource       : HikariPool-1 - Shutdown completed.
