10:42:06:623  WARN 2636 --- [main] c.a.nacos.client.logging.NacosLogging    : Load Logback Configuration of Nacos fail, message: Could not initialize Logback Nacos logging from classpath:nacos-logback.xml
10:42:06:714  WARN 2636 --- [main] c.a.nacos.client.logging.NacosLogging    : Load Logback Configuration of Nacos fail, message: Could not initialize Logback Nacos logging from classpath:nacos-logback.xml
10:42:06:722  INFO 2636 --- [main] com.example.user.UserApplication         : Starting UserApplication using Java 21.0.1 with PID 2636 (E:\ticketManage\user-service\target\classes started by 19073 in E:\ticketManage)
10:42:06:722 DEBUG 2636 --- [main] com.example.user.UserApplication         : Running with Spring Boot v3.0.2, Spring v6.0.4
10:42:06:723  INFO 2636 --- [main] com.example.user.UserApplication         : No active profile set, falling back to 1 default profile: "default"
10:42:07:861  INFO 2636 --- [main] .s.d.r.c.RepositoryConfigurationDelegate : Multiple Spring Data modules found, entering strict repository configuration mode
10:42:07:865  INFO 2636 --- [main] .s.d.r.c.RepositoryConfigurationDelegate : Bootstrapping Spring Data Redis repositories in DEFAULT mode.
10:42:07:914  INFO 2636 --- [main] .s.d.r.c.RepositoryConfigurationDelegate : Finished Spring Data repository scanning in 25 ms. Found 0 Redis repository interfaces.
10:42:08:193  INFO 2636 --- [main] o.s.cloud.context.scope.GenericScope     : BeanFactory id=86598bb0-9460-325f-9692-c6ac32df3a41
10:42:08:555  INFO 2636 --- [main] trationDelegate$BeanPostProcessorChecker : Bean 'org.springframework.cloud.client.loadbalancer.reactive.LoadBalancerBeanPostProcessorAutoConfiguration' of type [org.springframework.cloud.client.loadbalancer.reactive.LoadBalancerBeanPostProcessorAutoConfiguration] is not eligible for getting processed by all BeanPostProcessors (for example: not eligible for auto-proxying)
10:42:08:556  INFO 2636 --- [main] trationDelegate$BeanPostProcessorChecker : Bean 'org.springframework.cloud.client.loadbalancer.reactive.LoadBalancerBeanPostProcessorAutoConfiguration$ReactorDeferringLoadBalancerFilterConfig' of type [org.springframework.cloud.client.loadbalancer.reactive.LoadBalancerBeanPostProcessorAutoConfiguration$ReactorDeferringLoadBalancerFilterConfig] is not eligible for getting processed by all BeanPostProcessors (for example: not eligible for auto-proxying)
10:42:08:558  INFO 2636 --- [main] trationDelegate$BeanPostProcessorChecker : Bean 'reactorDeferringLoadBalancerExchangeFilterFunction' of type [org.springframework.cloud.client.loadbalancer.reactive.DeferringLoadBalancerExchangeFilterFunction] is not eligible for getting processed by all BeanPostProcessors (for example: not eligible for auto-proxying)
10:42:08:917  INFO 2636 --- [main] o.s.b.w.embedded.tomcat.TomcatWebServer  : Tomcat initialized with port(s): 8081 (http)
10:42:08:928  INFO 2636 --- [main] o.apache.catalina.core.StandardService   : Starting service [Tomcat]
10:42:08:929  INFO 2636 --- [main] o.apache.catalina.core.StandardEngine    : Starting Servlet engine: [Apache Tomcat/10.1.5]
10:42:09:036  INFO 2636 --- [main] o.a.c.c.C.[Tomcat].[localhost].[/]       : Initializing Spring embedded WebApplicationContext
10:42:09:036  INFO 2636 --- [main] w.s.c.ServletWebServerApplicationContext : Root WebApplicationContext: initialization completed in 2263 ms
10:42:11:571  WARN 2636 --- [main] iguration$LoadBalancerCaffeineWarnLogger : Spring Cloud LoadBalancer is currently working with the default cache. While this cache implementation is useful for development and tests, it's recommended to use Caffeine cache in production.You can switch to using Caffeine cache, by adding it and org.springframework.cache.caffeine.CaffeineCacheManager to the classpath.
10:42:11:715  INFO 2636 --- [main] o.s.b.w.embedded.tomcat.TomcatWebServer  : Tomcat started on port(s): 8081 (http) with context path ''
10:42:11:729  WARN 2636 --- [main] c.a.nacos.client.logging.NacosLogging    : Load Logback Configuration of Nacos fail, message: Could not initialize Logback Nacos logging from classpath:nacos-logback.xml
10:42:11:729  INFO 2636 --- [main] com.alibaba.nacos.client.naming          : initializer namespace from ans.namespace attribute : null
10:42:11:730  INFO 2636 --- [main] com.alibaba.nacos.client.naming          : initializer namespace from ALIBABA_ALIWARE_NAMESPACE attribute :null
10:42:11:731  INFO 2636 --- [main] com.alibaba.nacos.client.naming          : initializer namespace from namespace attribute :null
10:42:11:769  INFO 2636 --- [main] c.alibaba.nacos.client.utils.ParamUtil   : [settings] [req-serv] nacos-server port:8848
10:42:11:769  INFO 2636 --- [main] c.alibaba.nacos.client.utils.ParamUtil   : [settings] [http-client] connect timeout:1000
10:42:11:771  INFO 2636 --- [main] c.alibaba.nacos.client.utils.ParamUtil   : PER_TASK_CONFIG_SIZE: 3000.0
10:42:11:780  INFO 2636 --- [main] c.a.n.p.a.s.c.ClientAuthPluginManager    : [ClientAuthPluginManager] Load ClientAuthService com.alibaba.nacos.client.auth.impl.NacosClientAuthServiceImpl success.
10:42:11:780  INFO 2636 --- [main] c.a.n.p.a.s.c.ClientAuthPluginManager    : [ClientAuthPluginManager] Load ClientAuthService com.alibaba.nacos.client.auth.ram.RamClientAuthServiceImpl success.
10:42:11:786  INFO 2636 --- [main] c.a.n.c.a.r.identify.CredentialWatcher   : null No credential found
10:42:11:805  INFO 2636 --- [main] com.alibaba.nacos.common.remote.client   : [RpcClientFactory] create a new rpc client of a1ebed02-4ab4-45c7-84c3-58b2c22d8bb2
10:42:11:834  INFO 2636 --- [main] com.alibaba.nacos.common.remote.client   : [a1ebed02-4ab4-45c7-84c3-58b2c22d8bb2] RpcClient init, ServerListFactory = com.alibaba.nacos.client.naming.core.ServerListManager
10:42:11:834  INFO 2636 --- [main] com.alibaba.nacos.common.remote.client   : [a1ebed02-4ab4-45c7-84c3-58b2c22d8bb2] Registry connection listener to current client:com.alibaba.nacos.client.naming.remote.gprc.redo.NamingGrpcRedoService
10:42:11:835  INFO 2636 --- [main] com.alibaba.nacos.common.remote.client   : [a1ebed02-4ab4-45c7-84c3-58b2c22d8bb2] Register server push request handler:com.alibaba.nacos.client.naming.remote.gprc.NamingPushRequestHandler
10:42:11:838  INFO 2636 --- [main] com.alibaba.nacos.common.remote.client   : [a1ebed02-4ab4-45c7-84c3-58b2c22d8bb2] Try to connect to server on start up, server: {serverIp = '127.0.0.1', server main port = 8848}
10:42:11:878  INFO 2636 --- [main] c.a.n.c.remote.client.grpc.GrpcClient    : grpc client connection server:127.0.0.1 ip,serverPort:9848,grpcTslConfig:{"sslProvider":"OPENSSL","enableTls":false,"mutualAuthEnable":false,"trustAll":false}
10:42:13:039  INFO 2636 --- [main] com.alibaba.nacos.common.remote.client   : [a1ebed02-4ab4-45c7-84c3-58b2c22d8bb2] Success to connect to server [127.0.0.1:8848] on start up, connectionId = 1730256132751_127.0.0.1_58237
10:42:13:040  INFO 2636 --- [main] com.alibaba.nacos.common.remote.client   : [a1ebed02-4ab4-45c7-84c3-58b2c22d8bb2] Register server push request handler:com.alibaba.nacos.common.remote.client.RpcClient$ConnectResetRequestHandler
10:42:13:040  INFO 2636 --- [com.alibaba.nacos.client.remote.worker] com.alibaba.nacos.common.remote.client   : [a1ebed02-4ab4-45c7-84c3-58b2c22d8bb2] Notify connected event to listeners.
10:42:13:041  INFO 2636 --- [com.alibaba.nacos.client.remote.worker] com.alibaba.nacos.client.naming          : Grpc connection connect
10:42:13:041  INFO 2636 --- [main] com.alibaba.nacos.common.remote.client   : [a1ebed02-4ab4-45c7-84c3-58b2c22d8bb2] Register server push request handler:com.alibaba.nacos.common.remote.client.RpcClient$$Lambda/0x0000018e178391b8
10:42:13:042  INFO 2636 --- [main] com.alibaba.nacos.client.naming          : [REGISTER-SERVICE] ticket registering service user-service with instance Instance{instanceId='null', ip='192.168.162.1', port=8081, weight=1.0, healthy=true, enabled=true, ephemeral=true, clusterName='DEFAULT', serviceName='null', metadata={IPv6=null, preserved.register.source=SPRING_CLOUD}}
10:42:13:105  INFO 2636 --- [main] c.a.c.n.registry.NacosServiceRegistry    : nacos registry, DEFAULT_GROUP user-service 192.168.162.1:8081 register finished
10:42:13:119  INFO 2636 --- [main] com.example.user.UserApplication         : Started UserApplication in 7.052 seconds (process running for 8.028)
10:44:41:482  WARN 2636 --- [Thread-4] c.a.nacos.common.notify.NotifyCenter     : [NotifyCenter] Start destroying Publisher
10:44:41:482  WARN 2636 --- [Thread-7] c.a.n.common.http.HttpClientBeanHolder   : [HttpClientBeanHolder] Start destroying common HttpClient
10:44:41:483  WARN 2636 --- [Thread-4] c.a.nacos.common.notify.NotifyCenter     : [NotifyCenter] Destruction of the end
10:44:41:484  WARN 2636 --- [Thread-7] c.a.n.common.http.HttpClientBeanHolder   : [HttpClientBeanHolder] Destruction of the end
10:44:41:510  INFO 2636 --- [SpringApplicationShutdownHook] c.a.c.n.registry.NacosServiceRegistry    : De-registering from Nacos Server now...
10:44:41:510  INFO 2636 --- [SpringApplicationShutdownHook] com.alibaba.nacos.client.naming          : [DEREGISTER-SERVICE] ticket deregistering service user-service with instance: Instance{instanceId='null', ip='192.168.162.1', port=8081, weight=1.0, healthy=true, enabled=true, ephemeral=true, clusterName='DEFAULT', serviceName='null', metadata={}}
10:44:41:530  INFO 2636 --- [SpringApplicationShutdownHook] c.a.c.n.registry.NacosServiceRegistry    : De-registration finished.
10:44:41:531  INFO 2636 --- [SpringApplicationShutdownHook] com.alibaba.nacos.client.naming          : com.alibaba.nacos.client.naming.cache.ServiceInfoHolder do shutdown begin
10:44:41:531  INFO 2636 --- [SpringApplicationShutdownHook] com.alibaba.nacos.client.naming          : com.alibaba.nacos.client.naming.backups.FailoverReactor do shutdown begin
10:44:41:532  INFO 2636 --- [SpringApplicationShutdownHook] com.alibaba.nacos.client.naming          : com.alibaba.nacos.client.naming.backups.FailoverReactor do shutdown stop
10:44:41:533  INFO 2636 --- [SpringApplicationShutdownHook] com.alibaba.nacos.client.naming          : com.alibaba.nacos.client.naming.cache.ServiceInfoHolder do shutdown stop
10:44:41:533  INFO 2636 --- [SpringApplicationShutdownHook] com.alibaba.nacos.client.naming          : com.alibaba.nacos.client.naming.remote.NamingClientProxyDelegate do shutdown begin
10:44:41:533  INFO 2636 --- [SpringApplicationShutdownHook] com.alibaba.nacos.client.naming          : com.alibaba.nacos.client.naming.core.ServiceInfoUpdateService do shutdown begin
10:44:41:533  INFO 2636 --- [SpringApplicationShutdownHook] com.alibaba.nacos.client.naming          : com.alibaba.nacos.client.naming.core.ServiceInfoUpdateService do shutdown stop
10:44:41:534  INFO 2636 --- [SpringApplicationShutdownHook] com.alibaba.nacos.client.naming          : com.alibaba.nacos.client.naming.core.ServerListManager do shutdown begin
10:44:41:535  WARN 2636 --- [SpringApplicationShutdownHook] com.alibaba.nacos.client.naming          : [NamingHttpClientManager] Start destroying NacosRestTemplate
10:44:41:535  WARN 2636 --- [SpringApplicationShutdownHook] com.alibaba.nacos.client.naming          : [NamingHttpClientManager] Destruction of the end
10:44:41:535  INFO 2636 --- [SpringApplicationShutdownHook] com.alibaba.nacos.client.naming          : com.alibaba.nacos.client.naming.core.ServerListManager do shutdown stop
10:44:41:535  INFO 2636 --- [SpringApplicationShutdownHook] com.alibaba.nacos.client.naming          : com.alibaba.nacos.client.naming.remote.http.NamingHttpClientProxy do shutdown begin
10:44:41:536  WARN 2636 --- [SpringApplicationShutdownHook] com.alibaba.nacos.client.naming          : [NamingHttpClientManager] Start destroying NacosRestTemplate
10:44:41:536  WARN 2636 --- [SpringApplicationShutdownHook] com.alibaba.nacos.client.naming          : [NamingHttpClientManager] Destruction of the end
10:44:41:536  INFO 2636 --- [SpringApplicationShutdownHook] com.alibaba.nacos.client.naming          : com.alibaba.nacos.client.naming.remote.http.NamingHttpClientProxy do shutdown stop
10:44:41:536  INFO 2636 --- [SpringApplicationShutdownHook] com.alibaba.nacos.common.remote.client   : Shutdown rpc client, set status to shutdown
10:44:41:536  INFO 2636 --- [SpringApplicationShutdownHook] com.alibaba.nacos.common.remote.client   : Shutdown client event executor java.util.concurrent.ScheduledThreadPoolExecutor@5af4328e[Running, pool size = 2, active threads = 2, queued tasks = 0, completed tasks = 0]
10:44:41:537  INFO 2636 --- [SpringApplicationShutdownHook] com.alibaba.nacos.common.remote.client   : Close current connection 1730256132751_127.0.0.1_58237
10:44:41:545  INFO 2636 --- [nacos-grpc-client-executor-127.0.0.1-59] c.a.n.c.remote.client.grpc.GrpcClient    : [1730256132751_127.0.0.1_58237]Ignore complete event,isRunning:false,isAbandon=false
10:44:41:550  INFO 2636 --- [SpringApplicationShutdownHook] c.a.n.c.remote.client.grpc.GrpcClient    : Shutdown grpc executor java.util.concurrent.ThreadPoolExecutor@3ce7a354[Running, pool size = 7, active threads = 0, queued tasks = 0, completed tasks = 60]
10:44:41:550  INFO 2636 --- [SpringApplicationShutdownHook] com.alibaba.nacos.client.naming          : Shutdown grpc redo service executor java.util.concurrent.ScheduledThreadPoolExecutor@50013a15[Running, pool size = 1, active threads = 0, queued tasks = 1, completed tasks = 49]
10:44:41:551  INFO 2636 --- [SpringApplicationShutdownHook] c.a.n.c.a.r.identify.CredentialWatcher   : [null] CredentialWatcher is stopped
10:44:41:552  INFO 2636 --- [SpringApplicationShutdownHook] c.a.n.c.a.r.identify.CredentialService   : [null] CredentialService is freed
10:44:41:552  INFO 2636 --- [SpringApplicationShutdownHook] com.alibaba.nacos.client.naming          : com.alibaba.nacos.client.naming.remote.NamingClientProxyDelegate do shutdown stop
10:44:47:779  WARN 9676 --- [main] c.a.nacos.client.logging.NacosLogging    : Load Logback Configuration of Nacos fail, message: Could not initialize Logback Nacos logging from classpath:nacos-logback.xml
10:44:47:853  WARN 9676 --- [main] c.a.nacos.client.logging.NacosLogging    : Load Logback Configuration of Nacos fail, message: Could not initialize Logback Nacos logging from classpath:nacos-logback.xml
10:44:47:865  INFO 9676 --- [main] com.example.user.UserApplication         : Starting UserApplication using Java 21.0.1 with PID 9676 (E:\ticketManage\user-service\target\classes started by 19073 in E:\ticketManage)
10:44:47:865 DEBUG 9676 --- [main] com.example.user.UserApplication         : Running with Spring Boot v3.0.2, Spring v6.0.4
10:44:47:866  INFO 9676 --- [main] com.example.user.UserApplication         : No active profile set, falling back to 1 default profile: "default"
10:44:49:076  INFO 9676 --- [main] .s.d.r.c.RepositoryConfigurationDelegate : Multiple Spring Data modules found, entering strict repository configuration mode
10:44:49:081  INFO 9676 --- [main] .s.d.r.c.RepositoryConfigurationDelegate : Bootstrapping Spring Data Redis repositories in DEFAULT mode.
10:44:49:126  INFO 9676 --- [main] .s.d.r.c.RepositoryConfigurationDelegate : Finished Spring Data repository scanning in 24 ms. Found 0 Redis repository interfaces.
10:44:49:511  INFO 9676 --- [main] o.s.cloud.context.scope.GenericScope     : BeanFactory id=86598bb0-9460-325f-9692-c6ac32df3a41
10:44:49:813  INFO 9676 --- [main] trationDelegate$BeanPostProcessorChecker : Bean 'org.springframework.cloud.client.loadbalancer.reactive.LoadBalancerBeanPostProcessorAutoConfiguration' of type [org.springframework.cloud.client.loadbalancer.reactive.LoadBalancerBeanPostProcessorAutoConfiguration] is not eligible for getting processed by all BeanPostProcessors (for example: not eligible for auto-proxying)
10:44:49:814  INFO 9676 --- [main] trationDelegate$BeanPostProcessorChecker : Bean 'org.springframework.cloud.client.loadbalancer.reactive.LoadBalancerBeanPostProcessorAutoConfiguration$ReactorDeferringLoadBalancerFilterConfig' of type [org.springframework.cloud.client.loadbalancer.reactive.LoadBalancerBeanPostProcessorAutoConfiguration$ReactorDeferringLoadBalancerFilterConfig] is not eligible for getting processed by all BeanPostProcessors (for example: not eligible for auto-proxying)
10:44:49:816  INFO 9676 --- [main] trationDelegate$BeanPostProcessorChecker : Bean 'reactorDeferringLoadBalancerExchangeFilterFunction' of type [org.springframework.cloud.client.loadbalancer.reactive.DeferringLoadBalancerExchangeFilterFunction] is not eligible for getting processed by all BeanPostProcessors (for example: not eligible for auto-proxying)
10:44:50:107  INFO 9676 --- [main] o.s.b.w.embedded.tomcat.TomcatWebServer  : Tomcat initialized with port(s): 8081 (http)
10:44:50:117  INFO 9676 --- [main] o.apache.catalina.core.StandardService   : Starting service [Tomcat]
10:44:50:117  INFO 9676 --- [main] o.apache.catalina.core.StandardEngine    : Starting Servlet engine: [Apache Tomcat/10.1.5]
10:44:50:226  INFO 9676 --- [main] o.a.c.c.C.[Tomcat].[localhost].[/]       : Initializing Spring embedded WebApplicationContext
10:44:50:226  INFO 9676 --- [main] w.s.c.ServletWebServerApplicationContext : Root WebApplicationContext: initialization completed in 2286 ms
10:44:52:206  WARN 9676 --- [main] iguration$LoadBalancerCaffeineWarnLogger : Spring Cloud LoadBalancer is currently working with the default cache. While this cache implementation is useful for development and tests, it's recommended to use Caffeine cache in production.You can switch to using Caffeine cache, by adding it and org.springframework.cache.caffeine.CaffeineCacheManager to the classpath.
10:44:52:309  INFO 9676 --- [main] o.s.b.w.embedded.tomcat.TomcatWebServer  : Tomcat started on port(s): 8081 (http) with context path ''
10:44:52:322  WARN 9676 --- [main] c.a.nacos.client.logging.NacosLogging    : Load Logback Configuration of Nacos fail, message: Could not initialize Logback Nacos logging from classpath:nacos-logback.xml
10:44:52:322  INFO 9676 --- [main] com.alibaba.nacos.client.naming          : initializer namespace from ans.namespace attribute : null
10:44:52:323  INFO 9676 --- [main] com.alibaba.nacos.client.naming          : initializer namespace from ALIBABA_ALIWARE_NAMESPACE attribute :null
10:44:52:324  INFO 9676 --- [main] com.alibaba.nacos.client.naming          : initializer namespace from namespace attribute :null
10:44:52:347  INFO 9676 --- [main] c.alibaba.nacos.client.utils.ParamUtil   : [settings] [req-serv] nacos-server port:8848
10:44:52:348  INFO 9676 --- [main] c.alibaba.nacos.client.utils.ParamUtil   : [settings] [http-client] connect timeout:1000
10:44:52:349  INFO 9676 --- [main] c.alibaba.nacos.client.utils.ParamUtil   : PER_TASK_CONFIG_SIZE: 3000.0
10:44:52:353  INFO 9676 --- [main] c.a.n.p.a.s.c.ClientAuthPluginManager    : [ClientAuthPluginManager] Load ClientAuthService com.alibaba.nacos.client.auth.impl.NacosClientAuthServiceImpl success.
10:44:52:354  INFO 9676 --- [main] c.a.n.p.a.s.c.ClientAuthPluginManager    : [ClientAuthPluginManager] Load ClientAuthService com.alibaba.nacos.client.auth.ram.RamClientAuthServiceImpl success.
10:44:52:357  INFO 9676 --- [main] c.a.n.c.a.r.identify.CredentialWatcher   : null No credential found
10:44:52:367  INFO 9676 --- [main] com.alibaba.nacos.common.remote.client   : [RpcClientFactory] create a new rpc client of f47a3442-742b-410f-9ddc-29f9598455e8
10:44:52:386  INFO 9676 --- [main] com.alibaba.nacos.common.remote.client   : [f47a3442-742b-410f-9ddc-29f9598455e8] RpcClient init, ServerListFactory = com.alibaba.nacos.client.naming.core.ServerListManager
10:44:52:386  INFO 9676 --- [main] com.alibaba.nacos.common.remote.client   : [f47a3442-742b-410f-9ddc-29f9598455e8] Registry connection listener to current client:com.alibaba.nacos.client.naming.remote.gprc.redo.NamingGrpcRedoService
10:44:52:387  INFO 9676 --- [main] com.alibaba.nacos.common.remote.client   : [f47a3442-742b-410f-9ddc-29f9598455e8] Register server push request handler:com.alibaba.nacos.client.naming.remote.gprc.NamingPushRequestHandler
10:44:52:389  INFO 9676 --- [main] com.alibaba.nacos.common.remote.client   : [f47a3442-742b-410f-9ddc-29f9598455e8] Try to connect to server on start up, server: {serverIp = '127.0.0.1', server main port = 8848}
10:44:52:421  INFO 9676 --- [main] c.a.n.c.remote.client.grpc.GrpcClient    : grpc client connection server:127.0.0.1 ip,serverPort:9848,grpcTslConfig:{"sslProvider":"OPENSSL","enableTls":false,"mutualAuthEnable":false,"trustAll":false}
10:44:53:127  INFO 9676 --- [main] com.alibaba.nacos.common.remote.client   : [f47a3442-742b-410f-9ddc-29f9598455e8] Success to connect to server [127.0.0.1:8848] on start up, connectionId = 1730256292921_127.0.0.1_54070
10:44:53:128  INFO 9676 --- [com.alibaba.nacos.client.remote.worker] com.alibaba.nacos.common.remote.client   : [f47a3442-742b-410f-9ddc-29f9598455e8] Notify connected event to listeners.
10:44:53:129  INFO 9676 --- [com.alibaba.nacos.client.remote.worker] com.alibaba.nacos.client.naming          : Grpc connection connect
10:44:53:129  INFO 9676 --- [main] com.alibaba.nacos.common.remote.client   : [f47a3442-742b-410f-9ddc-29f9598455e8] Register server push request handler:com.alibaba.nacos.common.remote.client.RpcClient$ConnectResetRequestHandler
10:44:53:130  INFO 9676 --- [main] com.alibaba.nacos.common.remote.client   : [f47a3442-742b-410f-9ddc-29f9598455e8] Register server push request handler:com.alibaba.nacos.common.remote.client.RpcClient$$Lambda/0x0000025d2481dd28
10:44:53:131  INFO 9676 --- [main] com.alibaba.nacos.client.naming          : [REGISTER-SERVICE] ticket registering service user-service with instance Instance{instanceId='null', ip='192.168.162.1', port=8081, weight=1.0, healthy=true, enabled=true, ephemeral=true, clusterName='DEFAULT', serviceName='null', metadata={IPv6=null, preserved.register.source=SPRING_CLOUD}}
10:44:53:149  INFO 9676 --- [main] c.a.c.n.registry.NacosServiceRegistry    : nacos registry, DEFAULT_GROUP user-service 192.168.162.1:8081 register finished
10:44:53:162  INFO 9676 --- [main] com.example.user.UserApplication         : Started UserApplication in 5.976 seconds (process running for 7.128)
11:24:33:463  WARN 3116 --- [main] c.a.nacos.client.logging.NacosLogging    : Load Logback Configuration of Nacos fail, message: Could not initialize Logback Nacos logging from classpath:nacos-logback.xml
11:24:33:542  WARN 3116 --- [main] c.a.nacos.client.logging.NacosLogging    : Load Logback Configuration of Nacos fail, message: Could not initialize Logback Nacos logging from classpath:nacos-logback.xml
11:24:33:558  INFO 3116 --- [main] com.example.user.UserApplication         : Starting UserApplication using Java 21.0.1 with PID 3116 (E:\ticketManage\user-service\target\classes started by 19073 in E:\ticketManage)
11:24:33:559 DEBUG 3116 --- [main] com.example.user.UserApplication         : Running with Spring Boot v3.0.2, Spring v6.0.4
11:24:33:560  INFO 3116 --- [main] com.example.user.UserApplication         : No active profile set, falling back to 1 default profile: "default"
11:24:34:985  INFO 3116 --- [main] .s.d.r.c.RepositoryConfigurationDelegate : Multiple Spring Data modules found, entering strict repository configuration mode
11:24:34:990  INFO 3116 --- [main] .s.d.r.c.RepositoryConfigurationDelegate : Bootstrapping Spring Data Redis repositories in DEFAULT mode.
11:24:35:052  INFO 3116 --- [main] .s.d.r.c.RepositoryConfigurationDelegate : Finished Spring Data repository scanning in 30 ms. Found 0 Redis repository interfaces.
11:24:35:633  INFO 3116 --- [main] o.s.cloud.context.scope.GenericScope     : BeanFactory id=86598bb0-9460-325f-9692-c6ac32df3a41
11:24:36:101  INFO 3116 --- [main] trationDelegate$BeanPostProcessorChecker : Bean 'org.springframework.cloud.client.loadbalancer.reactive.LoadBalancerBeanPostProcessorAutoConfiguration' of type [org.springframework.cloud.client.loadbalancer.reactive.LoadBalancerBeanPostProcessorAutoConfiguration] is not eligible for getting processed by all BeanPostProcessors (for example: not eligible for auto-proxying)
11:24:36:103  INFO 3116 --- [main] trationDelegate$BeanPostProcessorChecker : Bean 'org.springframework.cloud.client.loadbalancer.reactive.LoadBalancerBeanPostProcessorAutoConfiguration$ReactorDeferringLoadBalancerFilterConfig' of type [org.springframework.cloud.client.loadbalancer.reactive.LoadBalancerBeanPostProcessorAutoConfiguration$ReactorDeferringLoadBalancerFilterConfig] is not eligible for getting processed by all BeanPostProcessors (for example: not eligible for auto-proxying)
11:24:36:106  INFO 3116 --- [main] trationDelegate$BeanPostProcessorChecker : Bean 'reactorDeferringLoadBalancerExchangeFilterFunction' of type [org.springframework.cloud.client.loadbalancer.reactive.DeferringLoadBalancerExchangeFilterFunction] is not eligible for getting processed by all BeanPostProcessors (for example: not eligible for auto-proxying)
11:24:36:517  INFO 3116 --- [main] o.s.b.w.embedded.tomcat.TomcatWebServer  : Tomcat initialized with port(s): 8081 (http)
11:24:36:534  INFO 3116 --- [main] o.apache.catalina.core.StandardService   : Starting service [Tomcat]
11:24:36:535  INFO 3116 --- [main] o.apache.catalina.core.StandardEngine    : Starting Servlet engine: [Apache Tomcat/10.1.5]
11:24:36:694  INFO 3116 --- [main] o.a.c.c.C.[Tomcat].[localhost].[/]       : Initializing Spring embedded WebApplicationContext
11:24:36:695  INFO 3116 --- [main] w.s.c.ServletWebServerApplicationContext : Root WebApplicationContext: initialization completed in 3053 ms
11:24:39:692  WARN 3116 --- [main] iguration$LoadBalancerCaffeineWarnLogger : Spring Cloud LoadBalancer is currently working with the default cache. While this cache implementation is useful for development and tests, it's recommended to use Caffeine cache in production.You can switch to using Caffeine cache, by adding it and org.springframework.cache.caffeine.CaffeineCacheManager to the classpath.
11:24:39:906  INFO 3116 --- [main] o.s.b.w.embedded.tomcat.TomcatWebServer  : Tomcat started on port(s): 8081 (http) with context path ''
11:24:39:929  WARN 3116 --- [main] c.a.nacos.client.logging.NacosLogging    : Load Logback Configuration of Nacos fail, message: Could not initialize Logback Nacos logging from classpath:nacos-logback.xml
11:24:39:929  INFO 3116 --- [main] com.alibaba.nacos.client.naming          : initializer namespace from ans.namespace attribute : null
11:24:39:930  INFO 3116 --- [main] com.alibaba.nacos.client.naming          : initializer namespace from ALIBABA_ALIWARE_NAMESPACE attribute :null
11:24:39:931  INFO 3116 --- [main] com.alibaba.nacos.client.naming          : initializer namespace from namespace attribute :null
11:24:39:986  INFO 3116 --- [main] c.alibaba.nacos.client.utils.ParamUtil   : [settings] [req-serv] nacos-server port:8848
11:24:39:987  INFO 3116 --- [main] c.alibaba.nacos.client.utils.ParamUtil   : [settings] [http-client] connect timeout:1000
11:24:39:989  INFO 3116 --- [main] c.alibaba.nacos.client.utils.ParamUtil   : PER_TASK_CONFIG_SIZE: 3000.0
11:24:39:999  INFO 3116 --- [main] c.a.n.p.a.s.c.ClientAuthPluginManager    : [ClientAuthPluginManager] Load ClientAuthService com.alibaba.nacos.client.auth.impl.NacosClientAuthServiceImpl success.
11:24:39:999  INFO 3116 --- [main] c.a.n.p.a.s.c.ClientAuthPluginManager    : [ClientAuthPluginManager] Load ClientAuthService com.alibaba.nacos.client.auth.ram.RamClientAuthServiceImpl success.
11:24:40:006  INFO 3116 --- [main] c.a.n.c.a.r.identify.CredentialWatcher   : null No credential found
11:24:40:028  INFO 3116 --- [main] com.alibaba.nacos.common.remote.client   : [RpcClientFactory] create a new rpc client of f9fe9348-da68-4711-b0b7-4e5bf05c2143
11:24:40:118  INFO 3116 --- [main] com.alibaba.nacos.common.remote.client   : [f9fe9348-da68-4711-b0b7-4e5bf05c2143] RpcClient init, ServerListFactory = com.alibaba.nacos.client.naming.core.ServerListManager
11:24:40:118  INFO 3116 --- [main] com.alibaba.nacos.common.remote.client   : [f9fe9348-da68-4711-b0b7-4e5bf05c2143] Registry connection listener to current client:com.alibaba.nacos.client.naming.remote.gprc.redo.NamingGrpcRedoService
11:24:40:120  INFO 3116 --- [main] com.alibaba.nacos.common.remote.client   : [f9fe9348-da68-4711-b0b7-4e5bf05c2143] Register server push request handler:com.alibaba.nacos.client.naming.remote.gprc.NamingPushRequestHandler
11:24:40:129  INFO 3116 --- [main] com.alibaba.nacos.common.remote.client   : [f9fe9348-da68-4711-b0b7-4e5bf05c2143] Try to connect to server on start up, server: {serverIp = '127.0.0.1', server main port = 8848}
11:24:40:222  INFO 3116 --- [main] c.a.n.c.remote.client.grpc.GrpcClient    : grpc client connection server:127.0.0.1 ip,serverPort:9848,grpcTslConfig:{"sslProvider":"OPENSSL","enableTls":false,"mutualAuthEnable":false,"trustAll":false}
11:24:41:595  INFO 3116 --- [main] com.alibaba.nacos.common.remote.client   : [f9fe9348-da68-4711-b0b7-4e5bf05c2143] Success to connect to server [127.0.0.1:8848] on start up, connectionId = 1730258681299_127.0.0.1_64701
11:24:41:595  INFO 3116 --- [com.alibaba.nacos.client.remote.worker] com.alibaba.nacos.common.remote.client   : [f9fe9348-da68-4711-b0b7-4e5bf05c2143] Notify connected event to listeners.
11:24:41:595  INFO 3116 --- [com.alibaba.nacos.client.remote.worker] com.alibaba.nacos.client.naming          : Grpc connection connect
11:24:41:595  INFO 3116 --- [main] com.alibaba.nacos.common.remote.client   : [f9fe9348-da68-4711-b0b7-4e5bf05c2143] Register server push request handler:com.alibaba.nacos.common.remote.client.RpcClient$ConnectResetRequestHandler
11:24:41:595  INFO 3116 --- [main] com.alibaba.nacos.common.remote.client   : [f9fe9348-da68-4711-b0b7-4e5bf05c2143] Register server push request handler:com.alibaba.nacos.common.remote.client.RpcClient$$Lambda/0x000002132d81b068
11:24:41:595  INFO 3116 --- [main] com.alibaba.nacos.client.naming          : [REGISTER-SERVICE] ticket registering service user-service with instance Instance{instanceId='null', ip='192.168.162.1', port=8081, weight=1.0, healthy=true, enabled=true, ephemeral=true, clusterName='DEFAULT', serviceName='null', metadata={IPv6=null, preserved.register.source=SPRING_CLOUD}}
11:24:41:635  INFO 3116 --- [main] c.a.c.n.registry.NacosServiceRegistry    : nacos registry, DEFAULT_GROUP user-service 192.168.162.1:8081 register finished
11:24:41:659  INFO 3116 --- [main] com.example.user.UserApplication         : Started UserApplication in 8.791 seconds (process running for 10.086)
11:45:09:662  WARN 3116 --- [Thread-4] c.a.nacos.common.notify.NotifyCenter     : [NotifyCenter] Start destroying Publisher
11:45:09:664  WARN 3116 --- [Thread-7] c.a.n.common.http.HttpClientBeanHolder   : [HttpClientBeanHolder] Start destroying common HttpClient
11:45:09:664  WARN 3116 --- [Thread-4] c.a.nacos.common.notify.NotifyCenter     : [NotifyCenter] Destruction of the end
11:45:09:665  WARN 3116 --- [Thread-7] c.a.n.common.http.HttpClientBeanHolder   : [HttpClientBeanHolder] Destruction of the end
11:45:09:696  INFO 3116 --- [SpringApplicationShutdownHook] c.a.c.n.registry.NacosServiceRegistry    : De-registering from Nacos Server now...
11:45:09:696  INFO 3116 --- [SpringApplicationShutdownHook] com.alibaba.nacos.client.naming          : [DEREGISTER-SERVICE] ticket deregistering service user-service with instance: Instance{instanceId='null', ip='192.168.162.1', port=8081, weight=1.0, healthy=true, enabled=true, ephemeral=true, clusterName='DEFAULT', serviceName='null', metadata={}}
11:45:09:702  INFO 3116 --- [SpringApplicationShutdownHook] c.a.c.n.registry.NacosServiceRegistry    : De-registration finished.
11:45:09:704  INFO 3116 --- [SpringApplicationShutdownHook] com.alibaba.nacos.client.naming          : com.alibaba.nacos.client.naming.cache.ServiceInfoHolder do shutdown begin
11:45:09:705  INFO 3116 --- [SpringApplicationShutdownHook] com.alibaba.nacos.client.naming          : com.alibaba.nacos.client.naming.backups.FailoverReactor do shutdown begin
11:45:09:706  INFO 3116 --- [SpringApplicationShutdownHook] com.alibaba.nacos.client.naming          : com.alibaba.nacos.client.naming.backups.FailoverReactor do shutdown stop
11:45:09:707  INFO 3116 --- [SpringApplicationShutdownHook] com.alibaba.nacos.client.naming          : com.alibaba.nacos.client.naming.cache.ServiceInfoHolder do shutdown stop
11:45:09:707  INFO 3116 --- [SpringApplicationShutdownHook] com.alibaba.nacos.client.naming          : com.alibaba.nacos.client.naming.remote.NamingClientProxyDelegate do shutdown begin
11:45:09:708  INFO 3116 --- [SpringApplicationShutdownHook] com.alibaba.nacos.client.naming          : com.alibaba.nacos.client.naming.core.ServiceInfoUpdateService do shutdown begin
11:45:09:708  INFO 3116 --- [SpringApplicationShutdownHook] com.alibaba.nacos.client.naming          : com.alibaba.nacos.client.naming.core.ServiceInfoUpdateService do shutdown stop
11:45:09:708  INFO 3116 --- [SpringApplicationShutdownHook] com.alibaba.nacos.client.naming          : com.alibaba.nacos.client.naming.core.ServerListManager do shutdown begin
11:45:09:709  WARN 3116 --- [SpringApplicationShutdownHook] com.alibaba.nacos.client.naming          : [NamingHttpClientManager] Start destroying NacosRestTemplate
11:45:09:710  WARN 3116 --- [SpringApplicationShutdownHook] com.alibaba.nacos.client.naming          : [NamingHttpClientManager] Destruction of the end
11:45:09:710  INFO 3116 --- [SpringApplicationShutdownHook] com.alibaba.nacos.client.naming          : com.alibaba.nacos.client.naming.core.ServerListManager do shutdown stop
11:45:09:711  INFO 3116 --- [SpringApplicationShutdownHook] com.alibaba.nacos.client.naming          : com.alibaba.nacos.client.naming.remote.http.NamingHttpClientProxy do shutdown begin
11:45:09:711  WARN 3116 --- [SpringApplicationShutdownHook] com.alibaba.nacos.client.naming          : [NamingHttpClientManager] Start destroying NacosRestTemplate
11:45:09:711  WARN 3116 --- [SpringApplicationShutdownHook] com.alibaba.nacos.client.naming          : [NamingHttpClientManager] Destruction of the end
11:45:09:712  INFO 3116 --- [SpringApplicationShutdownHook] com.alibaba.nacos.client.naming          : com.alibaba.nacos.client.naming.remote.http.NamingHttpClientProxy do shutdown stop
11:45:09:712  INFO 3116 --- [SpringApplicationShutdownHook] com.alibaba.nacos.common.remote.client   : Shutdown rpc client, set status to shutdown
11:45:09:713  INFO 3116 --- [SpringApplicationShutdownHook] com.alibaba.nacos.common.remote.client   : Shutdown client event executor java.util.concurrent.ScheduledThreadPoolExecutor@6fe243a[Running, pool size = 2, active threads = 2, queued tasks = 0, completed tasks = 0]
11:45:09:713  INFO 3116 --- [SpringApplicationShutdownHook] com.alibaba.nacos.common.remote.client   : Close current connection 1730258681299_127.0.0.1_64701
11:45:09:718  INFO 3116 --- [nacos-grpc-client-executor-127.0.0.1-297] c.a.n.c.remote.client.grpc.GrpcClient    : [1730258681299_127.0.0.1_64701]Ignore complete event,isRunning:false,isAbandon=false
11:45:09:721  INFO 3116 --- [SpringApplicationShutdownHook] c.a.n.c.remote.client.grpc.GrpcClient    : Shutdown grpc executor java.util.concurrent.ThreadPoolExecutor@27682fa9[Running, pool size = 5, active threads = 0, queued tasks = 0, completed tasks = 298]
11:45:09:721  INFO 3116 --- [SpringApplicationShutdownHook] com.alibaba.nacos.client.naming          : Shutdown grpc redo service executor java.util.concurrent.ScheduledThreadPoolExecutor@618fb1[Running, pool size = 1, active threads = 0, queued tasks = 1, completed tasks = 408]
11:45:09:722  INFO 3116 --- [SpringApplicationShutdownHook] c.a.n.c.a.r.identify.CredentialWatcher   : [null] CredentialWatcher is stopped
11:45:09:723  INFO 3116 --- [SpringApplicationShutdownHook] c.a.n.c.a.r.identify.CredentialService   : [null] CredentialService is freed
11:45:09:724  INFO 3116 --- [SpringApplicationShutdownHook] com.alibaba.nacos.client.naming          : com.alibaba.nacos.client.naming.remote.NamingClientProxyDelegate do shutdown stop
